Using pre-set license
Built from '2021.3/staging' branch; Version is '2021.3.1f1 (3b70a0754835) revision 3895456'; Using compiler version '192829333'; Build Type 'Release'
OS: 'Windows 10  (10.0.19043) 64bit Core' Language: 'ko' Physical Memory: 32636 MB
BatchMode: 1, IsHumanControllingUs: 0, StartBugReporterOnCrash: 0, Is64bit: 1, IsPro: 1

COMMAND LINE ARGUMENTS:
D:\2021.3.1f1\Editor\Unity.exe
-adb2
-batchMode
-noUpm
-name
AssetImportWorker11
-projectPath
D:/Clone/mobile_init/mobile_initcopy
-logFile
Logs/AssetImportWorker11.log
-srvPort
56916
Successfully changed project path to: D:/Clone/mobile_init/mobile_initcopy
D:/Clone/mobile_init/mobile_initcopy
[UnityMemory] Configuration Parameters - Can be set up in boot.config
    "memorysetup-bucket-allocator-granularity=16"
    "memorysetup-bucket-allocator-bucket-count=8"
    "memorysetup-bucket-allocator-block-size=33554432"
    "memorysetup-bucket-allocator-block-count=8"
    "memorysetup-main-allocator-block-size=16777216"
    "memorysetup-thread-allocator-block-size=16777216"
    "memorysetup-gfx-main-allocator-block-size=16777216"
    "memorysetup-gfx-thread-allocator-block-size=16777216"
    "memorysetup-cache-allocator-block-size=4194304"
    "memorysetup-typetree-allocator-block-size=2097152"
    "memorysetup-profiler-bucket-allocator-granularity=16"
    "memorysetup-profiler-bucket-allocator-bucket-count=8"
    "memorysetup-profiler-bucket-allocator-block-size=33554432"
    "memorysetup-profiler-bucket-allocator-block-count=8"
    "memorysetup-profiler-allocator-block-size=16777216"
    "memorysetup-profiler-editor-allocator-block-size=1048576"
    "memorysetup-temp-allocator-size-main=16777216"
    "memorysetup-job-temp-allocator-block-size=2097152"
    "memorysetup-job-temp-allocator-block-size-background=1048576"
    "memorysetup-job-temp-allocator-reduction-small-platforms=262144"
    "memorysetup-temp-allocator-size-background-worker=32768"
    "memorysetup-temp-allocator-size-job-worker=262144"
    "memorysetup-temp-allocator-size-preload-manager=33554432"
    "memorysetup-temp-allocator-size-nav-mesh-worker=65536"
    "memorysetup-temp-allocator-size-audio-worker=65536"
    "memorysetup-temp-allocator-size-cloud-worker=32768"
    "memorysetup-temp-allocator-size-gi-baking-worker=262144"
    "memorysetup-temp-allocator-size-gfx=262144"
Refreshing native plugins compatible for Editor in 183.63 ms, found 4 plugins.
Preloading 0 native plugins for Editor in 0.00 ms.
Initialize engine version: 2021.3.1f1 (3b70a0754835)
[Subsystems] Discovering subsystems at path D:/2021.3.1f1/Editor/Data/Resources/UnitySubsystems
[Subsystems] Discovering subsystems at path D:/Clone/mobile_init/mobile_initcopy/Assets
GfxDevice: creating device client; threaded=0; jobified=0
Direct3D:
    Version:  Direct3D 11.0 [level 11.1]
    Renderer: NVIDIA GeForce RTX 3070 Laptop GPU (ID=0x24dd)
    Vendor:   NVIDIA
    VRAM:     8044 MB
    Driver:   30.0.15.1233
Initialize mono
Mono path[0] = 'D:/2021.3.1f1/Editor/Data/Managed'
Mono path[1] = 'D:/2021.3.1f1/Editor/Data/MonoBleedingEdge/lib/mono/unityjit-win32'
Mono config path = 'D:/2021.3.1f1/Editor/Data/MonoBleedingEdge/etc'
Using monoOptions --debugger-agent=transport=dt_socket,embedding=1,server=y,suspend=n,address=127.0.0.1:56832
Begin MonoManager ReloadAssembly
Registering precompiled unity dll's ...
Register platform support module: D:/2021.3.1f1/Editor/Data/PlaybackEngines/WebGLSupport/UnityEditor.WebGL.Extensions.dll
Register platform support module: D:/2021.3.1f1/Editor/Data/PlaybackEngines/AndroidPlayer/UnityEditor.Android.Extensions.dll
Register platform support module: D:/2021.3.1f1/Editor/Data/PlaybackEngines/WindowsStandaloneSupport/UnityEditor.WindowsStandalone.Extensions.dll
Registered in 0.002655 seconds.
Native extension for WindowsStandalone target not found
Native extension for Android target not found
Native extension for WebGL target not found
Refreshing native plugins compatible for Editor in 148.97 ms, found 4 plugins.
Preloading 0 native plugins for Editor in 0.00 ms.
Mono: successfully reloaded assembly
- Completed reload, in  0.668 seconds
Domain Reload Profiling:
	ReloadAssembly (668ms)
		BeginReloadAssembly (92ms)
			ExecutionOrderSort (0ms)
			DisableScriptedObjects (0ms)
			BackupInstance (0ms)
			ReleaseScriptingObjects (0ms)
			CreateAndSetChildDomain (1ms)
		EndReloadAssembly (491ms)
			LoadAssemblies (93ms)
			RebuildTransferFunctionScriptingTraits (0ms)
			SetupTypeCache (93ms)
			ReleaseScriptCaches (0ms)
			RebuildScriptCaches (23ms)
			SetupLoadedEditorAssemblies (330ms)
				LogAssemblyErrors (0ms)
				InitializePlatformSupportModulesInManaged (51ms)
				SetLoadedEditorAssemblies (0ms)
				RefreshPlugins (149ms)
				BeforeProcessingInitializeOnLoad (1ms)
				ProcessInitializeOnLoadAttributes (85ms)
				ProcessInitializeOnLoadMethodAttributes (42ms)
				AfterProcessingInitializeOnLoad (0ms)
				EditorAssembliesLoaded (0ms)
			ExecutionOrderSort2 (0ms)
			AwakeInstancesAfterBackupRestoration (0ms)
Platform modules already initialized, skipping
Registering precompiled user dll's ...
Registered in 0.013857 seconds.
Begin MonoManager ReloadAssembly
Symbol file LoadedFromMemory doesn't match image D:\Clone\mobile_init\mobile_initcopy\Library\PackageCache\com.unity.visualscripting@1.7.6\Editor\VisualScripting.Core\Dependencies\DotNetZip\Unity.VisualScripting.IonicZip.dll
Symbol file LoadedFromMemory doesn't match image D:\Clone\mobile_init\mobile_initcopy\Library\PackageCache\com.unity.visualscripting@1.7.6\Editor\VisualScripting.Core\Dependencies\YamlDotNet\Unity.VisualScripting.YamlDotNet.dll
Symbol file LoadedFromMemory is not a mono symbol file
Native extension for WindowsStandalone target not found
Native extension for Android target not found
Native extension for WebGL target not found
Refreshing native plugins compatible for Editor in 152.13 ms, found 4 plugins.
Preloading 0 native plugins for Editor in 0.00 ms.
Package Manager log level set to [2]
Mono: successfully reloaded assembly
- Completed reload, in  1.697 seconds
Domain Reload Profiling:
	ReloadAssembly (1698ms)
		BeginReloadAssembly (231ms)
			ExecutionOrderSort (0ms)
			DisableScriptedObjects (5ms)
			BackupInstance (0ms)
			ReleaseScriptingObjects (0ms)
			CreateAndSetChildDomain (122ms)
		EndReloadAssembly (1379ms)
			LoadAssemblies (164ms)
			RebuildTransferFunctionScriptingTraits (0ms)
			SetupTypeCache (260ms)
			ReleaseScriptCaches (2ms)
			RebuildScriptCaches (86ms)
			SetupLoadedEditorAssemblies (854ms)
				LogAssemblyErrors (0ms)
				InitializePlatformSupportModulesInManaged (21ms)
				SetLoadedEditorAssemblies (0ms)
				RefreshPlugins (152ms)
				BeforeProcessingInitializeOnLoad (98ms)
				ProcessInitializeOnLoadAttributes (286ms)
				ProcessInitializeOnLoadMethodAttributes (293ms)
				AfterProcessingInitializeOnLoad (3ms)
				EditorAssembliesLoaded (0ms)
			ExecutionOrderSort2 (0ms)
			AwakeInstancesAfterBackupRestoration (7ms)
Platform modules already initialized, skipping
========================================================================
Worker process is ready to serve import requests
Launched and connected shader compiler UnityShaderCompiler.exe after 0.05 seconds
Refreshing native plugins compatible for Editor in 1.92 ms, found 4 plugins.
Preloading 0 native plugins for Editor in 0.00 ms.
Unloading 6447 Unused Serialized files (Serialized files now loaded: 0)
Unloading 77 unused Assets / (228.2 KB). Loaded Objects now: 6923.
Memory consumption went from 353.7 MB to 353.5 MB.
Total: 10.729200 ms (FindLiveObjects: 0.510100 ms CreateObjectMapping: 0.274600 ms MarkObjects: 9.726000 ms  DeleteObjects: 0.216900 ms)

AssetImportParameters requested are different than current active one (requested -> active):
  custom:video-decoder-ogg-theora: a1e56fd34408186e4bbccfd4996cb3dc -> 
  custom:container-muxer-webm: aa71ff27fc2769a1b78a27578f13a17b -> 
  custom:container-demuxer-webm: 4f35f7cbe854078d1ac9338744f61a02 -> 
  custom:video-encoder-webm-vp8: eb34c28f22e8b96e1ab97ce403110664 -> 
  custom:audio-encoder-webm-vorbis: bf7c407c2cedff20999df2af8eb42d56 -> 
  custom:framework-win-MediaFoundation: 216162199b28c13a410421893ffa2e32 -> 
  custom:container-demuxer-ogg: 62fdf1f143b41e24485cea50d1cbac27 -> 
  custom:video-decoder-webm-vp8: 9c59270c3fd7afecdb556c50c9e8de78 -> 
  custom:audio-decoder-ogg-vorbis: bf7c407c2cedff20999df2af8eb42d56 -> 
========================================================================
Received Import Request.
  Time since last request: 277325.005938 seconds.
  path: Assets/Resources/InventoryDatabase/UIDesignerSchema/UISchemaAssets/Tab Toggle.prefab
  artifactKey: Guid(a55698a810f2f654d8e7c21b3701f47b) Importer(815301076,1909f56bfc062723c751e8b465ee728b)
Start importing Assets/Resources/InventoryDatabase/UIDesignerSchema/UISchemaAssets/Tab Toggle.prefab using Guid(a55698a810f2f654d8e7c21b3701f47b) Importer(815301076,1909f56bfc062723c751e8b465ee728b)  -> (artifact id: '90a7a1e5c4e7500562691b3589eacd5f') in 0.081408 seconds 
========================================================================
Received Import Request.
  Time since last request: 63.354381 seconds.
  path: Assets/Resources/InventoryDatabase/UIDesignerSchema/UISchemaAssets/Item View For Grid.prefab
  artifactKey: Guid(2c3dca6f61ea2c548b3484f46769cb0f) Importer(815301076,1909f56bfc062723c751e8b465ee728b)
Start importing Assets/Resources/InventoryDatabase/UIDesignerSchema/UISchemaAssets/Item View For Grid.prefab using Guid(2c3dca6f61ea2c548b3484f46769cb0f) Importer(815301076,1909f56bfc062723c751e8b465ee728b)  -> (artifact id: 'd7c05521cb0f75cf860cb1a888a097ea') in 0.025311 seconds 
========================================================================
Received Import Request.
  Time since last request: 303.505347 seconds.
  path: Assets/SPUM/UI/ODD_Basic/01_UI_Images/05_ResultScreen/Image_Victory.png
  artifactKey: Guid(5c8b0da25e60d47f2a7bb5b79df53f6d) Importer(815301076,1909f56bfc062723c751e8b465ee728b)
Start importing Assets/SPUM/UI/ODD_Basic/01_UI_Images/05_ResultScreen/Image_Victory.png using Guid(5c8b0da25e60d47f2a7bb5b79df53f6d) Importer(815301076,1909f56bfc062723c751e8b465ee728b)  -> (artifact id: 'db4cc43b95f788ad04db9d552db21f9e') in 0.059548 seconds 
========================================================================
Received Import Request.
  Time since last request: 2.674776 seconds.
  path: Assets/SPUM/UI/ODD_Basic/01_UI_Images/05_ResultScreen/Image_Box_33x33.png
  artifactKey: Guid(4ae942bcfb9194f4ea5bb19cd25e7181) Importer(815301076,1909f56bfc062723c751e8b465ee728b)
Start importing Assets/SPUM/UI/ODD_Basic/01_UI_Images/05_ResultScreen/Image_Box_33x33.png using Guid(4ae942bcfb9194f4ea5bb19cd25e7181) Importer(815301076,1909f56bfc062723c751e8b465ee728b)  -> (artifact id: 'd6c9913548ae23dd108f00a7c5ea58ed') in 0.011503 seconds 
========================================================================
Received Import Request.
  Time since last request: 0.000023 seconds.
  path: Assets/SPUM/UI/ODD_Basic/01_UI_Images/05_ResultScreen/Image_Select.png
  artifactKey: Guid(7a991f2a0de1f4d81bf1baf86387d721) Importer(815301076,1909f56bfc062723c751e8b465ee728b)
Start importing Assets/SPUM/UI/ODD_Basic/01_UI_Images/05_ResultScreen/Image_Select.png using Guid(7a991f2a0de1f4d81bf1baf86387d721) Importer(815301076,1909f56bfc062723c751e8b465ee728b)  -> (artifact id: '2544f234ce4886439361b02adcc2e5a4') in 0.011718 seconds 
========================================================================
Received Import Request.
  Time since last request: 4.121129 seconds.
  path: Assets/VFX Brady Games/Texture/Leaf Shape.png
  artifactKey: Guid(f02597d47d8918d4ea3b4e3f43039c65) Importer(815301076,1909f56bfc062723c751e8b465ee728b)
Start importing Assets/VFX Brady Games/Texture/Leaf Shape.png using Guid(f02597d47d8918d4ea3b4e3f43039c65) Importer(815301076,1909f56bfc062723c751e8b465ee728b)  -> (artifact id: 'b73207acb9fd62ffeed33cfbc68f8e03') in 0.080048 seconds 
========================================================================
Received Import Request.
  Time since last request: 0.374133 seconds.
  path: Assets/SPUM/SPUM_Sprites/Packages/MS_Orc/5_Armor/Orc_Armor_02.png
  artifactKey: Guid(1684df3feb538254a930fc22bf410c55) Importer(815301076,1909f56bfc062723c751e8b465ee728b)
Start importing Assets/SPUM/SPUM_Sprites/Packages/MS_Orc/5_Armor/Orc_Armor_02.png using Guid(1684df3feb538254a930fc22bf410c55) Importer(815301076,1909f56bfc062723c751e8b465ee728b)  -> (artifact id: 'ade57bf0e823057c5ff8f75a652cd7f1') in 0.016332 seconds 
========================================================================
Received Import Request.
  Time since last request: 0.394466 seconds.
  path: Assets/SPUM/SPUM_Sprites/Packages/MS_Orc/3_Pant/Orc_Pant_04.png
  artifactKey: Guid(d115b15eac3755b4789936e179661556) Importer(815301076,1909f56bfc062723c751e8b465ee728b)
Start importing Assets/SPUM/SPUM_Sprites/Packages/MS_Orc/3_Pant/Orc_Pant_04.png using Guid(d115b15eac3755b4789936e179661556) Importer(815301076,1909f56bfc062723c751e8b465ee728b)  -> (artifact id: 'baad89578165c667692c47955d07dd06') in 0.014188 seconds 
========================================================================
Received Import Request.
  Time since last request: 3.322084 seconds.
  path: Assets/SPUM/SPUM_Sprites/Packages/MS_Orc/3_Pant/Orc_Pant_02.png
  artifactKey: Guid(6950c979ff3c104449dfa69e4dafb11c) Importer(815301076,1909f56bfc062723c751e8b465ee728b)
Start importing Assets/SPUM/SPUM_Sprites/Packages/MS_Orc/3_Pant/Orc_Pant_02.png using Guid(6950c979ff3c104449dfa69e4dafb11c) Importer(815301076,1909f56bfc062723c751e8b465ee728b)  -> (artifact id: 'e598dd2f244db67fb37bf389dff632af') in 0.019480 seconds 
========================================================================
Received Import Request.
  Time since last request: 0.000024 seconds.
  path: Assets/Resources/SPUM/SPUM_Sprites/Packages/MS_Orc/5_Armor/Orc_Armor_03.png
  artifactKey: Guid(eff92273a14211e4b99cef9335f18331) Importer(815301076,1909f56bfc062723c751e8b465ee728b)
Start importing Assets/Resources/SPUM/SPUM_Sprites/Packages/MS_Orc/5_Armor/Orc_Armor_03.png using Guid(eff92273a14211e4b99cef9335f18331) Importer(815301076,1909f56bfc062723c751e8b465ee728b)  -> (artifact id: '7279eb1990914c3d9188b034c93714d4') in 0.029704 seconds 
========================================================================
Received Import Request.
  Time since last request: 0.000026 seconds.
  path: Assets/Resources/SPUM/SPUM_Sprites/Packages/MS_Orc/5_Armor/Orc_Armor_02.png
  artifactKey: Guid(89a95056aefbae64ca55e1db1d12abe5) Importer(815301076,1909f56bfc062723c751e8b465ee728b)
Start importing Assets/Resources/SPUM/SPUM_Sprites/Packages/MS_Orc/5_Armor/Orc_Armor_02.png using Guid(89a95056aefbae64ca55e1db1d12abe5) Importer(815301076,1909f56bfc062723c751e8b465ee728b)  -> (artifact id: 'be430cd1c8d1c4c4b6864cc28442083e') in 0.038602 seconds 
========================================================================
Received Import Request.
  Time since last request: 0.000028 seconds.
  path: Assets/SPUM/SPUM_Sprites/Packages/Ver300/3_Pant/New_Pant_09.png
  artifactKey: Guid(e12314fa70008464fa8d15d08fffd50a) Importer(815301076,1909f56bfc062723c751e8b465ee728b)
Start importing Assets/SPUM/SPUM_Sprites/Packages/Ver300/3_Pant/New_Pant_09.png using Guid(e12314fa70008464fa8d15d08fffd50a) Importer(815301076,1909f56bfc062723c751e8b465ee728b)  -> (artifact id: '55f416abd6848c49ba98a763e29cb214') in 0.081319 seconds 
========================================================================
Received Import Request.
  Time since last request: 0.000028 seconds.
  path: Assets/Resources/SPUM/SPUM_Sprites/Packages/MS_Orc/3_Pant/Orc_Pant_04.png
  artifactKey: Guid(31c5cc6de79e58e4c8910dc4c92b7e63) Importer(815301076,1909f56bfc062723c751e8b465ee728b)
Start importing Assets/Resources/SPUM/SPUM_Sprites/Packages/MS_Orc/3_Pant/Orc_Pant_04.png using Guid(31c5cc6de79e58e4c8910dc4c92b7e63) Importer(815301076,1909f56bfc062723c751e8b465ee728b)  -> (artifact id: 'a69993465a6ac7ee496e5799d4005ee2') in 0.029986 seconds 
========================================================================
Received Import Request.
  Time since last request: 0.000025 seconds.
  path: Assets/AllIn1VfxToolkit/Demo & Assets/Textures/Shapes/Magic5.png
  artifactKey: Guid(9a35f2175dbf4614fab117b99bc9697e) Importer(815301076,1909f56bfc062723c751e8b465ee728b)
Start importing Assets/AllIn1VfxToolkit/Demo & Assets/Textures/Shapes/Magic5.png using Guid(9a35f2175dbf4614fab117b99bc9697e) Importer(815301076,1909f56bfc062723c751e8b465ee728b)  -> (artifact id: 'f6d07196e4e35e951644626aaaa01a6f') in 0.044699 seconds 
========================================================================
Received Import Request.
  Time since last request: 0.000021 seconds.
  path: Assets/SPUM/SPUM_Sprites/Packages/Ver300/3_Pant/New_Pant_08.png
  artifactKey: Guid(2367f636a80334d659849604908ab07b) Importer(815301076,1909f56bfc062723c751e8b465ee728b)
Start importing Assets/SPUM/SPUM_Sprites/Packages/Ver300/3_Pant/New_Pant_08.png using Guid(2367f636a80334d659849604908ab07b) Importer(815301076,1909f56bfc062723c751e8b465ee728b)  -> (artifact id: '195117e0ba8c1597e18bed7de3c7deaf') in 0.031804 seconds 
========================================================================
Received Import Request.
  Time since last request: 0.000019 seconds.
  path: Assets/SPUM/SPUM_Sprites/Packages/Ver300/3_Pant/New_Pant_10.png
  artifactKey: Guid(39b5df11e0c48498c8743958d95396b7) Importer(815301076,1909f56bfc062723c751e8b465ee728b)
Start importing Assets/SPUM/SPUM_Sprites/Packages/Ver300/3_Pant/New_Pant_10.png using Guid(39b5df11e0c48498c8743958d95396b7) Importer(815301076,1909f56bfc062723c751e8b465ee728b)  -> (artifact id: '592d632598f528bfc97e3ed4c5996d37') in 0.015298 seconds 
========================================================================
Received Import Request.
  Time since last request: 0.000021 seconds.
  path: Assets/Resources/SPUM/SPUM_Sprites/Packages/Undead/2_Cloth/Undead_Cloth_04.png
  artifactKey: Guid(f4f38b53f73401d4d9ef1e4a4d3f70bd) Importer(815301076,1909f56bfc062723c751e8b465ee728b)
Start importing Assets/Resources/SPUM/SPUM_Sprites/Packages/Undead/2_Cloth/Undead_Cloth_04.png using Guid(f4f38b53f73401d4d9ef1e4a4d3f70bd) Importer(815301076,1909f56bfc062723c751e8b465ee728b)  -> (artifact id: '01c9d6a8be7a86cae1ad41ea33cdff6b') in 0.022849 seconds 
========================================================================
Received Import Request.
  Time since last request: 0.000021 seconds.
  path: Assets/AllIn1VfxToolkit/Demo & Assets/Textures/Shapes/Line6.png
  artifactKey: Guid(0a0675da727c14a4cab3e90c5eaa1144) Importer(815301076,1909f56bfc062723c751e8b465ee728b)
Start importing Assets/AllIn1VfxToolkit/Demo & Assets/Textures/Shapes/Line6.png using Guid(0a0675da727c14a4cab3e90c5eaa1144) Importer(815301076,1909f56bfc062723c751e8b465ee728b)  -> (artifact id: '956f1b154b002438d5604c6a02f6cec7') in 0.016249 seconds 
========================================================================
Received Import Request.
  Time since last request: 0.000021 seconds.
  path: Assets/SPUM/SPUM_Sprites/Packages/Ver300/3_Pant/New_Pant_06.png
  artifactKey: Guid(c8b0805f6931f4f7f90aea6bd3b08f57) Importer(815301076,1909f56bfc062723c751e8b465ee728b)
Start importing Assets/SPUM/SPUM_Sprites/Packages/Ver300/3_Pant/New_Pant_06.png using Guid(c8b0805f6931f4f7f90aea6bd3b08f57) Importer(815301076,1909f56bfc062723c751e8b465ee728b)  -> (artifact id: 'c7779ad75486d34eccf4311f172bf212') in 0.019141 seconds 
========================================================================
Received Import Request.
  Time since last request: 0.000023 seconds.
  path: Assets/Resources/SPUM/SPUM_Sprites/Packages/Undead/5_Armor/Undead_Armor_07.png
  artifactKey: Guid(5e079a65cc340f84a82e3a8ea832609c) Importer(815301076,1909f56bfc062723c751e8b465ee728b)
Start importing Assets/Resources/SPUM/SPUM_Sprites/Packages/Undead/5_Armor/Undead_Armor_07.png using Guid(5e079a65cc340f84a82e3a8ea832609c) Importer(815301076,1909f56bfc062723c751e8b465ee728b)  -> (artifact id: 'db95397fef79025b642dff95a91478c6') in 0.028383 seconds 
========================================================================
Received Import Request.
  Time since last request: 0.000037 seconds.
  path: Assets/SPUM/SPUM_Sprites/Packages/Undead/2_Cloth/Undead_Cloth_04.png
  artifactKey: Guid(6eb4a187e42e14410a7f5b826f7d02fd) Importer(815301076,1909f56bfc062723c751e8b465ee728b)
Start importing Assets/SPUM/SPUM_Sprites/Packages/Undead/2_Cloth/Undead_Cloth_04.png using Guid(6eb4a187e42e14410a7f5b826f7d02fd) Importer(815301076,1909f56bfc062723c751e8b465ee728b)  -> (artifact id: '4b236b560e7a7940c2e442948bc5c6f9') in 0.021639 seconds 
========================================================================
Received Import Request.
  Time since last request: 0.000028 seconds.
  path: Assets/Resources/SPUM/SPUM_Sprites/Packages/MS_Orc/3_Pant/Orc_Pant_01.png
  artifactKey: Guid(67a51073a40093f48b0b0b42f6cd762d) Importer(815301076,1909f56bfc062723c751e8b465ee728b)
Start importing Assets/Resources/SPUM/SPUM_Sprites/Packages/MS_Orc/3_Pant/Orc_Pant_01.png using Guid(67a51073a40093f48b0b0b42f6cd762d) Importer(815301076,1909f56bfc062723c751e8b465ee728b)  -> (artifact id: '3e556e7e6bb79394a12eb806b7978005') in 0.015875 seconds 
========================================================================
Received Import Request.
  Time since last request: 0.000022 seconds.
  path: Assets/Resources/SPUM/SPUM_Sprites/Packages/Undead/5_Armor/Undead_Armor_06.png
  artifactKey: Guid(c5779f4fda826164d8f32ae1c7b638b7) Importer(815301076,1909f56bfc062723c751e8b465ee728b)
Start importing Assets/Resources/SPUM/SPUM_Sprites/Packages/Undead/5_Armor/Undead_Armor_06.png using Guid(c5779f4fda826164d8f32ae1c7b638b7) Importer(815301076,1909f56bfc062723c751e8b465ee728b)  -> (artifact id: 'dcce8f278995c2efb70e9ff08e2ecfa6') in 0.022319 seconds 
========================================================================
Received Import Request.
  Time since last request: 0.000023 seconds.
  path: Assets/SPUM/SPUM_Sprites/Items/3_Pant/Foot_4.png
  artifactKey: Guid(627be64a4ee2e44ff973f40b30e28529) Importer(815301076,1909f56bfc062723c751e8b465ee728b)
Start importing Assets/SPUM/SPUM_Sprites/Items/3_Pant/Foot_4.png using Guid(627be64a4ee2e44ff973f40b30e28529) Importer(815301076,1909f56bfc062723c751e8b465ee728b)  -> (artifact id: '894688f55a5e5ef85a360b72fd70797d') in 0.020076 seconds 
========================================================================
Received Import Request.
  Time since last request: 0.000028 seconds.
  path: Assets/Resources/SPUM/SPUM_Sprites/Packages/Undead/2_Cloth/Undead_Cloth_03.png
  artifactKey: Guid(4d221c10bf01bf649ad075a6b973550e) Importer(815301076,1909f56bfc062723c751e8b465ee728b)
Start importing Assets/Resources/SPUM/SPUM_Sprites/Packages/Undead/2_Cloth/Undead_Cloth_03.png using Guid(4d221c10bf01bf649ad075a6b973550e) Importer(815301076,1909f56bfc062723c751e8b465ee728b)  -> (artifact id: '063b2141824a63bbd66a0278eb3e35a1') in 0.022316 seconds 
========================================================================
Received Import Request.
  Time since last request: 0.000019 seconds.
  path: Assets/SPUM/SPUM_Sprites/Items/3_Pant/Foot_2.png
  artifactKey: Guid(c10b8080522bc44dea0f39cd4c4af400) Importer(815301076,1909f56bfc062723c751e8b465ee728b)
Start importing Assets/SPUM/SPUM_Sprites/Items/3_Pant/Foot_2.png using Guid(c10b8080522bc44dea0f39cd4c4af400) Importer(815301076,1909f56bfc062723c751e8b465ee728b)  -> (artifact id: '47f1fc0f217fb87daf5c7ca53f1de246') in 0.019475 seconds 
========================================================================
Received Import Request.
  Time since last request: 0.000037 seconds.
  path: Assets/SPUM/SPUM_Sprites/Packages/RetroHeroes/3_Pant/Pant_Knight_2.png
  artifactKey: Guid(15d2059ee34234df3872b59e790e97c4) Importer(815301076,1909f56bfc062723c751e8b465ee728b)
Start importing Assets/SPUM/SPUM_Sprites/Packages/RetroHeroes/3_Pant/Pant_Knight_2.png using Guid(15d2059ee34234df3872b59e790e97c4) Importer(815301076,1909f56bfc062723c751e8b465ee728b)  -> (artifact id: '7c8df4c245775168a5b35a4325b49abc') in 0.019814 seconds 
========================================================================
Received Import Request.
  Time since last request: 0.000033 seconds.
  path: Assets/SPUM/SPUM_Sprites/Packages/Ver300/3_Pant/New_Pant_12.png
  artifactKey: Guid(f71ba98f5e5894a9e9a109dc34922832) Importer(815301076,1909f56bfc062723c751e8b465ee728b)
Start importing Assets/SPUM/SPUM_Sprites/Packages/Ver300/3_Pant/New_Pant_12.png using Guid(f71ba98f5e5894a9e9a109dc34922832) Importer(815301076,1909f56bfc062723c751e8b465ee728b)  -> (artifact id: 'b8cfa727371a88d54faf39af262e2c82') in 0.014266 seconds 
========================================================================
Received Import Request.
  Time since last request: 0.000027 seconds.
  path: Assets/SPUM/SPUM_Sprites/Packages/RetroHeroes/3_Pant/Pant_Sorceress.png
  artifactKey: Guid(0959342cca7ba436e9ef1824c3bef180) Importer(815301076,1909f56bfc062723c751e8b465ee728b)
Start importing Assets/SPUM/SPUM_Sprites/Packages/RetroHeroes/3_Pant/Pant_Sorceress.png using Guid(0959342cca7ba436e9ef1824c3bef180) Importer(815301076,1909f56bfc062723c751e8b465ee728b)  -> (artifact id: 'b630df49a7be2fae821b2538c5801db4') in 0.015309 seconds 
========================================================================
Received Import Request.
  Time since last request: 0.000020 seconds.
  path: Assets/Resources/SPUM/SPUM_Sprites/Packages/Undead/3_Pant/Undead_Pant_01.png
  artifactKey: Guid(674323710daac5b4184dfad890214a76) Importer(815301076,1909f56bfc062723c751e8b465ee728b)
Start importing Assets/Resources/SPUM/SPUM_Sprites/Packages/Undead/3_Pant/Undead_Pant_01.png using Guid(674323710daac5b4184dfad890214a76) Importer(815301076,1909f56bfc062723c751e8b465ee728b)  -> (artifact id: '1a689c70fcd48c7c803ec1826766c27f') in 0.018362 seconds 
========================================================================
Received Import Request.
  Time since last request: 0.000025 seconds.
  path: Assets/SPUM/SPUM_Sprites/Packages/Undead/2_Cloth/Undead_Cloth_05.png
  artifactKey: Guid(11d9e0e021b5644a4a0d597e00ada55c) Importer(815301076,1909f56bfc062723c751e8b465ee728b)
Start importing Assets/SPUM/SPUM_Sprites/Packages/Undead/2_Cloth/Undead_Cloth_05.png using Guid(11d9e0e021b5644a4a0d597e00ada55c) Importer(815301076,1909f56bfc062723c751e8b465ee728b)  -> (artifact id: '007fcf186062d9144feb019be19bd7a6') in 0.020650 seconds 
========================================================================
Received Import Request.
  Time since last request: 0.000026 seconds.
  path: Assets/Resources/SPUM/SPUM_Sprites/Packages/RetroHeroes/3_Pant/Pant_Knight_1.png
  artifactKey: Guid(70a45ce4b7e9b06459c564b84eaf0bfd) Importer(815301076,1909f56bfc062723c751e8b465ee728b)
Start importing Assets/Resources/SPUM/SPUM_Sprites/Packages/RetroHeroes/3_Pant/Pant_Knight_1.png using Guid(70a45ce4b7e9b06459c564b84eaf0bfd) Importer(815301076,1909f56bfc062723c751e8b465ee728b)  -> (artifact id: '32640267cb90b97e183475699b6493c4') in 0.018582 seconds 
========================================================================
Received Import Request.
  Time since last request: 0.000024 seconds.
  path: Assets/SPUM/SPUM_Sprites/Packages/Ver300/2_Cloth/New_Cloth_03.png
  artifactKey: Guid(09272852df633462599ad40ee7edca3f) Importer(815301076,1909f56bfc062723c751e8b465ee728b)
Start importing Assets/SPUM/SPUM_Sprites/Packages/Ver300/2_Cloth/New_Cloth_03.png using Guid(09272852df633462599ad40ee7edca3f) Importer(815301076,1909f56bfc062723c751e8b465ee728b)  -> (artifact id: '1a8febffa37d9e1739f9440610071b0e') in 0.022690 seconds 
========================================================================
Received Import Request.
  Time since last request: 0.000032 seconds.
  path: Assets/SPUM/SPUM_Sprites/Packages/Ver300/3_Pant/New_Pant_03.png
  artifactKey: Guid(c9a0377619143454f813b786ccb2467c) Importer(815301076,1909f56bfc062723c751e8b465ee728b)
Start importing Assets/SPUM/SPUM_Sprites/Packages/Ver300/3_Pant/New_Pant_03.png using Guid(c9a0377619143454f813b786ccb2467c) Importer(815301076,1909f56bfc062723c751e8b465ee728b)  -> (artifact id: 'bc03cf2378f0f90fac0d6d6d9f395dd5') in 0.016878 seconds 
========================================================================
Received Import Request.
  Time since last request: 0.000029 seconds.
  path: Assets/SPUM/SPUM_Sprites/Packages/Ver300/5_Armor/New_Armor_04.png
  artifactKey: Guid(a0f407e4c5e1341129d8309f3c87e53c) Importer(815301076,1909f56bfc062723c751e8b465ee728b)
Start importing Assets/SPUM/SPUM_Sprites/Packages/Ver300/5_Armor/New_Armor_04.png using Guid(a0f407e4c5e1341129d8309f3c87e53c) Importer(815301076,1909f56bfc062723c751e8b465ee728b)  -> (artifact id: 'd99992f098a0d309b214fc6d0d0698ec') in 0.017852 seconds 
========================================================================
Received Import Request.
  Time since last request: 0.000032 seconds.
  path: Assets/Resources/SPUM/SPUM_Sprites/Packages/RetroHeroes/3_Pant/Pant_Rogue_2.png
  artifactKey: Guid(caf5ba4b4a49ddd4f8901f516b3e1a96) Importer(815301076,1909f56bfc062723c751e8b465ee728b)
Start importing Assets/Resources/SPUM/SPUM_Sprites/Packages/RetroHeroes/3_Pant/Pant_Rogue_2.png using Guid(caf5ba4b4a49ddd4f8901f516b3e1a96) Importer(815301076,1909f56bfc062723c751e8b465ee728b)  -> (artifact id: 'd5e0f905ad672602ab8743e133c9f740') in 0.016808 seconds 
========================================================================
Received Import Request.
  Time since last request: 0.000029 seconds.
  path: Assets/SPUM/SPUM_Sprites/Packages/Ver300/2_Cloth/New_Cloth_01.png
  artifactKey: Guid(d13fdbab6c971470e84fe5c46f5b9421) Importer(815301076,1909f56bfc062723c751e8b465ee728b)
Start importing Assets/SPUM/SPUM_Sprites/Packages/Ver300/2_Cloth/New_Cloth_01.png using Guid(d13fdbab6c971470e84fe5c46f5b9421) Importer(815301076,1909f56bfc062723c751e8b465ee728b)  -> (artifact id: '296d1925a7ebc4c767d793177cb5599f') in 0.018835 seconds 
========================================================================
Received Import Request.
  Time since last request: 0.000032 seconds.
  path: Assets/SPUM/SPUM_Sprites/Packages/Ver300/5_Armor/New_Armor_06.png
  artifactKey: Guid(7837b3161c8b7477e9711cb259036797) Importer(815301076,1909f56bfc062723c751e8b465ee728b)
Start importing Assets/SPUM/SPUM_Sprites/Packages/Ver300/5_Armor/New_Armor_06.png using Guid(7837b3161c8b7477e9711cb259036797) Importer(815301076,1909f56bfc062723c751e8b465ee728b)  -> (artifact id: '68d5761432db705f97555ef440853379') in 0.024762 seconds 
========================================================================
Received Import Request.
  Time since last request: 0.000024 seconds.
  path: Assets/SPUM/SPUM_Sprites/Packages/RetroHeroes/3_Pant/Pant_Sorcerer.png
  artifactKey: Guid(32eeb918570e74cdaa08f7f19e7b7455) Importer(815301076,1909f56bfc062723c751e8b465ee728b)
Start importing Assets/SPUM/SPUM_Sprites/Packages/RetroHeroes/3_Pant/Pant_Sorcerer.png using Guid(32eeb918570e74cdaa08f7f19e7b7455) Importer(815301076,1909f56bfc062723c751e8b465ee728b)  -> (artifact id: '53d97ef6369a0e1706e8b0a8124ae7fa') in 0.015198 seconds 
========================================================================
Received Import Request.
  Time since last request: 0.000030 seconds.
  path: Assets/Resources/SPUM/SPUM_Sprites/Packages/MS_Orc/3_Pant/Orc_Pant_03.png
  artifactKey: Guid(35bea5a2702d1754e8e39239b6efb5d2) Importer(815301076,1909f56bfc062723c751e8b465ee728b)
Start importing Assets/Resources/SPUM/SPUM_Sprites/Packages/MS_Orc/3_Pant/Orc_Pant_03.png using Guid(35bea5a2702d1754e8e39239b6efb5d2) Importer(815301076,1909f56bfc062723c751e8b465ee728b)  -> (artifact id: '425ddb99579456437a4ee4b76071ec14') in 0.017350 seconds 
========================================================================
Received Import Request.
  Time since last request: 0.000034 seconds.
  path: Assets/SPUM/SPUM_Sprites/Packages/Ver300/3_Pant/New_Pant_11.png
  artifactKey: Guid(37e94653dd0034cee98125a6d5d6a2bf) Importer(815301076,1909f56bfc062723c751e8b465ee728b)
Start importing Assets/SPUM/SPUM_Sprites/Packages/Ver300/3_Pant/New_Pant_11.png using Guid(37e94653dd0034cee98125a6d5d6a2bf) Importer(815301076,1909f56bfc062723c751e8b465ee728b)  -> (artifact id: '32203d19fd321594c5882ce7d7452ad9') in 0.018017 seconds 
========================================================================
Received Import Request.
  Time since last request: 0.000024 seconds.
  path: Assets/Resources/SPUM/SPUM_Sprites/Packages/RetroHeroes/3_Pant/Pant_Healer_1.png
  artifactKey: Guid(ab54b7c4f8a5a334a81602ed9b8b0d98) Importer(815301076,1909f56bfc062723c751e8b465ee728b)
Start importing Assets/Resources/SPUM/SPUM_Sprites/Packages/RetroHeroes/3_Pant/Pant_Healer_1.png using Guid(ab54b7c4f8a5a334a81602ed9b8b0d98) Importer(815301076,1909f56bfc062723c751e8b465ee728b)  -> (artifact id: '65c609b76bc2b2928df3a1cb216d1829') in 0.017732 seconds 
========================================================================
Received Import Request.
  Time since last request: 0.000030 seconds.
  path: Assets/SPUM/SPUM_Sprites/Packages/RetroHeroes/3_Pant/Pant_Rogue_2.png
  artifactKey: Guid(e7744aef89ec54890b94be6c6f34ff87) Importer(815301076,1909f56bfc062723c751e8b465ee728b)
Start importing Assets/SPUM/SPUM_Sprites/Packages/RetroHeroes/3_Pant/Pant_Rogue_2.png using Guid(e7744aef89ec54890b94be6c6f34ff87) Importer(815301076,1909f56bfc062723c751e8b465ee728b)  -> (artifact id: '1e19849d4d6316aee64dc0943e305ce4') in 0.017764 seconds 
========================================================================
Received Import Request.
  Time since last request: 0.000024 seconds.
  path: Assets/SPUM/SPUM_Sprites/Items/3_Pant/Foot_1.png
  artifactKey: Guid(f4f8100be5faa47b5832e826b51edb17) Importer(815301076,1909f56bfc062723c751e8b465ee728b)
Start importing Assets/SPUM/SPUM_Sprites/Items/3_Pant/Foot_1.png using Guid(f4f8100be5faa47b5832e826b51edb17) Importer(815301076,1909f56bfc062723c751e8b465ee728b)  -> (artifact id: '5ad19f047a6fe77770952f9bd475a283') in 0.017716 seconds 
========================================================================
Received Import Request.
  Time since last request: 0.000025 seconds.
  path: Assets/SPUM/SPUM_Sprites/Packages/Ver300/2_Cloth/New_Cloth_02.png
  artifactKey: Guid(d1bc3ad920b0d41c5b5d8aff14f0dee9) Importer(815301076,1909f56bfc062723c751e8b465ee728b)
Start importing Assets/SPUM/SPUM_Sprites/Packages/Ver300/2_Cloth/New_Cloth_02.png using Guid(d1bc3ad920b0d41c5b5d8aff14f0dee9) Importer(815301076,1909f56bfc062723c751e8b465ee728b)  -> (artifact id: 'dee655d520ed0cd3eb0b09d9e62b30d3') in 0.021795 seconds 
========================================================================
Received Import Request.
  Time since last request: 0.000023 seconds.
  path: Assets/SPUM/SPUM_Sprites/Packages/Ver300/3_Pant/New_Pant_04.png
  artifactKey: Guid(9f70f3b311741431cbbda23a4cfbc285) Importer(815301076,1909f56bfc062723c751e8b465ee728b)
Start importing Assets/SPUM/SPUM_Sprites/Packages/Ver300/3_Pant/New_Pant_04.png using Guid(9f70f3b311741431cbbda23a4cfbc285) Importer(815301076,1909f56bfc062723c751e8b465ee728b)  -> (artifact id: 'c3d3d8e96bdc95099ba7951915463c2b') in 0.016962 seconds 
========================================================================
Received Import Request.
  Time since last request: 0.000032 seconds.
  path: Assets/SPUM/SPUM_Sprites/Packages/Ver300/3_Pant/New_Pant_01.png
  artifactKey: Guid(a4b630b105c514614b9ba9d9937fef5d) Importer(815301076,1909f56bfc062723c751e8b465ee728b)
Start importing Assets/SPUM/SPUM_Sprites/Packages/Ver300/3_Pant/New_Pant_01.png using Guid(a4b630b105c514614b9ba9d9937fef5d) Importer(815301076,1909f56bfc062723c751e8b465ee728b)  -> (artifact id: '2cdc49165a8a81a8fe71aab7ee13b91e') in 0.016881 seconds 
========================================================================
Received Import Request.
  Time since last request: 0.000029 seconds.
  path: Assets/Resources/SPUM/SPUM_Sprites/Packages/Ver300/6_Weapons/New_Weapon_17.png
  artifactKey: Guid(a5c42351443718d45bb389d760853fc2) Importer(815301076,1909f56bfc062723c751e8b465ee728b)
Start importing Assets/Resources/SPUM/SPUM_Sprites/Packages/Ver300/6_Weapons/New_Weapon_17.png using Guid(a5c42351443718d45bb389d760853fc2) Importer(815301076,1909f56bfc062723c751e8b465ee728b)  -> (artifact id: 'e16d19d12354e16aa5bdfbfdf101832d') in 0.013598 seconds 
========================================================================
Received Import Request.
  Time since last request: 3.833867 seconds.
  path: Assets/TheBackend/Logos/white_kr(extra-text).png
  artifactKey: Guid(f311063e39a1c984a9dbd401b63b36d7) Importer(815301076,1909f56bfc062723c751e8b465ee728b)
Start importing Assets/TheBackend/Logos/white_kr(extra-text).png using Guid(f311063e39a1c984a9dbd401b63b36d7) Importer(815301076,1909f56bfc062723c751e8b465ee728b)  -> (artifact id: '4610efa3ad24a54a99dbe79a565ae85c') in 0.028146 seconds 
========================================================================
Received Import Request.
  Time since last request: 87.581947 seconds.
  path: Assets/Resources/InventoryDatabase/UIDesignerSchema/UISchemaAssets/Item Shape View Slot.prefab
  artifactKey: Guid(62bb3435f4e547a46a342df3e23c007a) Importer(815301076,1909f56bfc062723c751e8b465ee728b)
Start importing Assets/Resources/InventoryDatabase/UIDesignerSchema/UISchemaAssets/Item Shape View Slot.prefab using Guid(62bb3435f4e547a46a342df3e23c007a) Importer(815301076,1909f56bfc062723c751e8b465ee728b)  -> (artifact id: '4b5bf6eb1a8c6a444fc892291a877707') in 0.007057 seconds 
