Using pre-set license
Built from '2021.3/staging' branch; Version is '2021.3.1f1 (3b70a0754835) revision 3895456'; Using compiler version '192829333'; Build Type 'Release'
OS: 'Windows 10  (10.0.19043) 64bit Core' Language: 'ko' Physical Memory: 32636 MB
BatchMode: 1, IsHumanControllingUs: 0, StartBugReporterOnCrash: 0, Is64bit: 1, IsPro: 1

COMMAND LINE ARGUMENTS:
D:\2021.3.1f1\Editor\Unity.exe
-adb2
-batchMode
-noUpm
-name
AssetImportWorker6
-projectPath
D:/Clone/mobile_init/mobile_initcopy
-logFile
Logs/AssetImportWorker6.log
-srvPort
56916
Successfully changed project path to: D:/Clone/mobile_init/mobile_initcopy
D:/Clone/mobile_init/mobile_initcopy
[UnityMemory] Configuration Parameters - Can be set up in boot.config
    "memorysetup-bucket-allocator-granularity=16"
    "memorysetup-bucket-allocator-bucket-count=8"
    "memorysetup-bucket-allocator-block-size=33554432"
    "memorysetup-bucket-allocator-block-count=8"
    "memorysetup-main-allocator-block-size=16777216"
    "memorysetup-thread-allocator-block-size=16777216"
    "memorysetup-gfx-main-allocator-block-size=16777216"
    "memorysetup-gfx-thread-allocator-block-size=16777216"
    "memorysetup-cache-allocator-block-size=4194304"
    "memorysetup-typetree-allocator-block-size=2097152"
    "memorysetup-profiler-bucket-allocator-granularity=16"
    "memorysetup-profiler-bucket-allocator-bucket-count=8"
    "memorysetup-profiler-bucket-allocator-block-size=33554432"
    "memorysetup-profiler-bucket-allocator-block-count=8"
    "memorysetup-profiler-allocator-block-size=16777216"
    "memorysetup-profiler-editor-allocator-block-size=1048576"
    "memorysetup-temp-allocator-size-main=16777216"
    "memorysetup-job-temp-allocator-block-size=2097152"
    "memorysetup-job-temp-allocator-block-size-background=1048576"
    "memorysetup-job-temp-allocator-reduction-small-platforms=262144"
    "memorysetup-temp-allocator-size-background-worker=32768"
    "memorysetup-temp-allocator-size-job-worker=262144"
    "memorysetup-temp-allocator-size-preload-manager=33554432"
    "memorysetup-temp-allocator-size-nav-mesh-worker=65536"
    "memorysetup-temp-allocator-size-audio-worker=65536"
    "memorysetup-temp-allocator-size-cloud-worker=32768"
    "memorysetup-temp-allocator-size-gi-baking-worker=262144"
    "memorysetup-temp-allocator-size-gfx=262144"
Refreshing native plugins compatible for Editor in 165.30 ms, found 4 plugins.
Preloading 0 native plugins for Editor in 0.00 ms.
Initialize engine version: 2021.3.1f1 (3b70a0754835)
[Subsystems] Discovering subsystems at path D:/2021.3.1f1/Editor/Data/Resources/UnitySubsystems
[Subsystems] Discovering subsystems at path D:/Clone/mobile_init/mobile_initcopy/Assets
GfxDevice: creating device client; threaded=0; jobified=0
Direct3D:
    Version:  Direct3D 11.0 [level 11.1]
    Renderer: NVIDIA GeForce RTX 3070 Laptop GPU (ID=0x24dd)
    Vendor:   NVIDIA
    VRAM:     8044 MB
    Driver:   30.0.15.1233
Initialize mono
Mono path[0] = 'D:/2021.3.1f1/Editor/Data/Managed'
Mono path[1] = 'D:/2021.3.1f1/Editor/Data/MonoBleedingEdge/lib/mono/unityjit-win32'
Mono config path = 'D:/2021.3.1f1/Editor/Data/MonoBleedingEdge/etc'
Using monoOptions --debugger-agent=transport=dt_socket,embedding=1,server=y,suspend=n,address=127.0.0.1:56540
Begin MonoManager ReloadAssembly
Registering precompiled unity dll's ...
Register platform support module: D:/2021.3.1f1/Editor/Data/PlaybackEngines/WebGLSupport/UnityEditor.WebGL.Extensions.dll
Register platform support module: D:/2021.3.1f1/Editor/Data/PlaybackEngines/AndroidPlayer/UnityEditor.Android.Extensions.dll
Register platform support module: D:/2021.3.1f1/Editor/Data/PlaybackEngines/WindowsStandaloneSupport/UnityEditor.WindowsStandalone.Extensions.dll
Registered in 0.002701 seconds.
Native extension for WindowsStandalone target not found
Native extension for Android target not found
Native extension for WebGL target not found
Refreshing native plugins compatible for Editor in 155.52 ms, found 4 plugins.
Preloading 0 native plugins for Editor in 0.00 ms.
Mono: successfully reloaded assembly
- Completed reload, in  0.703 seconds
Domain Reload Profiling:
	ReloadAssembly (703ms)
		BeginReloadAssembly (90ms)
			ExecutionOrderSort (0ms)
			DisableScriptedObjects (0ms)
			BackupInstance (0ms)
			ReleaseScriptingObjects (0ms)
			CreateAndSetChildDomain (1ms)
		EndReloadAssembly (520ms)
			LoadAssemblies (91ms)
			RebuildTransferFunctionScriptingTraits (0ms)
			SetupTypeCache (105ms)
			ReleaseScriptCaches (0ms)
			RebuildScriptCaches (26ms)
			SetupLoadedEditorAssemblies (341ms)
				LogAssemblyErrors (0ms)
				InitializePlatformSupportModulesInManaged (51ms)
				SetLoadedEditorAssemblies (0ms)
				RefreshPlugins (156ms)
				BeforeProcessingInitializeOnLoad (1ms)
				ProcessInitializeOnLoadAttributes (89ms)
				ProcessInitializeOnLoadMethodAttributes (44ms)
				AfterProcessingInitializeOnLoad (0ms)
				EditorAssembliesLoaded (0ms)
			ExecutionOrderSort2 (0ms)
			AwakeInstancesAfterBackupRestoration (0ms)
Platform modules already initialized, skipping
Registering precompiled user dll's ...
Registered in 0.014197 seconds.
Begin MonoManager ReloadAssembly
Symbol file LoadedFromMemory doesn't match image D:\Clone\mobile_init\mobile_initcopy\Library\PackageCache\com.unity.visualscripting@1.7.6\Editor\VisualScripting.Core\Dependencies\DotNetZip\Unity.VisualScripting.IonicZip.dll
Symbol file LoadedFromMemory doesn't match image D:\Clone\mobile_init\mobile_initcopy\Library\PackageCache\com.unity.visualscripting@1.7.6\Editor\VisualScripting.Core\Dependencies\YamlDotNet\Unity.VisualScripting.YamlDotNet.dll
Symbol file LoadedFromMemory is not a mono symbol file
Native extension for WindowsStandalone target not found
Native extension for Android target not found
Native extension for WebGL target not found
Refreshing native plugins compatible for Editor in 148.35 ms, found 4 plugins.
Preloading 0 native plugins for Editor in 0.00 ms.
Package Manager log level set to [2]
Mono: successfully reloaded assembly
- Completed reload, in  1.725 seconds
Domain Reload Profiling:
	ReloadAssembly (1726ms)
		BeginReloadAssembly (229ms)
			ExecutionOrderSort (0ms)
			DisableScriptedObjects (5ms)
			BackupInstance (0ms)
			ReleaseScriptingObjects (0ms)
			CreateAndSetChildDomain (122ms)
		EndReloadAssembly (1406ms)
			LoadAssemblies (144ms)
			RebuildTransferFunctionScriptingTraits (0ms)
			SetupTypeCache (263ms)
			ReleaseScriptCaches (1ms)
			RebuildScriptCaches (81ms)
			SetupLoadedEditorAssemblies (901ms)
				LogAssemblyErrors (0ms)
				InitializePlatformSupportModulesInManaged (18ms)
				SetLoadedEditorAssemblies (0ms)
				RefreshPlugins (148ms)
				BeforeProcessingInitializeOnLoad (105ms)
				ProcessInitializeOnLoadAttributes (285ms)
				ProcessInitializeOnLoadMethodAttributes (342ms)
				AfterProcessingInitializeOnLoad (2ms)
				EditorAssembliesLoaded (0ms)
			ExecutionOrderSort2 (0ms)
			AwakeInstancesAfterBackupRestoration (6ms)
Platform modules already initialized, skipping
========================================================================
Worker process is ready to serve import requests
Launched and connected shader compiler UnityShaderCompiler.exe after 0.05 seconds
Refreshing native plugins compatible for Editor in 1.90 ms, found 4 plugins.
Preloading 0 native plugins for Editor in 0.00 ms.
Unloading 6447 Unused Serialized files (Serialized files now loaded: 0)
Unloading 77 unused Assets / (228.0 KB). Loaded Objects now: 6923.
Memory consumption went from 353.4 MB to 353.2 MB.
Total: 9.996900 ms (FindLiveObjects: 0.574700 ms CreateObjectMapping: 0.530300 ms MarkObjects: 8.702100 ms  DeleteObjects: 0.188700 ms)

AssetImportParameters requested are different than current active one (requested -> active):
  custom:video-decoder-ogg-theora: a1e56fd34408186e4bbccfd4996cb3dc -> 
  custom:container-muxer-webm: aa71ff27fc2769a1b78a27578f13a17b -> 
  custom:container-demuxer-webm: 4f35f7cbe854078d1ac9338744f61a02 -> 
  custom:video-encoder-webm-vp8: eb34c28f22e8b96e1ab97ce403110664 -> 
  custom:audio-encoder-webm-vorbis: bf7c407c2cedff20999df2af8eb42d56 -> 
  custom:framework-win-MediaFoundation: 216162199b28c13a410421893ffa2e32 -> 
  custom:container-demuxer-ogg: 62fdf1f143b41e24485cea50d1cbac27 -> 
  custom:video-decoder-webm-vp8: 9c59270c3fd7afecdb556c50c9e8de78 -> 
  custom:audio-decoder-ogg-vorbis: bf7c407c2cedff20999df2af8eb42d56 -> 
========================================================================
Received Import Request.
  Time since last request: 251138.429444 seconds.
  path: Assets/ARPG Effects/Prefabs/Loot/Items/Essence Item/ItemGreenEssence.prefab
  artifactKey: Guid(2d5ede0c64464ed49abe311382bc03e0) Importer(815301076,1909f56bfc062723c751e8b465ee728b)
Start importing Assets/ARPG Effects/Prefabs/Loot/Items/Essence Item/ItemGreenEssence.prefab using Guid(2d5ede0c64464ed49abe311382bc03e0) Importer(815301076,1909f56bfc062723c751e8b465ee728b)  -> (artifact id: 'bef62f5f6c7c971d46ea83a1b3c44f61') in 0.148263 seconds 
========================================================================
Received Import Request.
  Time since last request: 65.554532 seconds.
  path: Assets/ARPG Effects/Materials/Misc/dot.mat
  artifactKey: Guid(440d167d665405341839b8599dfd86ff) Importer(815301076,1909f56bfc062723c751e8b465ee728b)
Start importing Assets/ARPG Effects/Materials/Misc/dot.mat using Guid(440d167d665405341839b8599dfd86ff) Importer(815301076,1909f56bfc062723c751e8b465ee728b)  -> (artifact id: 'f58082cee537023b94e0cc05c0d6c2ca') in 0.044317 seconds 
========================================================================
Received Import Request.
  Time since last request: 0.000022 seconds.
  path: Assets/ARPG Effects/Materials/Misc/leveluprays.mat
  artifactKey: Guid(723956fd057603a4e92c683ce37a679f) Importer(815301076,1909f56bfc062723c751e8b465ee728b)
Start importing Assets/ARPG Effects/Materials/Misc/leveluprays.mat using Guid(723956fd057603a4e92c683ce37a679f) Importer(815301076,1909f56bfc062723c751e8b465ee728b)  -> (artifact id: 'e00a6012d3ad7f4b8244efce25a7290f') in 0.022667 seconds 
========================================================================
Received Import Request.
  Time since last request: 0.000030 seconds.
  path: Assets/ARPG Effects/Materials/Misc/rain_impact.mat
  artifactKey: Guid(c76697546db67bb4ba55f3c4b869ad34) Importer(815301076,1909f56bfc062723c751e8b465ee728b)
Start importing Assets/ARPG Effects/Materials/Misc/rain_impact.mat using Guid(c76697546db67bb4ba55f3c4b869ad34) Importer(815301076,1909f56bfc062723c751e8b465ee728b)  -> (artifact id: '8dd7cc0847af4ba014684bfa758bf60a') in 0.025858 seconds 
========================================================================
Received Import Request.
  Time since last request: 0.000025 seconds.
  path: Assets/ARPG Effects/Materials/Misc/shield.mat
  artifactKey: Guid(b0cbc994c19e7a044996d84b219bc432) Importer(815301076,1909f56bfc062723c751e8b465ee728b)
Start importing Assets/ARPG Effects/Materials/Misc/shield.mat using Guid(b0cbc994c19e7a044996d84b219bc432) Importer(815301076,1909f56bfc062723c751e8b465ee728b)  -> (artifact id: '7fc9d0f419314d7cd56a2ba32793dbf4') in 0.020411 seconds 
========================================================================
Received Import Request.
  Time since last request: 0.000045 seconds.
  path: Assets/ARPG Effects/Materials/Misc/verticalgradient2.mat
  artifactKey: Guid(d97f6b98dffac7d49ad931dd11005667) Importer(815301076,1909f56bfc062723c751e8b465ee728b)
Start importing Assets/ARPG Effects/Materials/Misc/verticalgradient2.mat using Guid(d97f6b98dffac7d49ad931dd11005667) Importer(815301076,1909f56bfc062723c751e8b465ee728b)  -> (artifact id: '88a58cec573fd4b69f782d6add410b87') in 0.014044 seconds 
========================================================================
Received Import Request.
  Time since last request: 0.000022 seconds.
  path: Assets/ARPG Effects/Materials/Misc/verticalgradient3.mat
  artifactKey: Guid(96fd7bd951166b940a23abb57a60588b) Importer(815301076,1909f56bfc062723c751e8b465ee728b)
Start importing Assets/ARPG Effects/Materials/Misc/verticalgradient3.mat using Guid(96fd7bd951166b940a23abb57a60588b) Importer(815301076,1909f56bfc062723c751e8b465ee728b)  -> (artifact id: '7bfcc6f723a509ad8329259a5d4703d6') in 0.016563 seconds 
========================================================================
Received Import Request.
  Time since last request: 5.919710 seconds.
  path: Assets/ARPG Effects/Materials/Misc/beamglow.mat
  artifactKey: Guid(d2a3d8c55cf59d14f802db9880d38095) Importer(815301076,1909f56bfc062723c751e8b465ee728b)
Start importing Assets/ARPG Effects/Materials/Misc/beamglow.mat using Guid(d2a3d8c55cf59d14f802db9880d38095) Importer(815301076,1909f56bfc062723c751e8b465ee728b)  -> (artifact id: '01ecb813b02437ff6377c1fe9c6e8dd1') in 0.017899 seconds 
========================================================================
Received Import Request.
  Time since last request: 9.579559 seconds.
  path: Assets/ARPG Effects/Materials/Quest Markers/questmarker_green.mat
  artifactKey: Guid(f72b440b5e475f1438fb9df8f4037ade) Importer(815301076,1909f56bfc062723c751e8b465ee728b)
Start importing Assets/ARPG Effects/Materials/Quest Markers/questmarker_green.mat using Guid(f72b440b5e475f1438fb9df8f4037ade) Importer(815301076,1909f56bfc062723c751e8b465ee728b)  -> (artifact id: '197b9c12584b1be6602b07e87be07078') in 0.021942 seconds 
========================================================================
Received Import Request.
  Time since last request: 0.000023 seconds.
  path: Assets/ARPG Effects/Materials/Quest Markers/questmarker_yellow.mat
  artifactKey: Guid(bdff5c76d21f1884f8cd6291084b1fc8) Importer(815301076,1909f56bfc062723c751e8b465ee728b)
Start importing Assets/ARPG Effects/Materials/Quest Markers/questmarker_yellow.mat using Guid(bdff5c76d21f1884f8cd6291084b1fc8) Importer(815301076,1909f56bfc062723c751e8b465ee728b)  -> (artifact id: '42de525e24102332f903c05a0fa07737') in 0.109696 seconds 
========================================================================
Received Import Request.
  Time since last request: 18.588393 seconds.
  path: Assets/ARPG Effects/Prefabs/Loot/Items/Runes/ItemRune02.prefab
  artifactKey: Guid(e2adf4fc776b6484eb85e7f174ac483d) Importer(815301076,1909f56bfc062723c751e8b465ee728b)
Start importing Assets/ARPG Effects/Prefabs/Loot/Items/Runes/ItemRune02.prefab using Guid(e2adf4fc776b6484eb85e7f174ac483d) Importer(815301076,1909f56bfc062723c751e8b465ee728b)  -> (artifact id: 'f09238f4ec768c54ba44b4a30e17a892') in 0.021121 seconds 
========================================================================
Received Import Request.
  Time since last request: 11.708208 seconds.
  path: Assets/ARPG Effects/Prefabs/Loot/Items/Glow Item/ItemGlowNormal.prefab
  artifactKey: Guid(60ce1a6f2d1981647acad43a89f94c55) Importer(815301076,1909f56bfc062723c751e8b465ee728b)
Start importing Assets/ARPG Effects/Prefabs/Loot/Items/Glow Item/ItemGlowNormal.prefab using Guid(60ce1a6f2d1981647acad43a89f94c55) Importer(815301076,1909f56bfc062723c751e8b465ee728b)  -> (artifact id: 'd81f2e8835098dec26d002f61421653f') in 0.017681 seconds 
========================================================================
Received Import Request.
  Time since last request: 5387.999389 seconds.
  path: Assets/Resources/DOTweenSettings.asset
  artifactKey: Guid(ae5cbb21d7f86014eb3b0b938dd2c960) Importer(815301076,1909f56bfc062723c751e8b465ee728b)
Start importing Assets/Resources/DOTweenSettings.asset using Guid(ae5cbb21d7f86014eb3b0b938dd2c960) Importer(815301076,1909f56bfc062723c751e8b465ee728b)  -> (artifact id: '24e591f7eebbfd9152441087ebbf3d62') in 0.005545 seconds 
========================================================================
Received Import Request.
  Time since last request: 1313.402544 seconds.
  path: Assets/Resources/InventoryDatabase/ItemCategories
  artifactKey: Guid(fded4eac82180814baab896a8ffe81ed) Importer(815301076,1909f56bfc062723c751e8b465ee728b)
Start importing Assets/Resources/InventoryDatabase/ItemCategories using Guid(fded4eac82180814baab896a8ffe81ed) Importer(815301076,1909f56bfc062723c751e8b465ee728b)  -> (artifact id: '69908836a93ad7dcc8c5b6ad43e5a51a') in 0.001760 seconds 
========================================================================
Received Import Request.
  Time since last request: 0.109970 seconds.
  path: Assets/Resources/InventoryDatabase/ItemCategories/All.asset
  artifactKey: Guid(700af0e7aaf98ce4e95e3c663248b92e) Importer(815301076,1909f56bfc062723c751e8b465ee728b)
Start importing Assets/Resources/InventoryDatabase/ItemCategories/All.asset using Guid(700af0e7aaf98ce4e95e3c663248b92e) Importer(815301076,1909f56bfc062723c751e8b465ee728b)  -> (artifact id: '2c5899fcd43d0492f38b3c091e4f9840') in 0.004729 seconds 
========================================================================
Received Import Request.
  Time since last request: 3.072336 seconds.
  path: Assets/Resources/InventoryDatabase/CraftingCategory/Uncategorized.asset
  artifactKey: Guid(bd430ecd28dcf7e43a879fa5d6a366df) Importer(815301076,1909f56bfc062723c751e8b465ee728b)
Start importing Assets/Resources/InventoryDatabase/CraftingCategory/Uncategorized.asset using Guid(bd430ecd28dcf7e43a879fa5d6a366df) Importer(815301076,1909f56bfc062723c751e8b465ee728b)  -> (artifact id: '9b1f4176a12dc1919279f994f19d07c8') in 0.002148 seconds 
========================================================================
Received Import Request.
  Time since last request: 9587.845075 seconds.
  path: Assets/Opsive/UltimateInventorySystem/Demo/DemoInventoryDatabase/DemoInventoryDatabase.asset
  artifactKey: Guid(c2701a9ea6217ea42a694d8410b2e45e) Importer(815301076,1909f56bfc062723c751e8b465ee728b)
Start importing Assets/Opsive/UltimateInventorySystem/Demo/DemoInventoryDatabase/DemoInventoryDatabase.asset using Guid(c2701a9ea6217ea42a694d8410b2e45e) Importer(815301076,1909f56bfc062723c751e8b465ee728b)  -> (artifact id: 'd268d8a54325bd04d779483db4ce85f2') in 0.073502 seconds 
========================================================================
Received Import Request.
  Time since last request: 34.773548 seconds.
  path: Assets/Resources/InventoryDatabase
  artifactKey: Guid(511b7808ebb955b4aad4a0306bc54664) Importer(815301076,1909f56bfc062723c751e8b465ee728b)
Start importing Assets/Resources/InventoryDatabase using Guid(511b7808ebb955b4aad4a0306bc54664) Importer(815301076,1909f56bfc062723c751e8b465ee728b)  -> (artifact id: 'd549a9519dc3b54a3e28fae2646dc78b') in 0.001348 seconds 
========================================================================
Received Import Request.
  Time since last request: 10.771576 seconds.
  path: Assets/Resources/InventoryDatabase/DB_Inventory
  artifactKey: Guid(81d41402a2cc99241a1d4e6afc37107c) Importer(815301076,1909f56bfc062723c751e8b465ee728b)
Start importing Assets/Resources/InventoryDatabase/DB_Inventory using Guid(81d41402a2cc99241a1d4e6afc37107c) Importer(815301076,1909f56bfc062723c751e8b465ee728b)  -> (artifact id: '6c7ec5bd5e469a2b264c795578fafd74') in 0.002107 seconds 
========================================================================
Received Import Request.
  Time since last request: 43.306516 seconds.
  path: Assets/Resources/InventoryDatabase/DB_Inventory/InventoryDatabase
  artifactKey: Guid(1b84115bff3f18e45833c51608073d7c) Importer(815301076,1909f56bfc062723c751e8b465ee728b)
Start importing Assets/Resources/InventoryDatabase/DB_Inventory/InventoryDatabase using Guid(1b84115bff3f18e45833c51608073d7c) Importer(815301076,1909f56bfc062723c751e8b465ee728b)  -> (artifact id: '42c1258b60df9f07e38f235ea6e87fa6') in 0.001317 seconds 
========================================================================
Received Import Request.
  Time since last request: 0.071374 seconds.
  path: Assets/Resources/InventoryDatabase/DB_Inventory/InventoryDatabase/InventoryDatabase.asset
  artifactKey: Guid(d9523c50532a898468f5933f4c8eaddb) Importer(815301076,1909f56bfc062723c751e8b465ee728b)
Start importing Assets/Resources/InventoryDatabase/DB_Inventory/InventoryDatabase/InventoryDatabase.asset using Guid(d9523c50532a898468f5933f4c8eaddb) Importer(815301076,1909f56bfc062723c751e8b465ee728b)  -> (artifact id: '7964cdafe19c87cc7b2da5770f81cb19') in 0.002023 seconds 
========================================================================
Received Import Request.
  Time since last request: 74.742500 seconds.
  path: Assets/Resources/InventoryDatabase/InventoryDatabase
  artifactKey: Guid(90beb3a596e922d4fa0a5272cb8b07f0) Importer(815301076,1909f56bfc062723c751e8b465ee728b)
Start importing Assets/Resources/InventoryDatabase/InventoryDatabase using Guid(90beb3a596e922d4fa0a5272cb8b07f0) Importer(815301076,1909f56bfc062723c751e8b465ee728b)  -> (artifact id: '0112a3089e1b70671a3cc21fd71f43da') in 0.001427 seconds 
========================================================================
Received Import Request.
  Time since last request: 0.011808 seconds.
  path: Assets/Resources/InventoryDatabase/InventoryDatabase/InventoryDatabase.asset
  artifactKey: Guid(5ef4163cca5d3a34595d3947f70045dd) Importer(815301076,1909f56bfc062723c751e8b465ee728b)
Start importing Assets/Resources/InventoryDatabase/InventoryDatabase/InventoryDatabase.asset using Guid(5ef4163cca5d3a34595d3947f70045dd) Importer(815301076,1909f56bfc062723c751e8b465ee728b)  -> (artifact id: '2be51f0038570fce58bb8877d8992f02') in 0.001871 seconds 
========================================================================
Received Import Request.
  Time since last request: 57.342475 seconds.
  path: Assets/Resources/InventoryDatabase/InventoryDatabase/ItemCategories
  artifactKey: Guid(3b1b8e96cf9f19b46874f0fdb9648044) Importer(815301076,1909f56bfc062723c751e8b465ee728b)
Start importing Assets/Resources/InventoryDatabase/InventoryDatabase/ItemCategories using Guid(3b1b8e96cf9f19b46874f0fdb9648044) Importer(815301076,1909f56bfc062723c751e8b465ee728b)  -> (artifact id: 'f0bf49fac92d2f5ddb71af9bf21f38aa') in 0.001412 seconds 
========================================================================
Received Import Request.
  Time since last request: 330.287261 seconds.
  path: Assets/Opsive/Shared/Editor/Opsive.Shared.Editor.asmdef
  artifactKey: Guid(bbb15c76beca87041af309d0035105a2) Importer(815301076,1909f56bfc062723c751e8b465ee728b)
Start importing Assets/Opsive/Shared/Editor/Opsive.Shared.Editor.asmdef using Guid(bbb15c76beca87041af309d0035105a2) Importer(815301076,1909f56bfc062723c751e8b465ee728b)  -> (artifact id: '32ac5c2b08a1da7f2de66f67c383a324') in 0.003362 seconds 
========================================================================
Received Import Request.
  Time since last request: 1.103229 seconds.
  path: Assets/Opsive
  artifactKey: Guid(75ee25a90ee12bc4cb893bac4940a157) Importer(815301076,1909f56bfc062723c751e8b465ee728b)
Start importing Assets/Opsive using Guid(75ee25a90ee12bc4cb893bac4940a157) Importer(815301076,1909f56bfc062723c751e8b465ee728b)  -> (artifact id: 'f7ee487ad6e1992a0f74a4da9bbbba1e') in 0.001868 seconds 
========================================================================
Received Import Request.
  Time since last request: 26.871514 seconds.
  path: Assets/Opsive/UltimateInventorySystem/Demo
  artifactKey: Guid(84ed748a79074c629232a21336636bd9) Importer(815301076,1909f56bfc062723c751e8b465ee728b)
Start importing Assets/Opsive/UltimateInventorySystem/Demo using Guid(84ed748a79074c629232a21336636bd9) Importer(815301076,1909f56bfc062723c751e8b465ee728b)  -> (artifact id: 'f5e17b6920346c597c0ee2f1aac4c5b6') in 0.001301 seconds 
========================================================================
Received Import Request.
  Time since last request: 4.090085 seconds.
  path: Assets/Opsive/UltimateInventorySystem/Demo/_FeatureDemos
  artifactKey: Guid(b6b65040a8948cc4fa46d7ca4bb72f08) Importer(815301076,1909f56bfc062723c751e8b465ee728b)
Start importing Assets/Opsive/UltimateInventorySystem/Demo/_FeatureDemos using Guid(b6b65040a8948cc4fa46d7ca4bb72f08) Importer(815301076,1909f56bfc062723c751e8b465ee728b)  -> (artifact id: '85998f56b7d1db445549c94a09256ed2') in 0.001810 seconds 
========================================================================
Received Import Request.
  Time since last request: 3.775069 seconds.
  path: Assets/Opsive/UltimateInventorySystem/Demo/Demo
  artifactKey: Guid(d1003e0e1b17d6d4283eb86f6f1606f6) Importer(815301076,1909f56bfc062723c751e8b465ee728b)
Start importing Assets/Opsive/UltimateInventorySystem/Demo/Demo using Guid(d1003e0e1b17d6d4283eb86f6f1606f6) Importer(815301076,1909f56bfc062723c751e8b465ee728b)  -> (artifact id: 'b4a642ed4aa1599c15eff3b0e2d62b6e') in 0.001438 seconds 
========================================================================
Received Import Request.
  Time since last request: 0.068078 seconds.
  path: Assets/Opsive/UltimateInventorySystem/Demo/Demo/NavMesh.asset
  artifactKey: Guid(fe203449c9083994cb0cbb7edce96b82) Importer(815301076,1909f56bfc062723c751e8b465ee728b)
Start importing Assets/Opsive/UltimateInventorySystem/Demo/Demo/NavMesh.asset using Guid(fe203449c9083994cb0cbb7edce96b82) Importer(815301076,1909f56bfc062723c751e8b465ee728b)  -> (artifact id: '0622a087263ee4946c29f7cd090b2bad') in 0.010411 seconds 
========================================================================
Received Import Request.
  Time since last request: 6.218612 seconds.
  path: Assets/Opsive/UltimateInventorySystem/Demo/Demo.unity
  artifactKey: Guid(ff3fe81762c03a5418427843aeda8898) Importer(815301076,1909f56bfc062723c751e8b465ee728b)
Start importing Assets/Opsive/UltimateInventorySystem/Demo/Demo.unity using Guid(ff3fe81762c03a5418427843aeda8898) Importer(815301076,1909f56bfc062723c751e8b465ee728b)  -> (artifact id: '877b02b68b387023ef89a3e07b80a1a5') in 0.001652 seconds 
========================================================================
Received Import Request.
  Time since last request: 93.551308 seconds.
  path: Assets/Opsive/Shared/Inventory/Opsive.Shared.Inventory.dll
  artifactKey: Guid(8c8c6410db0512a47b491ef7e78b3b8a) Importer(815301076,1909f56bfc062723c751e8b465ee728b)
Start importing Assets/Opsive/Shared/Inventory/Opsive.Shared.Inventory.dll using Guid(8c8c6410db0512a47b491ef7e78b3b8a) Importer(815301076,1909f56bfc062723c751e8b465ee728b)  -> (artifact id: '740edd21b72ee0a7c8560a198dd351c6') in 0.003878 seconds 
========================================================================
Received Import Request.
  Time since last request: 6.452408 seconds.
  path: Assets/Opsive/Shared/Editor/ImportStatus.asset
  artifactKey: Guid(7e37b1ab2412bb149ab5b158ea8e9898) Importer(815301076,1909f56bfc062723c751e8b465ee728b)
Start importing Assets/Opsive/Shared/Editor/ImportStatus.asset using Guid(7e37b1ab2412bb149ab5b158ea8e9898) Importer(815301076,1909f56bfc062723c751e8b465ee728b)  -> (artifact id: 'ba2fef9c96a3a366984cf9aa472d7380') in 0.002107 seconds 
========================================================================
Received Import Request.
  Time since last request: 7.874927 seconds.
  path: Assets/Opsive/UltimateInventorySystem/Demo/DemoInventoryDatabase/ItemRestrictionSet.asset
  artifactKey: Guid(32e466996b950544caba7d21a89a27b6) Importer(815301076,1909f56bfc062723c751e8b465ee728b)
Start importing Assets/Opsive/UltimateInventorySystem/Demo/DemoInventoryDatabase/ItemRestrictionSet.asset using Guid(32e466996b950544caba7d21a89a27b6) Importer(815301076,1909f56bfc062723c751e8b465ee728b)  -> (artifact id: '1f3d8e06a66ddba78e859e79aeb93b4c') in 0.002792 seconds 
========================================================================
Received Import Request.
  Time since last request: 25.916881 seconds.
  path: Assets/Opsive/UltimateInventorySystem/Demo/Prefabs/Environment/ItemPickupBag.prefab
  artifactKey: Guid(427be4eadd7d3fd4e960c2790ba78d6b) Importer(815301076,1909f56bfc062723c751e8b465ee728b)
Start importing Assets/Opsive/UltimateInventorySystem/Demo/Prefabs/Environment/ItemPickupBag.prefab using Guid(427be4eadd7d3fd4e960c2790ba78d6b) Importer(815301076,1909f56bfc062723c751e8b465ee728b)  -> (artifact id: '634b82f836f77a50b94e6755326730e7') in 0.060669 seconds 
========================================================================
Received Import Request.
  Time since last request: 2691.599812 seconds.
  path: Assets/Opsive/UltimateInventorySystem/Demo/Prefabs/Items/Weapons/WoodenSword (ColliderVariant).prefab
  artifactKey: Guid(86e8d4f64cc262c4bb416929ebe2e4fa) Importer(815301076,1909f56bfc062723c751e8b465ee728b)
Start importing Assets/Opsive/UltimateInventorySystem/Demo/Prefabs/Items/Weapons/WoodenSword (ColliderVariant).prefab using Guid(86e8d4f64cc262c4bb416929ebe2e4fa) Importer(815301076,1909f56bfc062723c751e8b465ee728b)  -> (artifact id: '007f63c001efc86fa1562eed9d2ab44f') in 0.074515 seconds 
========================================================================
Received Import Request.
  Time since last request: 1.503559 seconds.
  path: Assets/Opsive/UltimateInventorySystem/Demo/Prefabs/Items/Weapons/WizardWand (Variant).prefab
  artifactKey: Guid(a005b08068edeb7468601409c3a431b8) Importer(815301076,1909f56bfc062723c751e8b465ee728b)
Start importing Assets/Opsive/UltimateInventorySystem/Demo/Prefabs/Items/Weapons/WizardWand (Variant).prefab using Guid(a005b08068edeb7468601409c3a431b8) Importer(815301076,1909f56bfc062723c751e8b465ee728b)  -> (artifact id: '341f53a5ecdaaca6e1ce5a6e63bd9c23') in 0.074265 seconds 
========================================================================
Received Import Request.
  Time since last request: 0.000024 seconds.
  path: Assets/Opsive/UltimateInventorySystem/Demo/Prefabs/Items/Weapons/UsableWeapons/WandUsableWeapon.prefab
  artifactKey: Guid(cdb77e2f31c8dc543a3d2c2dd2930257) Importer(815301076,1909f56bfc062723c751e8b465ee728b)
Start importing Assets/Opsive/UltimateInventorySystem/Demo/Prefabs/Items/Weapons/UsableWeapons/WandUsableWeapon.prefab using Guid(cdb77e2f31c8dc543a3d2c2dd2930257) Importer(815301076,1909f56bfc062723c751e8b465ee728b)  -> (artifact id: '3b287deb30cedf25a6cffaf04f9e0cb2') in 0.054163 seconds 
========================================================================
Received Import Request.
  Time since last request: 45.081190 seconds.
  path: Assets/Opsive/UltimateInventorySystem/Demo/Prefabs/Items/Weapons/IceWand (Variant).prefab
  artifactKey: Guid(5c210db23fbae0f4f941e62b32fcadf9) Importer(815301076,1909f56bfc062723c751e8b465ee728b)
Start importing Assets/Opsive/UltimateInventorySystem/Demo/Prefabs/Items/Weapons/IceWand (Variant).prefab using Guid(5c210db23fbae0f4f941e62b32fcadf9) Importer(815301076,1909f56bfc062723c751e8b465ee728b)  -> (artifact id: 'd7ed60c5003042eb1eeb0ed6303f4669') in 0.032113 seconds 
========================================================================
Received Import Request.
  Time since last request: 14.619758 seconds.
  path: Assets/Opsive/UltimateInventorySystem/Demo/Prefabs/Items/Projectiles/FireBall.prefab
  artifactKey: Guid(bf4a15ceeae5ae74990e220e85d7a8be) Importer(815301076,1909f56bfc062723c751e8b465ee728b)
Start importing Assets/Opsive/UltimateInventorySystem/Demo/Prefabs/Items/Projectiles/FireBall.prefab using Guid(bf4a15ceeae5ae74990e220e85d7a8be) Importer(815301076,1909f56bfc062723c751e8b465ee728b)  -> (artifact id: '56b77c8d6914f327d02a3e49a32400e0') in 0.044602 seconds 
========================================================================
Received Prepare
Registering precompiled user dll's ...
Registered in 0.013158 seconds.
Begin MonoManager ReloadAssembly
Symbol file LoadedFromMemory doesn't match image D:\Clone\mobile_init\mobile_initcopy\Library\PackageCache\com.unity.visualscripting@1.7.6\Editor\VisualScripting.Core\Dependencies\DotNetZip\Unity.VisualScripting.IonicZip.dll
Symbol file LoadedFromMemory doesn't match image D:\Clone\mobile_init\mobile_initcopy\Library\PackageCache\com.unity.visualscripting@1.7.6\Editor\VisualScripting.Core\Dependencies\YamlDotNet\Unity.VisualScripting.YamlDotNet.dll
Symbol file LoadedFromMemory is not a mono symbol file
Native extension for WindowsStandalone target not found
Native extension for Android target not found
Native extension for WebGL target not found
Refreshing native plugins compatible for Editor in 1.98 ms, found 4 plugins.
Preloading 0 native plugins for Editor in 0.00 ms.
Mono: successfully reloaded assembly
- Completed reload, in  1.318 seconds
Domain Reload Profiling:
	ReloadAssembly (1319ms)
		BeginReloadAssembly (206ms)
			ExecutionOrderSort (0ms)
			DisableScriptedObjects (8ms)
			BackupInstance (0ms)
			ReleaseScriptingObjects (0ms)
			CreateAndSetChildDomain (83ms)
		EndReloadAssembly (1026ms)
			LoadAssemblies (166ms)
			RebuildTransferFunctionScriptingTraits (0ms)
			SetupTypeCache (259ms)
			ReleaseScriptCaches (2ms)
			RebuildScriptCaches (41ms)
			SetupLoadedEditorAssemblies (558ms)
				LogAssemblyErrors (0ms)
				InitializePlatformSupportModulesInManaged (19ms)
				SetLoadedEditorAssemblies (0ms)
				RefreshPlugins (2ms)
				BeforeProcessingInitializeOnLoad (69ms)
				ProcessInitializeOnLoadAttributes (170ms)
				ProcessInitializeOnLoadMethodAttributes (295ms)
				AfterProcessingInitializeOnLoad (2ms)
				EditorAssembliesLoaded (0ms)
			ExecutionOrderSort2 (0ms)
			AwakeInstancesAfterBackupRestoration (8ms)
Platform modules already initialized, skipping
Refreshing native plugins compatible for Editor in 5.51 ms, found 4 plugins.
Preloading 0 native plugins for Editor in 0.00 ms.
Unloading 6117 Unused Serialized files (Serialized files now loaded: 0)
Unloading 67 unused Assets / (196.3 KB). Loaded Objects now: 6967.
Memory consumption went from 325.6 MB to 325.4 MB.
Total: 9.012800 ms (FindLiveObjects: 0.440700 ms CreateObjectMapping: 0.177500 ms MarkObjects: 8.177400 ms  DeleteObjects: 0.215400 ms)

AssetImportParameters requested are different than current active one (requested -> active):
  custom:video-decoder-ogg-theora: a1e56fd34408186e4bbccfd4996cb3dc -> 
  custom:container-muxer-webm: aa71ff27fc2769a1b78a27578f13a17b -> 
  custom:container-demuxer-webm: 4f35f7cbe854078d1ac9338744f61a02 -> 
  custom:video-encoder-webm-vp8: eb34c28f22e8b96e1ab97ce403110664 -> 
  custom:audio-encoder-webm-vorbis: bf7c407c2cedff20999df2af8eb42d56 -> 
  custom:framework-win-MediaFoundation: 216162199b28c13a410421893ffa2e32 -> 
  custom:container-demuxer-ogg: 62fdf1f143b41e24485cea50d1cbac27 -> 
  custom:video-decoder-webm-vp8: 9c59270c3fd7afecdb556c50c9e8de78 -> 
  custom:audio-decoder-ogg-vorbis: bf7c407c2cedff20999df2af8eb42d56 -> 
========================================================================
Received Import Request.
  Time since last request: 6294.939127 seconds.
  path: Assets/Resources/InventoryDatabase/UIDesignerSchema/UISchemaAssets/Category Item View Set For Shop.asset
  artifactKey: Guid(69da0cb148b6bb44283dede1c0feff2d) Importer(815301076,1909f56bfc062723c751e8b465ee728b)
Start importing Assets/Resources/InventoryDatabase/UIDesignerSchema/UISchemaAssets/Category Item View Set For Shop.asset using Guid(69da0cb148b6bb44283dede1c0feff2d) Importer(815301076,1909f56bfc062723c751e8b465ee728b)  -> (artifact id: 'e2e523968bd3f3b3687e81513961e68e') in 0.077490 seconds 
========================================================================
Received Import Request.
  Time since last request: 0.000032 seconds.
  path: Assets/Resources/InventoryDatabase/UIDesignerSchema/UISchemaAssets/Item Description.prefab
  artifactKey: Guid(05aff38c7e25a054f9ad73923ed51d6f) Importer(815301076,1909f56bfc062723c751e8b465ee728b)
Start importing Assets/Resources/InventoryDatabase/UIDesignerSchema/UISchemaAssets/Item Description.prefab using Guid(05aff38c7e25a054f9ad73923ed51d6f) Importer(815301076,1909f56bfc062723c751e8b465ee728b)  -> (artifact id: '328e7433cdbb2cf69cf16101da5c0294') in 0.039006 seconds 
========================================================================
Received Import Request.
  Time since last request: 0.000027 seconds.
  path: Assets/Resources/InventoryDatabase/UIDesignerSchema/UISchemaAssets/Item Action Panel.prefab
  artifactKey: Guid(92cf79aea934399488235a7f56293dbd) Importer(815301076,1909f56bfc062723c751e8b465ee728b)
Start importing Assets/Resources/InventoryDatabase/UIDesignerSchema/UISchemaAssets/Item Action Panel.prefab using Guid(92cf79aea934399488235a7f56293dbd) Importer(815301076,1909f56bfc062723c751e8b465ee728b)  -> (artifact id: '29b748b69f06b584da440fd70eb012b2') in 0.025758 seconds 
========================================================================
Received Import Request.
  Time since last request: 0.000019 seconds.
  path: Assets/Resources/InventoryDatabase/UIDesignerSchema/UISchemaAssets/Inventory Grid.prefab
  artifactKey: Guid(493a29919c5e5384d9a637eb649328f4) Importer(815301076,1909f56bfc062723c751e8b465ee728b)
Start importing Assets/Resources/InventoryDatabase/UIDesignerSchema/UISchemaAssets/Inventory Grid.prefab using Guid(493a29919c5e5384d9a637eb649328f4) Importer(815301076,1909f56bfc062723c751e8b465ee728b)  -> (artifact id: '7a1207374e36ff247069a82ce409d5e7') in 0.008440 seconds 
========================================================================
Received Import Request.
  Time since last request: 0.000026 seconds.
  path: Assets/Resources/InventoryDatabase/UIDesignerSchema/UISchemaAssets/Item Action Button.prefab
  artifactKey: Guid(08e138eb36274d745a74058bd2270a63) Importer(815301076,1909f56bfc062723c751e8b465ee728b)
Start importing Assets/Resources/InventoryDatabase/UIDesignerSchema/UISchemaAssets/Item Action Button.prefab using Guid(08e138eb36274d745a74058bd2270a63) Importer(815301076,1909f56bfc062723c751e8b465ee728b)  -> (artifact id: '5622702564384c5eca2523a5da582d1f') in 0.019567 seconds 
========================================================================
Received Import Request.
  Time since last request: 0.000018 seconds.
  path: Assets/Resources/InventoryDatabase/UIDesignerSchema/UISchemaAssets/Crafting Menu.prefab
  artifactKey: Guid(71d88d24a7ad9ef46af655fbbff10d8c) Importer(815301076,1909f56bfc062723c751e8b465ee728b)
Start importing Assets/Resources/InventoryDatabase/UIDesignerSchema/UISchemaAssets/Crafting Menu.prefab using Guid(71d88d24a7ad9ef46af655fbbff10d8c) Importer(815301076,1909f56bfc062723c751e8b465ee728b)  -> (artifact id: '6a16ec973871738b93d4e1567a6429fd') in 0.050902 seconds 
========================================================================
Received Import Request.
  Time since last request: 0.000021 seconds.
  path: Assets/Resources/InventoryDatabase/UIDesignerSchema/UISchemaAssets/Floating Panel.prefab
  artifactKey: Guid(84dbf01e734046e46948c92eb3be2f39) Importer(815301076,1909f56bfc062723c751e8b465ee728b)
Start importing Assets/Resources/InventoryDatabase/UIDesignerSchema/UISchemaAssets/Floating Panel.prefab using Guid(84dbf01e734046e46948c92eb3be2f39) Importer(815301076,1909f56bfc062723c751e8b465ee728b)  -> (artifact id: 'be692df45add0ec69a935bb3a8ad6a92') in 0.022199 seconds 
========================================================================
Received Import Request.
  Time since last request: 0.000020 seconds.
  path: Assets/Resources/InventoryDatabase/UIDesignerSchema/UISchemaAssets/Item Shape View Slot.prefab
  artifactKey: Guid(62bb3435f4e547a46a342df3e23c007a) Importer(815301076,1909f56bfc062723c751e8b465ee728b)
Start importing Assets/Resources/InventoryDatabase/UIDesignerSchema/UISchemaAssets/Item Shape View Slot.prefab using Guid(62bb3435f4e547a46a342df3e23c007a) Importer(815301076,1909f56bfc062723c751e8b465ee728b)  -> (artifact id: 'eac39ca774a7e4aac9972b445af7f5b3') in 0.006308 seconds 
========================================================================
Received Import Request.
  Time since last request: 0.000023 seconds.
  path: Assets/Resources/InventoryDatabase/UIDesignerSchema/UISchemaAssets/Equipment Item View Slots Container.prefab
  artifactKey: Guid(a48f29d0fcbcf2946a122c6bba8860df) Importer(815301076,1909f56bfc062723c751e8b465ee728b)
Start importing Assets/Resources/InventoryDatabase/UIDesignerSchema/UISchemaAssets/Equipment Item View Slots Container.prefab using Guid(a48f29d0fcbcf2946a122c6bba8860df) Importer(815301076,1909f56bfc062723c751e8b465ee728b)  -> (artifact id: '426c0be2087b1f15d4dcf41cce376ef1') in 0.026403 seconds 
========================================================================
Received Import Request.
  Time since last request: 0.000022 seconds.
  path: Assets/Resources/InventoryDatabase/UIDesignerSchema/UISchemaAssets/Item Shape Grid.prefab
  artifactKey: Guid(99e3407a2cb3095468cb8833bc228090) Importer(815301076,1909f56bfc062723c751e8b465ee728b)
Start importing Assets/Resources/InventoryDatabase/UIDesignerSchema/UISchemaAssets/Item Shape Grid.prefab using Guid(99e3407a2cb3095468cb8833bc228090) Importer(815301076,1909f56bfc062723c751e8b465ee728b)  -> (artifact id: '4d01b57a65882b01fd4d5fbc70709ceb') in 0.021197 seconds 
========================================================================
Received Import Request.
  Time since last request: 0.000026 seconds.
  path: Assets/Resources/InventoryDatabase/UIDesignerSchema/UISchemaAssets/Item Description Big.prefab
  artifactKey: Guid(beb2048c8f31f864692c21ea15fc3b2b) Importer(815301076,1909f56bfc062723c751e8b465ee728b)
Start importing Assets/Resources/InventoryDatabase/UIDesignerSchema/UISchemaAssets/Item Description Big.prefab using Guid(beb2048c8f31f864692c21ea15fc3b2b) Importer(815301076,1909f56bfc062723c751e8b465ee728b)  -> (artifact id: '28307385ad898ed220a5821a50bdc629') in 0.027361 seconds 
========================================================================
Received Import Request.
  Time since last request: 0.000019 seconds.
  path: Assets/Resources/InventoryDatabase/UIDesignerSchema/UISchemaAssets/Item Description Small.prefab
  artifactKey: Guid(a471d49c82c582c4c9a8b1e3b741c591) Importer(815301076,1909f56bfc062723c751e8b465ee728b)
Start importing Assets/Resources/InventoryDatabase/UIDesignerSchema/UISchemaAssets/Item Description Small.prefab using Guid(a471d49c82c582c4c9a8b1e3b741c591) Importer(815301076,1909f56bfc062723c751e8b465ee728b)  -> (artifact id: '67a161bb7a0246c0895940801848ba46') in 0.021039 seconds 
========================================================================
Received Import Request.
  Time since last request: 0.000021 seconds.
  path: Assets/Resources/InventoryDatabase/UIDesignerSchema/UISchemaAssets/Currency View.prefab
  artifactKey: Guid(bc3f1382f63348e419d1f4d09b4fe848) Importer(815301076,1909f56bfc062723c751e8b465ee728b)
Start importing Assets/Resources/InventoryDatabase/UIDesignerSchema/UISchemaAssets/Currency View.prefab using Guid(bc3f1382f63348e419d1f4d09b4fe848) Importer(815301076,1909f56bfc062723c751e8b465ee728b)  -> (artifact id: '5094c4d711559d1002b37838a7760e58') in 0.023248 seconds 
========================================================================
Received Import Request.
  Time since last request: 0.000023 seconds.
  path: Assets/Resources/InventoryDatabase/UIDesignerSchema/UISchemaAssets/Grid Sorter Dropdown.prefab
  artifactKey: Guid(18c20bb5940c7d544a62f1accfe64104) Importer(815301076,1909f56bfc062723c751e8b465ee728b)
Start importing Assets/Resources/InventoryDatabase/UIDesignerSchema/UISchemaAssets/Grid Sorter Dropdown.prefab using Guid(18c20bb5940c7d544a62f1accfe64104) Importer(815301076,1909f56bfc062723c751e8b465ee728b)  -> (artifact id: 'ee9f8f28bbf0eb38e3482988781b3712') in 0.025740 seconds 
========================================================================
Received Import Request.
  Time since last request: 0.000030 seconds.
  path: Assets/Resources/InventoryDatabase/UIDesignerSchema/UISchemaAssets/InventoryMonitor.prefab
  artifactKey: Guid(ef8c0924e82a13c469f40591bd2612e1) Importer(815301076,1909f56bfc062723c751e8b465ee728b)
Start importing Assets/Resources/InventoryDatabase/UIDesignerSchema/UISchemaAssets/InventoryMonitor.prefab using Guid(ef8c0924e82a13c469f40591bd2612e1) Importer(815301076,1909f56bfc062723c751e8b465ee728b)  -> (artifact id: 'f9d79a82a10beea82f1f1b8c18daf37d') in 0.021061 seconds 
========================================================================
Received Import Request.
  Time since last request: 4.326418 seconds.
  path: Assets/Resources/InventoryDatabase/UIDesignerSchema/UISchemaAssets/Item View For Item Shape Grid.prefab
  artifactKey: Guid(5759910824676b648afd5646ece895c5) Importer(815301076,1909f56bfc062723c751e8b465ee728b)
Start importing Assets/Resources/InventoryDatabase/UIDesignerSchema/UISchemaAssets/Item View For Item Shape Grid.prefab using Guid(5759910824676b648afd5646ece895c5) Importer(815301076,1909f56bfc062723c751e8b465ee728b)  -> (artifact id: '4572b21e8451c1d5472318499932a4bc') in 0.017973 seconds 
========================================================================
Received Import Request.
  Time since last request: 0.000025 seconds.
  path: Assets/Resources/InventoryDatabase/UIDesignerSchema/UISchemaAssets/Recipe Panel.prefab
  artifactKey: Guid(50a553b88afcb2e478f3ed7b4fe6b618) Importer(815301076,1909f56bfc062723c751e8b465ee728b)
Start importing Assets/Resources/InventoryDatabase/UIDesignerSchema/UISchemaAssets/Recipe Panel.prefab using Guid(50a553b88afcb2e478f3ed7b4fe6b618) Importer(815301076,1909f56bfc062723c751e8b465ee728b)  -> (artifact id: '7e4dcd14abf07c174c01d64766925984') in 0.032860 seconds 
========================================================================
Received Import Request.
  Time since last request: 0.000023 seconds.
  path: Assets/Resources/InventoryDatabase/UIDesignerSchema/UISchemaAssets/Save Menu.prefab
  artifactKey: Guid(98bdb54903aae6146a1c8b56043af195) Importer(815301076,1909f56bfc062723c751e8b465ee728b)
Start importing Assets/Resources/InventoryDatabase/UIDesignerSchema/UISchemaAssets/Save Menu.prefab using Guid(98bdb54903aae6146a1c8b56043af195) Importer(815301076,1909f56bfc062723c751e8b465ee728b)  -> (artifact id: '2070f34d76eaff86eeae0365ae499515') in 0.041184 seconds 
========================================================================
Received Import Request.
  Time since last request: 0.000029 seconds.
  path: Assets/Resources/InventoryDatabase/UIDesignerSchema/UISchemaAssets/Main Menu Inner Panel.prefab
  artifactKey: Guid(3f06ed4e12d8a44468775e5dacf660e0) Importer(815301076,1909f56bfc062723c751e8b465ee728b)
Start importing Assets/Resources/InventoryDatabase/UIDesignerSchema/UISchemaAssets/Main Menu Inner Panel.prefab using Guid(3f06ed4e12d8a44468775e5dacf660e0) Importer(815301076,1909f56bfc062723c751e8b465ee728b)  -> (artifact id: '71405df1fa41ca412bf2e466071b2d75') in 0.005762 seconds 
========================================================================
Received Import Request.
  Time since last request: 0.000019 seconds.
  path: Assets/Resources/InventoryDatabase/UIDesignerSchema/UISchemaAssets/Item View Slot.prefab
  artifactKey: Guid(77ac12fece3069f4382fa0a62b316cba) Importer(815301076,1909f56bfc062723c751e8b465ee728b)
Start importing Assets/Resources/InventoryDatabase/UIDesignerSchema/UISchemaAssets/Item View Slot.prefab using Guid(77ac12fece3069f4382fa0a62b316cba) Importer(815301076,1909f56bfc062723c751e8b465ee728b)  -> (artifact id: 'b8cd4a3a29060e701de70fa8339eb719') in 0.006135 seconds 
========================================================================
Received Import Request.
  Time since last request: 0.000020 seconds.
  path: Assets/Resources/InventoryDatabase/UIDesignerSchema/UISchemaAssets/Item View Slot Drop Action Set.asset
  artifactKey: Guid(b13ea8ead19e7b14fa2d63e768ded5ca) Importer(815301076,1909f56bfc062723c751e8b465ee728b)
Start importing Assets/Resources/InventoryDatabase/UIDesignerSchema/UISchemaAssets/Item View Slot Drop Action Set.asset using Guid(b13ea8ead19e7b14fa2d63e768ded5ca) Importer(815301076,1909f56bfc062723c751e8b465ee728b)  -> (artifact id: '0e9fb66aa5725e7cfa0c04d85bc14ea3') in 0.002489 seconds 
========================================================================
Received Import Request.
  Time since last request: 0.000021 seconds.
  path: Assets/Resources/InventoryDatabase/UIDesignerSchema/UISchemaAssets/Main Menu Tab Button.prefab
  artifactKey: Guid(0c69e636c7442a348b0d83fcdf581bc7) Importer(815301076,1909f56bfc062723c751e8b465ee728b)
Start importing Assets/Resources/InventoryDatabase/UIDesignerSchema/UISchemaAssets/Main Menu Tab Button.prefab using Guid(0c69e636c7442a348b0d83fcdf581bc7) Importer(815301076,1909f56bfc062723c751e8b465ee728b)  -> (artifact id: '7427f9a942eaac85282d52b9d88d2d10') in 0.021012 seconds 
========================================================================
Received Import Request.
  Time since last request: 0.000019 seconds.
  path: Assets/Resources/InventoryDatabase/UIDesignerSchema/UISchemaAssets/Multi Currency View.prefab
  artifactKey: Guid(72d943750e6084741895cedf7568c062) Importer(815301076,1909f56bfc062723c751e8b465ee728b)
Start importing Assets/Resources/InventoryDatabase/UIDesignerSchema/UISchemaAssets/Multi Currency View.prefab using Guid(72d943750e6084741895cedf7568c062) Importer(815301076,1909f56bfc062723c751e8b465ee728b)  -> (artifact id: '410fbf563cc233b2ca649905efa0c9be') in 0.021703 seconds 
========================================================================
Received Import Request.
  Time since last request: 0.000021 seconds.
  path: Assets/Resources/InventoryDatabase/UIDesignerSchema/UISchemaAssets/Storage Menu.prefab
  artifactKey: Guid(f234f5e304645eb42948d233ec65ab35) Importer(815301076,1909f56bfc062723c751e8b465ee728b)
Start importing Assets/Resources/InventoryDatabase/UIDesignerSchema/UISchemaAssets/Storage Menu.prefab using Guid(f234f5e304645eb42948d233ec65ab35) Importer(815301076,1909f56bfc062723c751e8b465ee728b)  -> (artifact id: 'd0c8ba0696d005cceceb0054901ec89f') in 0.099966 seconds 
========================================================================
Received Import Request.
  Time since last request: 0.000030 seconds.
  path: Assets/Resources/InventoryDatabase/UIDesignerSchema/UISchemaAssets/Simple Panel.prefab
  artifactKey: Guid(75217b021a4d9744b8401ff0e6738501) Importer(815301076,1909f56bfc062723c751e8b465ee728b)
Start importing Assets/Resources/InventoryDatabase/UIDesignerSchema/UISchemaAssets/Simple Panel.prefab using Guid(75217b021a4d9744b8401ff0e6738501) Importer(815301076,1909f56bfc062723c751e8b465ee728b)  -> (artifact id: '3d73591f8c8e8b00705bf6bb9ae9d46c') in 0.021479 seconds 
========================================================================
Received Import Request.
  Time since last request: 0.000035 seconds.
  path: Assets/Resources/InventoryDatabase/UIDesignerSchema/UISchemaAssets/Quantity Picker Panel.prefab
  artifactKey: Guid(573cac4c61ecab74692f052e9bbffb8c) Importer(815301076,1909f56bfc062723c751e8b465ee728b)
Start importing Assets/Resources/InventoryDatabase/UIDesignerSchema/UISchemaAssets/Quantity Picker Panel.prefab using Guid(573cac4c61ecab74692f052e9bbffb8c) Importer(815301076,1909f56bfc062723c751e8b465ee728b)  -> (artifact id: 'cd03c72a7f0aca25d7d8b849d555c9af') in 0.022703 seconds 
========================================================================
Received Import Request.
  Time since last request: 0.000068 seconds.
  path: Assets/Resources/InventoryDatabase/UIDesignerSchema/UISchemaAssets/Scrollbar With Buttons.prefab
  artifactKey: Guid(cd1049d781ec5634791976884da2ec69) Importer(815301076,1909f56bfc062723c751e8b465ee728b)
Start importing Assets/Resources/InventoryDatabase/UIDesignerSchema/UISchemaAssets/Scrollbar With Buttons.prefab using Guid(cd1049d781ec5634791976884da2ec69) Importer(815301076,1909f56bfc062723c751e8b465ee728b)  -> (artifact id: '6e52cf492c7dbe33b590cd95a6ff1842') in 0.006796 seconds 
========================================================================
Received Import Request.
  Time since last request: 0.000030 seconds.
  path: Assets/Resources/InventoryDatabase/UIDesignerSchema/UISchemaAssets/Main Menu Horizontal.prefab
  artifactKey: Guid(dc714ac85f8aaa44ba1caca0fab4f8a3) Importer(815301076,1909f56bfc062723c751e8b465ee728b)
Start importing Assets/Resources/InventoryDatabase/UIDesignerSchema/UISchemaAssets/Main Menu Horizontal.prefab using Guid(dc714ac85f8aaa44ba1caca0fab4f8a3) Importer(815301076,1909f56bfc062723c751e8b465ee728b)  -> (artifact id: '444ec7199295daf225c73c0de1799953') in 0.021668 seconds 
========================================================================
Received Import Request.
  Time since last request: 64.559278 seconds.
  path: Assets/Resources/InventoryDatabase/UIDesignerSchema/UISchemaAssets/Item View For Hotbar.prefab
  artifactKey: Guid(9dc22f2e6dd7ba64cbf3a889fe72420d) Importer(815301076,1909f56bfc062723c751e8b465ee728b)
Start importing Assets/Resources/InventoryDatabase/UIDesignerSchema/UISchemaAssets/Item View For Hotbar.prefab using Guid(9dc22f2e6dd7ba64cbf3a889fe72420d) Importer(815301076,1909f56bfc062723c751e8b465ee728b)  -> (artifact id: '611212a12041c3551ab18bc58c009b5d') in 0.021858 seconds 
========================================================================
Received Import Request.
  Time since last request: 0.000023 seconds.
  path: Assets/Resources/InventoryDatabase/UIDesignerSchema/UISchemaAssets/Item View For Inventory Monitor.prefab
  artifactKey: Guid(0db608342bc905049a4af1b2b049c053) Importer(815301076,1909f56bfc062723c751e8b465ee728b)
Start importing Assets/Resources/InventoryDatabase/UIDesignerSchema/UISchemaAssets/Item View For Inventory Monitor.prefab using Guid(0db608342bc905049a4af1b2b049c053) Importer(815301076,1909f56bfc062723c751e8b465ee728b)  -> (artifact id: '0533f85f2165c02bfae7139e49c48650') in 0.020958 seconds 
========================================================================
Received Import Request.
  Time since last request: 306.221981 seconds.
  path: Assets/SPUM/UI/ODD_Basic/01_UI_Images/05_ResultScreen/Image_Fail.png
  artifactKey: Guid(a8ab6d43bbe394b429cb3de368017386) Importer(815301076,1909f56bfc062723c751e8b465ee728b)
Start importing Assets/SPUM/UI/ODD_Basic/01_UI_Images/05_ResultScreen/Image_Fail.png using Guid(a8ab6d43bbe394b429cb3de368017386) Importer(815301076,1909f56bfc062723c751e8b465ee728b)  -> (artifact id: 'c981f806170cf54daa3207a9dc178e94') in 0.045292 seconds 
========================================================================
Received Import Request.
  Time since last request: 4.108555 seconds.
  path: Assets/AllIn1VfxToolkit/Demo & Assets/Textures/Shapes/Leaf1.png
  artifactKey: Guid(609460c7156de844590b1bad895ac4b6) Importer(815301076,1909f56bfc062723c751e8b465ee728b)
Start importing Assets/AllIn1VfxToolkit/Demo & Assets/Textures/Shapes/Leaf1.png using Guid(609460c7156de844590b1bad895ac4b6) Importer(815301076,1909f56bfc062723c751e8b465ee728b)  -> (artifact id: 'a4f2d29911d8bc56c56b04f4c0a75a2e') in 0.035907 seconds 
========================================================================
Received Import Request.
  Time since last request: 0.015833 seconds.
  path: Assets/SPUM/SPUM_Sprites/Packages/MS_Orc/5_Armor/Orc_Armor_01.png
  artifactKey: Guid(b58b9eeaf2698f548ab6204807597a43) Importer(815301076,1909f56bfc062723c751e8b465ee728b)
Start importing Assets/SPUM/SPUM_Sprites/Packages/MS_Orc/5_Armor/Orc_Armor_01.png using Guid(b58b9eeaf2698f548ab6204807597a43) Importer(815301076,1909f56bfc062723c751e8b465ee728b)  -> (artifact id: '4244369cd702f7fb44a481f93911aec9') in 0.014788 seconds 
========================================================================
Received Import Request.
  Time since last request: 4.141570 seconds.
  path: Assets/SPUM/SPUM_Sprites/Packages/MS_Orc/3_Pant/Orc_Pant_03.png
  artifactKey: Guid(7646fd6c2ac17054b9e39f0175230733) Importer(815301076,1909f56bfc062723c751e8b465ee728b)
Start importing Assets/SPUM/SPUM_Sprites/Packages/MS_Orc/3_Pant/Orc_Pant_03.png using Guid(7646fd6c2ac17054b9e39f0175230733) Importer(815301076,1909f56bfc062723c751e8b465ee728b)  -> (artifact id: '8f85580cd2c7170a00a03fd3d0f4210b') in 0.020368 seconds 
========================================================================
Received Import Request.
  Time since last request: 0.000026 seconds.
  path: Assets/Resources/SPUM/SPUM_Sprites/Packages/RetroHeroes/3_Pant/Pant_Archer_2.png
  artifactKey: Guid(2d5859d9c14cd9a429506f9f2783879b) Importer(815301076,1909f56bfc062723c751e8b465ee728b)
Start importing Assets/Resources/SPUM/SPUM_Sprites/Packages/RetroHeroes/3_Pant/Pant_Archer_2.png using Guid(2d5859d9c14cd9a429506f9f2783879b) Importer(815301076,1909f56bfc062723c751e8b465ee728b)  -> (artifact id: 'a890bdc854cc4bb7084330d170d7d0bd') in 0.066415 seconds 
========================================================================
Received Import Request.
  Time since last request: 0.000029 seconds.
  path: Assets/Resources/SPUM/SPUM_Sprites/Packages/Undead/5_Armor/Undead_Armor_04.png
  artifactKey: Guid(c00d0c7077c33574497dec21c4749cad) Importer(815301076,1909f56bfc062723c751e8b465ee728b)
Start importing Assets/Resources/SPUM/SPUM_Sprites/Packages/Undead/5_Armor/Undead_Armor_04.png using Guid(c00d0c7077c33574497dec21c4749cad) Importer(815301076,1909f56bfc062723c751e8b465ee728b)  -> (artifact id: 'bb17e994195e9863681dd44821a02dad') in 0.039426 seconds 
========================================================================
Received Import Request.
  Time since last request: 0.000021 seconds.
  path: Assets/Resources/SPUM/SPUM_Sprites/Packages/Undead/3_Pant/Undead_Pant_02.png
  artifactKey: Guid(6362f3aa6ca82ed41bb8214dbab53184) Importer(815301076,1909f56bfc062723c751e8b465ee728b)
Start importing Assets/Resources/SPUM/SPUM_Sprites/Packages/Undead/3_Pant/Undead_Pant_02.png using Guid(6362f3aa6ca82ed41bb8214dbab53184) Importer(815301076,1909f56bfc062723c751e8b465ee728b)  -> (artifact id: '16c52a61db3ca3a6f4f8a32942f7cf1b') in 0.027818 seconds 
========================================================================
Received Import Request.
  Time since last request: 0.000030 seconds.
  path: Assets/SPUM/SPUM_Sprites/Packages/Undead/2_Cloth/Undead_Cloth_02.png
  artifactKey: Guid(c62665575a4814451b0123be49af1b1f) Importer(815301076,1909f56bfc062723c751e8b465ee728b)
Start importing Assets/SPUM/SPUM_Sprites/Packages/Undead/2_Cloth/Undead_Cloth_02.png using Guid(c62665575a4814451b0123be49af1b1f) Importer(815301076,1909f56bfc062723c751e8b465ee728b)  -> (artifact id: '805d5258c8fa53caa6cd11711b23c087') in 0.055972 seconds 
========================================================================
Received Import Request.
  Time since last request: 0.000024 seconds.
  path: Assets/SPUM/SPUM_Sprites/Items/3_Pant/Foot_3.png
  artifactKey: Guid(5dd8b46a883ef4f7dacc7a30daf2ef36) Importer(815301076,1909f56bfc062723c751e8b465ee728b)
Start importing Assets/SPUM/SPUM_Sprites/Items/3_Pant/Foot_3.png using Guid(5dd8b46a883ef4f7dacc7a30daf2ef36) Importer(815301076,1909f56bfc062723c751e8b465ee728b)  -> (artifact id: '0d6be2a9beb604e067804312db907c64') in 0.029865 seconds 
========================================================================
Received Import Request.
  Time since last request: 0.000019 seconds.
  path: Assets/SPUM/SPUM_Sprites/Packages/Ver300/3_Pant/New_Pant_07.png
  artifactKey: Guid(8ac8f08f2a7884907b931477b1694539) Importer(815301076,1909f56bfc062723c751e8b465ee728b)
Start importing Assets/SPUM/SPUM_Sprites/Packages/Ver300/3_Pant/New_Pant_07.png using Guid(8ac8f08f2a7884907b931477b1694539) Importer(815301076,1909f56bfc062723c751e8b465ee728b)  -> (artifact id: '1739c22b1f7f80dd08500b2583eae078') in 0.026448 seconds 
========================================================================
Received Import Request.
  Time since last request: 0.000025 seconds.
  path: Assets/SPUM/SPUM_Sprites/Packages/Ver300/6_Weapons/New_Weapon_16.png
  artifactKey: Guid(9ceba41c6fb6d463ab9ecab86706972e) Importer(815301076,1909f56bfc062723c751e8b465ee728b)
Start importing Assets/SPUM/SPUM_Sprites/Packages/Ver300/6_Weapons/New_Weapon_16.png using Guid(9ceba41c6fb6d463ab9ecab86706972e) Importer(815301076,1909f56bfc062723c751e8b465ee728b)  -> (artifact id: '0b509db3fafc6695eb88cd18f467e48e') in 0.013818 seconds 
========================================================================
Received Import Request.
  Time since last request: 0.000025 seconds.
  path: Assets/Resources/SPUM/SPUM_Sprites/Packages/Undead/3_Pant/Undead_Pant_03.png
  artifactKey: Guid(deec7a966602f9e498db9ab539001ee8) Importer(815301076,1909f56bfc062723c751e8b465ee728b)
Start importing Assets/Resources/SPUM/SPUM_Sprites/Packages/Undead/3_Pant/Undead_Pant_03.png using Guid(deec7a966602f9e498db9ab539001ee8) Importer(815301076,1909f56bfc062723c751e8b465ee728b)  -> (artifact id: '66f512cc6b742f6fa7a5afdb6e75fa6d') in 0.017983 seconds 
========================================================================
Received Import Request.
  Time since last request: 0.000019 seconds.
  path: Assets/Resources/SPUM/SPUM_Sprites/Packages/RetroHeroes/3_Pant/Pant_Sorcerer.png
  artifactKey: Guid(7e32a76a49f092245923adb458665c74) Importer(815301076,1909f56bfc062723c751e8b465ee728b)
Start importing Assets/Resources/SPUM/SPUM_Sprites/Packages/RetroHeroes/3_Pant/Pant_Sorcerer.png using Guid(7e32a76a49f092245923adb458665c74) Importer(815301076,1909f56bfc062723c751e8b465ee728b)  -> (artifact id: '4f154cbf4d8c9677a36808e39107594a') in 0.019951 seconds 
========================================================================
Received Import Request.
  Time since last request: 0.000030 seconds.
  path: Assets/SPUM/SPUM_Sprites/Packages/Ver300/2_Cloth/New_Cloth_05.png
  artifactKey: Guid(dacd5b318f89e48bd97879d660685938) Importer(815301076,1909f56bfc062723c751e8b465ee728b)
Start importing Assets/SPUM/SPUM_Sprites/Packages/Ver300/2_Cloth/New_Cloth_05.png using Guid(dacd5b318f89e48bd97879d660685938) Importer(815301076,1909f56bfc062723c751e8b465ee728b)  -> (artifact id: 'e0040ea94e41461fefd254b3b3e974dc') in 0.027090 seconds 
========================================================================
Received Import Request.
  Time since last request: 0.000039 seconds.
  path: Assets/SPUM/SPUM_Sprites/Packages/Ver300/5_Armor/New_Armor_05.png
  artifactKey: Guid(303412e2e31364d52aa2381383ffc211) Importer(815301076,1909f56bfc062723c751e8b465ee728b)
Start importing Assets/SPUM/SPUM_Sprites/Packages/Ver300/5_Armor/New_Armor_05.png using Guid(303412e2e31364d52aa2381383ffc211) Importer(815301076,1909f56bfc062723c751e8b465ee728b)  -> (artifact id: 'c44c0d53d53020c521fb1f5514758b4f') in 0.020634 seconds 
========================================================================
Received Import Request.
  Time since last request: 0.000027 seconds.
  path: Assets/SPUM/SPUM_Sprites/Packages/MS_Orc/5_Armor/Orc_Armor_03.png
  artifactKey: Guid(626cf3e5e743f844c851e10ca1e98fca) Importer(815301076,1909f56bfc062723c751e8b465ee728b)
Start importing Assets/SPUM/SPUM_Sprites/Packages/MS_Orc/5_Armor/Orc_Armor_03.png using Guid(626cf3e5e743f844c851e10ca1e98fca) Importer(815301076,1909f56bfc062723c751e8b465ee728b)  -> (artifact id: 'f62089ebc0c8dc82824e8811a468cdd1') in 0.021735 seconds 
========================================================================
Received Import Request.
  Time since last request: 0.000023 seconds.
  path: Assets/Resources/SPUM/SPUM_Sprites/Packages/MS_Orc/3_Pant/Orc_Pant_02.png
  artifactKey: Guid(5681c817a658c7f4db5ccd50e604ce53) Importer(815301076,1909f56bfc062723c751e8b465ee728b)
Start importing Assets/Resources/SPUM/SPUM_Sprites/Packages/MS_Orc/3_Pant/Orc_Pant_02.png using Guid(5681c817a658c7f4db5ccd50e604ce53) Importer(815301076,1909f56bfc062723c751e8b465ee728b)  -> (artifact id: '22e783a79e078867c049aa826be88fd9') in 0.016590 seconds 
========================================================================
Received Import Request.
  Time since last request: 0.000022 seconds.
  path: Assets/Resources/SPUM/SPUM_Sprites/Packages/Undead/5_Armor/Undead_Armor_02.png
  artifactKey: Guid(1690b740dc0c87d42b913874f5092db9) Importer(815301076,1909f56bfc062723c751e8b465ee728b)
Start importing Assets/Resources/SPUM/SPUM_Sprites/Packages/Undead/5_Armor/Undead_Armor_02.png using Guid(1690b740dc0c87d42b913874f5092db9) Importer(815301076,1909f56bfc062723c751e8b465ee728b)  -> (artifact id: '2660ea31964ea29d25a0387b214794db') in 0.029843 seconds 
========================================================================
Received Import Request.
  Time since last request: 0.000020 seconds.
  path: Assets/SPUM/SPUM_Sprites/Packages/Ver300/5_Armor/New_Armor_07.png
  artifactKey: Guid(cdf6ea08334f54b81b8e1bfb81a896c7) Importer(815301076,1909f56bfc062723c751e8b465ee728b)
Start importing Assets/SPUM/SPUM_Sprites/Packages/Ver300/5_Armor/New_Armor_07.png using Guid(cdf6ea08334f54b81b8e1bfb81a896c7) Importer(815301076,1909f56bfc062723c751e8b465ee728b)  -> (artifact id: '9179311860ddd50138eb17dbd0b42ef2') in 0.027199 seconds 
========================================================================
Received Import Request.
  Time since last request: 0.000021 seconds.
  path: Assets/Resources/SPUM/SPUM_Sprites/Packages/Undead/5_Armor/Undead_Armor_01.png
  artifactKey: Guid(b89506548bc8dfe4eb34401f4e2a14e9) Importer(815301076,1909f56bfc062723c751e8b465ee728b)
Start importing Assets/Resources/SPUM/SPUM_Sprites/Packages/Undead/5_Armor/Undead_Armor_01.png using Guid(b89506548bc8dfe4eb34401f4e2a14e9) Importer(815301076,1909f56bfc062723c751e8b465ee728b)  -> (artifact id: 'eaf95951fb3c6b22e0ad54f0a7d2b0eb') in 0.022194 seconds 
========================================================================
Received Import Request.
  Time since last request: 0.000045 seconds.
  path: Assets/SPUM/SPUM_Sprites/Packages/Undead/5_Armor/Undead_Armor_03.png
  artifactKey: Guid(ca6f80938bc6946daa1adcadb5b9715f) Importer(815301076,1909f56bfc062723c751e8b465ee728b)
Start importing Assets/SPUM/SPUM_Sprites/Packages/Undead/5_Armor/Undead_Armor_03.png using Guid(ca6f80938bc6946daa1adcadb5b9715f) Importer(815301076,1909f56bfc062723c751e8b465ee728b)  -> (artifact id: '25b31128abaaae3e820ba107807ea1a4') in 0.022794 seconds 
========================================================================
Received Import Request.
  Time since last request: 0.000044 seconds.
  path: Assets/AllIn1VfxToolkit/Demo & Assets/Textures/Shapes/Magic3.png
  artifactKey: Guid(55385a1a4a1f9424ea0f2c9342ecf65b) Importer(815301076,1909f56bfc062723c751e8b465ee728b)
Start importing Assets/AllIn1VfxToolkit/Demo & Assets/Textures/Shapes/Magic3.png using Guid(55385a1a4a1f9424ea0f2c9342ecf65b) Importer(815301076,1909f56bfc062723c751e8b465ee728b)  -> (artifact id: '4c4ce74072a5cdcba44de38ab3d89ced') in 0.034810 seconds 
========================================================================
Received Import Request.
  Time since last request: 0.000024 seconds.
  path: Assets/AllIn1VfxToolkit/Demo & Assets/Textures/Shapes/Magic1.png
  artifactKey: Guid(6448d9d405de6d54f9f5c1d5569e585e) Importer(815301076,1909f56bfc062723c751e8b465ee728b)
Start importing Assets/AllIn1VfxToolkit/Demo & Assets/Textures/Shapes/Magic1.png using Guid(6448d9d405de6d54f9f5c1d5569e585e) Importer(815301076,1909f56bfc062723c751e8b465ee728b)  -> (artifact id: '39165ec3451bd1dbf91b7b28d8ffc046') in 0.028984 seconds 
========================================================================
Received Import Request.
  Time since last request: 0.000028 seconds.
  path: Assets/Resources/SPUM/SPUM_Sprites/Packages/Ver300/6_Weapons/New_Weapon_16.png
  artifactKey: Guid(dcc1d7af8ad52124db280bd45f0c5c4d) Importer(815301076,1909f56bfc062723c751e8b465ee728b)
Start importing Assets/Resources/SPUM/SPUM_Sprites/Packages/Ver300/6_Weapons/New_Weapon_16.png using Guid(dcc1d7af8ad52124db280bd45f0c5c4d) Importer(815301076,1909f56bfc062723c751e8b465ee728b)  -> (artifact id: '8a1db28fa7b9ac2cdf94d1d22ed98c75') in 0.011995 seconds 
========================================================================
Received Import Request.
  Time since last request: 0.000023 seconds.
  path: Assets/Resources/SPUM/SPUM_Sprites/Packages/RetroHeroes/3_Pant/Pant_Healer_2.png
  artifactKey: Guid(1ec865769e5f2c64397fdd05bd4dc47c) Importer(815301076,1909f56bfc062723c751e8b465ee728b)
Start importing Assets/Resources/SPUM/SPUM_Sprites/Packages/RetroHeroes/3_Pant/Pant_Healer_2.png using Guid(1ec865769e5f2c64397fdd05bd4dc47c) Importer(815301076,1909f56bfc062723c751e8b465ee728b)  -> (artifact id: 'e80bd4b8c1ddd43d47a1c05e8ff7efb2') in 0.019894 seconds 
========================================================================
Received Import Request.
  Time since last request: 0.000022 seconds.
  path: Assets/SPUM/SPUM_Sprites/Packages/Undead/2_Cloth/Undead_Cloth_03.png
  artifactKey: Guid(dca5e28d98073409a9eea005955f4020) Importer(815301076,1909f56bfc062723c751e8b465ee728b)
Start importing Assets/SPUM/SPUM_Sprites/Packages/Undead/2_Cloth/Undead_Cloth_03.png using Guid(dca5e28d98073409a9eea005955f4020) Importer(815301076,1909f56bfc062723c751e8b465ee728b)  -> (artifact id: 'f5cbcfc49e548e21285147c404becea7') in 0.023415 seconds 
========================================================================
Received Import Request.
  Time since last request: 0.000028 seconds.
  path: Assets/Resources/SPUM/SPUM_Sprites/Packages/RetroHeroes/3_Pant/Pant_Knight_2.png
  artifactKey: Guid(162b57fedd436134caf360caa079fb92) Importer(815301076,1909f56bfc062723c751e8b465ee728b)
Start importing Assets/Resources/SPUM/SPUM_Sprites/Packages/RetroHeroes/3_Pant/Pant_Knight_2.png using Guid(162b57fedd436134caf360caa079fb92) Importer(815301076,1909f56bfc062723c751e8b465ee728b)  -> (artifact id: '4ba5696af161e0b65aea57046cd1ea0f') in 0.017410 seconds 
========================================================================
Received Import Request.
  Time since last request: 0.000026 seconds.
  path: Assets/SPUM/SPUM_Sprites/Packages/Undead/3_Pant/Undead_Pant_04.png
  artifactKey: Guid(674052c969ef745058e3c03e1aa22e81) Importer(815301076,1909f56bfc062723c751e8b465ee728b)
Start importing Assets/SPUM/SPUM_Sprites/Packages/Undead/3_Pant/Undead_Pant_04.png using Guid(674052c969ef745058e3c03e1aa22e81) Importer(815301076,1909f56bfc062723c751e8b465ee728b)  -> (artifact id: '1364794429c5fdcc9a3bc98c064ff98e') in 0.019605 seconds 
========================================================================
Received Import Request.
  Time since last request: 0.000032 seconds.
  path: Assets/Resources/SPUM/SPUM_Sprites/Packages/Undead/5_Armor/Undead_Armor_05.png
  artifactKey: Guid(e513c29d6cde4d54d845be3c84ea05b5) Importer(815301076,1909f56bfc062723c751e8b465ee728b)
Start importing Assets/Resources/SPUM/SPUM_Sprites/Packages/Undead/5_Armor/Undead_Armor_05.png using Guid(e513c29d6cde4d54d845be3c84ea05b5) Importer(815301076,1909f56bfc062723c751e8b465ee728b)  -> (artifact id: '5aa60ba9d95607b3094b635e50a0de5d') in 0.024952 seconds 
========================================================================
Received Import Request.
  Time since last request: 0.000024 seconds.
  path: Assets/Resources/SPUM/SPUM_Sprites/Packages/Undead/3_Pant/Undead_Pant_04.png
  artifactKey: Guid(267494b6a802a984d9900759fa2283eb) Importer(815301076,1909f56bfc062723c751e8b465ee728b)
Start importing Assets/Resources/SPUM/SPUM_Sprites/Packages/Undead/3_Pant/Undead_Pant_04.png using Guid(267494b6a802a984d9900759fa2283eb) Importer(815301076,1909f56bfc062723c751e8b465ee728b)  -> (artifact id: '62f41b09136952d55921e65e5e2e671f') in 0.016160 seconds 
========================================================================
Received Import Request.
  Time since last request: 0.000027 seconds.
  path: Assets/SPUM/SPUM_Sprites/Packages/Ver300/5_Armor/New_Armor_01.png
  artifactKey: Guid(49278b333c23b464fbe87f4618639aa0) Importer(815301076,1909f56bfc062723c751e8b465ee728b)
Start importing Assets/SPUM/SPUM_Sprites/Packages/Ver300/5_Armor/New_Armor_01.png using Guid(49278b333c23b464fbe87f4618639aa0) Importer(815301076,1909f56bfc062723c751e8b465ee728b)  -> (artifact id: 'ede7492f5595a7efc1c18c4c6bbefb89') in 0.021825 seconds 
========================================================================
Received Import Request.
  Time since last request: 0.000027 seconds.
  path: Assets/Resources/SPUM/SPUM_Sprites/Packages/RetroHeroes/3_Pant/Pant_Sorceress.png
  artifactKey: Guid(30914700ab58fcf42b5a9d7317b0ce60) Importer(815301076,1909f56bfc062723c751e8b465ee728b)
Start importing Assets/Resources/SPUM/SPUM_Sprites/Packages/RetroHeroes/3_Pant/Pant_Sorceress.png using Guid(30914700ab58fcf42b5a9d7317b0ce60) Importer(815301076,1909f56bfc062723c751e8b465ee728b)  -> (artifact id: '0db3742b2741834bdb627091e33d2596') in 0.016858 seconds 
========================================================================
Received Import Request.
  Time since last request: 0.000021 seconds.
  path: Assets/Resources/SPUM/SPUM_Sprites/Packages/RetroHeroes/3_Pant/Pant_Rogue_1.png
  artifactKey: Guid(641728b01d1fee3459d97a0f54742ec0) Importer(815301076,1909f56bfc062723c751e8b465ee728b)
Start importing Assets/Resources/SPUM/SPUM_Sprites/Packages/RetroHeroes/3_Pant/Pant_Rogue_1.png using Guid(641728b01d1fee3459d97a0f54742ec0) Importer(815301076,1909f56bfc062723c751e8b465ee728b)  -> (artifact id: '127ff1068cd1e2456fe40c1c9cbbcd85') in 0.018600 seconds 
========================================================================
Received Import Request.
  Time since last request: 0.000027 seconds.
  path: Assets/SPUM/SPUM_Sprites/Packages/Ver300/3_Pant/New_Pant_02.png
  artifactKey: Guid(75c6efef2560d4417bd40473e15859cb) Importer(815301076,1909f56bfc062723c751e8b465ee728b)
Start importing Assets/SPUM/SPUM_Sprites/Packages/Ver300/3_Pant/New_Pant_02.png using Guid(75c6efef2560d4417bd40473e15859cb) Importer(815301076,1909f56bfc062723c751e8b465ee728b)  -> (artifact id: 'a39bd13bdeb1f5104bf97fde5ac01984') in 0.019171 seconds 
========================================================================
Received Import Request.
  Time since last request: 0.000033 seconds.
  path: Assets/Resources/SPUM/SPUM_Sprites/Packages/Undead/3_Pant/Undead_Pant_05.png
  artifactKey: Guid(dbd94d2e4c416644ea7830fbb05ae50c) Importer(815301076,1909f56bfc062723c751e8b465ee728b)
Start importing Assets/Resources/SPUM/SPUM_Sprites/Packages/Undead/3_Pant/Undead_Pant_05.png using Guid(dbd94d2e4c416644ea7830fbb05ae50c) Importer(815301076,1909f56bfc062723c751e8b465ee728b)  -> (artifact id: '42f3a7181d6fc42593df60911c6579ce') in 0.018144 seconds 
========================================================================
Received Import Request.
  Time since last request: 0.000031 seconds.
  path: Assets/AllIn1VfxToolkit/Demo & Assets/Textures/Shapes/Magic4.png
  artifactKey: Guid(e54307919c6b1db42b4643a7c462823c) Importer(815301076,1909f56bfc062723c751e8b465ee728b)
Start importing Assets/AllIn1VfxToolkit/Demo & Assets/Textures/Shapes/Magic4.png using Guid(e54307919c6b1db42b4643a7c462823c) Importer(815301076,1909f56bfc062723c751e8b465ee728b)  -> (artifact id: '4185c899e4ea4868001533ef4d5fc59d') in 0.031331 seconds 
========================================================================
Received Import Request.
  Time since last request: 0.000033 seconds.
  path: Assets/SPUM/SPUM_Sprites/Packages/Ver300/5_Armor/New_Armor_02.png
  artifactKey: Guid(7c5a293137726445abd2b50a8922119b) Importer(815301076,1909f56bfc062723c751e8b465ee728b)
Start importing Assets/SPUM/SPUM_Sprites/Packages/Ver300/5_Armor/New_Armor_02.png using Guid(7c5a293137726445abd2b50a8922119b) Importer(815301076,1909f56bfc062723c751e8b465ee728b)  -> (artifact id: '88ef46f70ff9c8bd02de9bbbba6ab347') in 0.024824 seconds 
========================================================================
Received Import Request.
  Time since last request: 0.000038 seconds.
  path: Assets/Resources/SPUM/SPUM_Sprites/Packages/Undead/2_Cloth/Undead_Cloth_07.png
  artifactKey: Guid(e2bf3e47a4d452846a052da24315816a) Importer(815301076,1909f56bfc062723c751e8b465ee728b)
Start importing Assets/Resources/SPUM/SPUM_Sprites/Packages/Undead/2_Cloth/Undead_Cloth_07.png using Guid(e2bf3e47a4d452846a052da24315816a) Importer(815301076,1909f56bfc062723c751e8b465ee728b)  -> (artifact id: '122e036490cae91667e52931df618929') in 0.024395 seconds 
========================================================================
Received Import Request.
  Time since last request: 0.000028 seconds.
  path: Assets/Resources/SPUM/SPUM_Sprites/Packages/Undead/5_Armor/Undead_Armor_03.png
  artifactKey: Guid(b609a56e95d8cf2479bb074f9a7fe6bb) Importer(815301076,1909f56bfc062723c751e8b465ee728b)
Start importing Assets/Resources/SPUM/SPUM_Sprites/Packages/Undead/5_Armor/Undead_Armor_03.png using Guid(b609a56e95d8cf2479bb074f9a7fe6bb) Importer(815301076,1909f56bfc062723c751e8b465ee728b)  -> (artifact id: 'ab7eb745d74cf6dad97bb6f0770bb7e5') in 0.016984 seconds 
========================================================================
Received Import Request.
  Time since last request: 0.000027 seconds.
  path: Assets/AllIn1VfxToolkit/Demo & Assets/Textures/Shapes/Magic2.png
  artifactKey: Guid(3ea0692ee6a30a248bffe8d32f8f46ba) Importer(815301076,1909f56bfc062723c751e8b465ee728b)
Start importing Assets/AllIn1VfxToolkit/Demo & Assets/Textures/Shapes/Magic2.png using Guid(3ea0692ee6a30a248bffe8d32f8f46ba) Importer(815301076,1909f56bfc062723c751e8b465ee728b)  -> (artifact id: '5f0cefe53dae76292de000ca086704e0') in 0.027751 seconds 
========================================================================
Received Import Request.
  Time since last request: 0.000030 seconds.
  path: Assets/SPUM/SPUM_Sprites/Packages/Ver300/3_Pant/New_Pant_05.png
  artifactKey: Guid(e7d2d469a9a9548bcb468fc5ff5792c1) Importer(815301076,1909f56bfc062723c751e8b465ee728b)
Start importing Assets/SPUM/SPUM_Sprites/Packages/Ver300/3_Pant/New_Pant_05.png using Guid(e7d2d469a9a9548bcb468fc5ff5792c1) Importer(815301076,1909f56bfc062723c751e8b465ee728b)  -> (artifact id: '5363f48adc9f5c6ef019e468853562d1') in 0.015733 seconds 
Editor requested this worker to shutdown with reason: Scaling down because of idle timeout
AssetImportWorker is now disconnected from the server
Process exiting
Exiting without the bug reporter. Application will terminate with return code 0