Using pre-set license
Built from '2021.3/staging' branch; Version is '2021.3.1f1 (3b70a0754835) revision 3895456'; Using compiler version '192829333'; Build Type 'Release'
OS: 'Windows 10  (10.0.19043) 64bit Core' Language: 'ko' Physical Memory: 32636 MB
BatchMode: 1, IsHumanControllingUs: 0, StartBugReporterOnCrash: 0, Is64bit: 1, IsPro: 1

COMMAND LINE ARGUMENTS:
D:\2021.3.1f1\Editor\Unity.exe
-adb2
-batchMode
-noUpm
-name
AssetImportWorker7
-projectPath
D:/Clone/mobile_init/mobile_initcopy
-logFile
Logs/AssetImportWorker7.log
-srvPort
59986
Successfully changed project path to: D:/Clone/mobile_init/mobile_initcopy
D:/Clone/mobile_init/mobile_initcopy
[UnityMemory] Configuration Parameters - Can be set up in boot.config
    "memorysetup-bucket-allocator-granularity=16"
    "memorysetup-bucket-allocator-bucket-count=8"
    "memorysetup-bucket-allocator-block-size=33554432"
    "memorysetup-bucket-allocator-block-count=8"
    "memorysetup-main-allocator-block-size=16777216"
    "memorysetup-thread-allocator-block-size=16777216"
    "memorysetup-gfx-main-allocator-block-size=16777216"
    "memorysetup-gfx-thread-allocator-block-size=16777216"
    "memorysetup-cache-allocator-block-size=4194304"
    "memorysetup-typetree-allocator-block-size=2097152"
    "memorysetup-profiler-bucket-allocator-granularity=16"
    "memorysetup-profiler-bucket-allocator-bucket-count=8"
    "memorysetup-profiler-bucket-allocator-block-size=33554432"
    "memorysetup-profiler-bucket-allocator-block-count=8"
    "memorysetup-profiler-allocator-block-size=16777216"
    "memorysetup-profiler-editor-allocator-block-size=1048576"
    "memorysetup-temp-allocator-size-main=16777216"
    "memorysetup-job-temp-allocator-block-size=2097152"
    "memorysetup-job-temp-allocator-block-size-background=1048576"
    "memorysetup-job-temp-allocator-reduction-small-platforms=262144"
    "memorysetup-temp-allocator-size-background-worker=32768"
    "memorysetup-temp-allocator-size-job-worker=262144"
    "memorysetup-temp-allocator-size-preload-manager=33554432"
    "memorysetup-temp-allocator-size-nav-mesh-worker=65536"
    "memorysetup-temp-allocator-size-audio-worker=65536"
    "memorysetup-temp-allocator-size-cloud-worker=32768"
    "memorysetup-temp-allocator-size-gi-baking-worker=262144"
    "memorysetup-temp-allocator-size-gfx=262144"
Refreshing native plugins compatible for Editor in 118.74 ms, found 4 plugins.
Preloading 0 native plugins for Editor in 0.00 ms.
Initialize engine version: 2021.3.1f1 (3b70a0754835)
[Subsystems] Discovering subsystems at path D:/2021.3.1f1/Editor/Data/Resources/UnitySubsystems
[Subsystems] Discovering subsystems at path D:/Clone/mobile_init/mobile_initcopy/Assets
GfxDevice: creating device client; threaded=0; jobified=0
Direct3D:
    Version:  Direct3D 11.0 [level 11.1]
    Renderer: NVIDIA GeForce RTX 3070 Laptop GPU (ID=0x24dd)
    Vendor:   NVIDIA
    VRAM:     8044 MB
    Driver:   30.0.15.1215
Initialize mono
Mono path[0] = 'D:/2021.3.1f1/Editor/Data/Managed'
Mono path[1] = 'D:/2021.3.1f1/Editor/Data/MonoBleedingEdge/lib/mono/unityjit-win32'
Mono config path = 'D:/2021.3.1f1/Editor/Data/MonoBleedingEdge/etc'
Using monoOptions --debugger-agent=transport=dt_socket,embedding=1,server=y,suspend=n,address=127.0.0.1:56012
Begin MonoManager ReloadAssembly
Registering precompiled unity dll's ...
Register platform support module: D:/2021.3.1f1/Editor/Data/PlaybackEngines/WebGLSupport/UnityEditor.WebGL.Extensions.dll
Register platform support module: D:/2021.3.1f1/Editor/Data/PlaybackEngines/AndroidPlayer/UnityEditor.Android.Extensions.dll
Register platform support module: D:/2021.3.1f1/Editor/Data/PlaybackEngines/WindowsStandaloneSupport/UnityEditor.WindowsStandalone.Extensions.dll
Registered in 0.002573 seconds.
Native extension for WindowsStandalone target not found
Native extension for Android target not found
Native extension for WebGL target not found
Refreshing native plugins compatible for Editor in 118.75 ms, found 4 plugins.
Preloading 0 native plugins for Editor in 0.00 ms.
Mono: successfully reloaded assembly
- Completed reload, in  0.689 seconds
Domain Reload Profiling:
	ReloadAssembly (690ms)
		BeginReloadAssembly (103ms)
			ExecutionOrderSort (0ms)
			DisableScriptedObjects (0ms)
			BackupInstance (0ms)
			ReleaseScriptingObjects (0ms)
			CreateAndSetChildDomain (1ms)
		EndReloadAssembly (490ms)
			LoadAssemblies (104ms)
			RebuildTransferFunctionScriptingTraits (0ms)
			SetupTypeCache (106ms)
			ReleaseScriptCaches (0ms)
			RebuildScriptCaches (24ms)
			SetupLoadedEditorAssemblies (313ms)
				LogAssemblyErrors (0ms)
				InitializePlatformSupportModulesInManaged (51ms)
				SetLoadedEditorAssemblies (0ms)
				RefreshPlugins (119ms)
				BeforeProcessingInitializeOnLoad (1ms)
				ProcessInitializeOnLoadAttributes (96ms)
				ProcessInitializeOnLoadMethodAttributes (45ms)
				AfterProcessingInitializeOnLoad (0ms)
				EditorAssembliesLoaded (0ms)
			ExecutionOrderSort2 (0ms)
			AwakeInstancesAfterBackupRestoration (0ms)
Platform modules already initialized, skipping
Registering precompiled user dll's ...
Registered in 0.011248 seconds.
Begin MonoManager ReloadAssembly
Symbol file LoadedFromMemory doesn't match image D:\Clone\mobile_init\mobile_initcopy\Library\PackageCache\com.unity.visualscripting@1.7.6\Editor\VisualScripting.Core\Dependencies\YamlDotNet\Unity.VisualScripting.YamlDotNet.dll
Symbol file LoadedFromMemory is not a mono symbol file
Symbol file LoadedFromMemory doesn't match image D:\Clone\mobile_init\mobile_initcopy\Library\PackageCache\com.unity.visualscripting@1.7.6\Editor\VisualScripting.Core\Dependencies\DotNetZip\Unity.VisualScripting.IonicZip.dll
Native extension for WindowsStandalone target not found
Native extension for Android target not found
Native extension for WebGL target not found
Refreshing native plugins compatible for Editor in 118.74 ms, found 4 plugins.
Preloading 0 native plugins for Editor in 0.00 ms.
Mono: successfully reloaded assembly
- Completed reload, in  1.514 seconds
Domain Reload Profiling:
	ReloadAssembly (1514ms)
		BeginReloadAssembly (240ms)
			ExecutionOrderSort (0ms)
			DisableScriptedObjects (5ms)
			BackupInstance (0ms)
			ReleaseScriptingObjects (0ms)
			CreateAndSetChildDomain (129ms)
		EndReloadAssembly (1161ms)
			LoadAssemblies (125ms)
			RebuildTransferFunctionScriptingTraits (0ms)
			SetupTypeCache (245ms)
			ReleaseScriptCaches (1ms)
			RebuildScriptCaches (77ms)
			SetupLoadedEditorAssemblies (686ms)
				LogAssemblyErrors (0ms)
				InitializePlatformSupportModulesInManaged (12ms)
				SetLoadedEditorAssemblies (0ms)
				RefreshPlugins (119ms)
				BeforeProcessingInitializeOnLoad (87ms)
				ProcessInitializeOnLoadAttributes (237ms)
				ProcessInitializeOnLoadMethodAttributes (228ms)
				AfterProcessingInitializeOnLoad (2ms)
				EditorAssembliesLoaded (0ms)
			ExecutionOrderSort2 (0ms)
			AwakeInstancesAfterBackupRestoration (6ms)
Platform modules already initialized, skipping
========================================================================
Worker process is ready to serve import requests
Launched and connected shader compiler UnityShaderCompiler.exe after 0.04 seconds
Refreshing native plugins compatible for Editor in 1.31 ms, found 4 plugins.
Preloading 0 native plugins for Editor in 0.00 ms.
Unloading 4884 Unused Serialized files (Serialized files now loaded: 0)
Unloading 47 unused Assets / (226.7 KB). Loaded Objects now: 5371.
Memory consumption went from 199.2 MB to 199.0 MB.
Total: 6.833900 ms (FindLiveObjects: 0.319000 ms CreateObjectMapping: 0.387100 ms MarkObjects: 5.945000 ms  DeleteObjects: 0.181700 ms)

AssetImportParameters requested are different than current active one (requested -> active):
  custom:video-decoder-ogg-theora: a1e56fd34408186e4bbccfd4996cb3dc -> 
  custom:container-muxer-webm: aa71ff27fc2769a1b78a27578f13a17b -> 
  custom:container-demuxer-webm: 4f35f7cbe854078d1ac9338744f61a02 -> 
  custom:video-encoder-webm-vp8: eb34c28f22e8b96e1ab97ce403110664 -> 
  custom:audio-encoder-webm-vorbis: bf7c407c2cedff20999df2af8eb42d56 -> 
  custom:framework-win-MediaFoundation: 216162199b28c13a410421893ffa2e32 -> 
  custom:container-demuxer-ogg: 62fdf1f143b41e24485cea50d1cbac27 -> 
  custom:video-decoder-webm-vp8: 9c59270c3fd7afecdb556c50c9e8de78 -> 
  custom:audio-decoder-ogg-vorbis: bf7c407c2cedff20999df2af8eb42d56 -> 
========================================================================
Received Import Request.
  Time since last request: 2100783.643485 seconds.
  path: Assets/Resources/Sprites/Tiles/GrasslandsTextures 1_369.asset
  artifactKey: Guid(d7a2ac7ad19a30748917cace6e16acbf) Importer(815301076,1909f56bfc062723c751e8b465ee728b)
Start importing Assets/Resources/Sprites/Tiles/GrasslandsTextures 1_369.asset using Guid(d7a2ac7ad19a30748917cace6e16acbf) Importer(815301076,1909f56bfc062723c751e8b465ee728b)  -> (artifact id: '0ab015ab2fc7523846106b8e86397a01') in 0.065821 seconds 
========================================================================
Received Import Request.
  Time since last request: 0.000024 seconds.
  path: Assets/Resources/Sprites/Tiles/GrasslandsTextures 1_383.asset
  artifactKey: Guid(1e08450a170e08a42a7e03cb3751dabe) Importer(815301076,1909f56bfc062723c751e8b465ee728b)
Start importing Assets/Resources/Sprites/Tiles/GrasslandsTextures 1_383.asset using Guid(1e08450a170e08a42a7e03cb3751dabe) Importer(815301076,1909f56bfc062723c751e8b465ee728b)  -> (artifact id: 'ce2e027f2e959115e700016c42a77172') in 0.008467 seconds 
========================================================================
Received Import Request.
  Time since last request: 0.000022 seconds.
  path: Assets/Resources/Sprites/Tiles/GrasslandsTextures 1_377.asset
  artifactKey: Guid(07462c7f76ee1544284edbda053e5b77) Importer(815301076,1909f56bfc062723c751e8b465ee728b)
Start importing Assets/Resources/Sprites/Tiles/GrasslandsTextures 1_377.asset using Guid(07462c7f76ee1544284edbda053e5b77) Importer(815301076,1909f56bfc062723c751e8b465ee728b)  -> (artifact id: '4f717954d1e65f8fdb8d56e07aaee146') in 0.009622 seconds 
========================================================================
Received Import Request.
  Time since last request: 0.000024 seconds.
  path: Assets/Resources/Sprites/Tiles/GrasslandsTextures 1_381.asset
  artifactKey: Guid(ad3f77b973ed34a4cb15fa82e0e2fe11) Importer(815301076,1909f56bfc062723c751e8b465ee728b)
Start importing Assets/Resources/Sprites/Tiles/GrasslandsTextures 1_381.asset using Guid(ad3f77b973ed34a4cb15fa82e0e2fe11) Importer(815301076,1909f56bfc062723c751e8b465ee728b)  -> (artifact id: '187949ead9d095f4be1eed49c1a62919') in 0.009992 seconds 
========================================================================
Received Import Request.
  Time since last request: 0.000024 seconds.
  path: Assets/Resources/Sprites/Tiles/GrasslandsTextures 1_431.asset
  artifactKey: Guid(e3c8312765e373d4a8e899159522f941) Importer(815301076,1909f56bfc062723c751e8b465ee728b)
Start importing Assets/Resources/Sprites/Tiles/GrasslandsTextures 1_431.asset using Guid(e3c8312765e373d4a8e899159522f941) Importer(815301076,1909f56bfc062723c751e8b465ee728b)  -> (artifact id: '93efc62dec91eac85b52476592e25250') in 0.009034 seconds 
========================================================================
Received Import Request.
  Time since last request: 0.000020 seconds.
  path: Assets/Resources/Sprites/Tiles/GrasslandsTextures 1_438.asset
  artifactKey: Guid(a7a203cda644aed46b93ae6a4aeb9e30) Importer(815301076,1909f56bfc062723c751e8b465ee728b)
Start importing Assets/Resources/Sprites/Tiles/GrasslandsTextures 1_438.asset using Guid(a7a203cda644aed46b93ae6a4aeb9e30) Importer(815301076,1909f56bfc062723c751e8b465ee728b)  -> (artifact id: 'd796def11a056d650c40cc72ed6d98bf') in 0.009453 seconds 
========================================================================
Received Import Request.
  Time since last request: 0.000022 seconds.
  path: Assets/Resources/Sprites/Tiles/GrasslandsTextures 1_404.asset
  artifactKey: Guid(016c4f8f8ceba0e4b8c9aa92e4a98ae0) Importer(815301076,1909f56bfc062723c751e8b465ee728b)
Start importing Assets/Resources/Sprites/Tiles/GrasslandsTextures 1_404.asset using Guid(016c4f8f8ceba0e4b8c9aa92e4a98ae0) Importer(815301076,1909f56bfc062723c751e8b465ee728b)  -> (artifact id: 'ed9160bb16813e77dfe6ddaa4390291d') in 0.012373 seconds 
========================================================================
Received Import Request.
  Time since last request: 0.000025 seconds.
  path: Assets/Resources/Sprites/Tiles/GrasslandsTextures 1_468.asset
  artifactKey: Guid(9a1f44356897015479566d3ae1ce54d8) Importer(815301076,1909f56bfc062723c751e8b465ee728b)
Start importing Assets/Resources/Sprites/Tiles/GrasslandsTextures 1_468.asset using Guid(9a1f44356897015479566d3ae1ce54d8) Importer(815301076,1909f56bfc062723c751e8b465ee728b)  -> (artifact id: '7d29292c2d7c0be85cb7ae9e205a5777') in 0.008892 seconds 
========================================================================
Received Import Request.
  Time since last request: 0.000025 seconds.
  path: Assets/Resources/Sprites/Tiles/GrasslandsTextures 1_442.asset
  artifactKey: Guid(e05c2e030b3ec2044b8385398a6579e2) Importer(815301076,1909f56bfc062723c751e8b465ee728b)
Start importing Assets/Resources/Sprites/Tiles/GrasslandsTextures 1_442.asset using Guid(e05c2e030b3ec2044b8385398a6579e2) Importer(815301076,1909f56bfc062723c751e8b465ee728b)  -> (artifact id: '47b7593fe7e5c448bdd62475d4fdcc33') in 0.008952 seconds 
========================================================================
Received Import Request.
  Time since last request: 0.000018 seconds.
  path: Assets/Resources/Sprites/Tiles/GrasslandsTextures 1_485.asset
  artifactKey: Guid(a63112d07fc076d4288a9e83bc4ad40e) Importer(815301076,1909f56bfc062723c751e8b465ee728b)
Start importing Assets/Resources/Sprites/Tiles/GrasslandsTextures 1_485.asset using Guid(a63112d07fc076d4288a9e83bc4ad40e) Importer(815301076,1909f56bfc062723c751e8b465ee728b)  -> (artifact id: '58ca9b233051ab199bfaa10eba9b6283') in 0.008754 seconds 
========================================================================
Received Import Request.
  Time since last request: 0.000020 seconds.
  path: Assets/Resources/Sprites/Tiles/GrasslandsTextures 1_420.asset
  artifactKey: Guid(1b02d50bcf60d2e4baf15f598af5aa15) Importer(815301076,1909f56bfc062723c751e8b465ee728b)
Start importing Assets/Resources/Sprites/Tiles/GrasslandsTextures 1_420.asset using Guid(1b02d50bcf60d2e4baf15f598af5aa15) Importer(815301076,1909f56bfc062723c751e8b465ee728b)  -> (artifact id: 'bf0bd54ec117a9cb9767638c219fa962') in 0.009573 seconds 
========================================================================
Received Import Request.
  Time since last request: 0.000028 seconds.
  path: Assets/Resources/Sprites/Tiles/GrasslandsTextures 1_482.asset
  artifactKey: Guid(e72f5d05cc53a9544a9bed6037f9cd4b) Importer(815301076,1909f56bfc062723c751e8b465ee728b)
Start importing Assets/Resources/Sprites/Tiles/GrasslandsTextures 1_482.asset using Guid(e72f5d05cc53a9544a9bed6037f9cd4b) Importer(815301076,1909f56bfc062723c751e8b465ee728b)  -> (artifact id: '0951b1c08f933dc42847997ec84db36c') in 0.008533 seconds 
========================================================================
Received Import Request.
  Time since last request: 0.000021 seconds.
  path: Assets/Resources/Sprites/Tiles/GrasslandsTextures 1_403.asset
  artifactKey: Guid(f6309005f85e4b747be7dce3fb21d268) Importer(815301076,1909f56bfc062723c751e8b465ee728b)
Start importing Assets/Resources/Sprites/Tiles/GrasslandsTextures 1_403.asset using Guid(f6309005f85e4b747be7dce3fb21d268) Importer(815301076,1909f56bfc062723c751e8b465ee728b)  -> (artifact id: '0627338a21dd4ef12963ffcd49687927') in 0.010246 seconds 
========================================================================
Received Import Request.
  Time since last request: 0.000024 seconds.
  path: Assets/Resources/Sprites/Tiles/GrasslandsTextures 1_461.asset
  artifactKey: Guid(9111636d749c3ac48ad6bdb0fc5c44f1) Importer(815301076,1909f56bfc062723c751e8b465ee728b)
Start importing Assets/Resources/Sprites/Tiles/GrasslandsTextures 1_461.asset using Guid(9111636d749c3ac48ad6bdb0fc5c44f1) Importer(815301076,1909f56bfc062723c751e8b465ee728b)  -> (artifact id: '10e4dfe4567fdafa9c2a9c0d4aa95a76') in 0.009355 seconds 
========================================================================
Received Import Request.
  Time since last request: 0.000020 seconds.
  path: Assets/Resources/Sprites/Tiles/GrasslandsTextures 1_523.asset
  artifactKey: Guid(afaf5a7907b619345aeb86aa45134978) Importer(815301076,1909f56bfc062723c751e8b465ee728b)
Start importing Assets/Resources/Sprites/Tiles/GrasslandsTextures 1_523.asset using Guid(afaf5a7907b619345aeb86aa45134978) Importer(815301076,1909f56bfc062723c751e8b465ee728b)  -> (artifact id: 'b59d036d4f56674ffcc30d2dee45d45d') in 0.009019 seconds 
========================================================================
Received Import Request.
  Time since last request: 0.000024 seconds.
  path: Assets/Resources/Sprites/Tiles/GrasslandsTextures 1_506.asset
  artifactKey: Guid(80e83b1d5b390d147b7c80ba42557158) Importer(815301076,1909f56bfc062723c751e8b465ee728b)
Start importing Assets/Resources/Sprites/Tiles/GrasslandsTextures 1_506.asset using Guid(80e83b1d5b390d147b7c80ba42557158) Importer(815301076,1909f56bfc062723c751e8b465ee728b)  -> (artifact id: 'b25e4a7c28528d2f05919ad7db3f406e') in 0.008961 seconds 
========================================================================
Received Import Request.
  Time since last request: 0.000022 seconds.
  path: Assets/Resources/Sprites/Tiles/GrasslandsTextures 1_391.asset
  artifactKey: Guid(0ad82f9a15b75154bbbad17047f826c1) Importer(815301076,1909f56bfc062723c751e8b465ee728b)
Start importing Assets/Resources/Sprites/Tiles/GrasslandsTextures 1_391.asset using Guid(0ad82f9a15b75154bbbad17047f826c1) Importer(815301076,1909f56bfc062723c751e8b465ee728b)  -> (artifact id: 'f676484ca0eda5b896f30fafdc582458') in 0.009182 seconds 
========================================================================
Received Import Request.
  Time since last request: 0.000030 seconds.
  path: Assets/Resources/Sprites/Tiles/GrasslandsTextures 1_532.asset
  artifactKey: Guid(3f55e492397d58b469ee6af515b63b86) Importer(815301076,1909f56bfc062723c751e8b465ee728b)
Start importing Assets/Resources/Sprites/Tiles/GrasslandsTextures 1_532.asset using Guid(3f55e492397d58b469ee6af515b63b86) Importer(815301076,1909f56bfc062723c751e8b465ee728b)  -> (artifact id: '5a59a2e33727bf37b9ef1df41b293c5c') in 0.009951 seconds 
========================================================================
Received Import Request.
  Time since last request: 0.000030 seconds.
  path: Assets/Resources/Sprites/Tiles/GrasslandsTextures 1_540.asset
  artifactKey: Guid(b99de2755ba409c44afefcb7efc419d5) Importer(815301076,1909f56bfc062723c751e8b465ee728b)
Start importing Assets/Resources/Sprites/Tiles/GrasslandsTextures 1_540.asset using Guid(b99de2755ba409c44afefcb7efc419d5) Importer(815301076,1909f56bfc062723c751e8b465ee728b)  -> (artifact id: '0261f27ea1a9a5bc86bbd0ca47512215') in 0.010210 seconds 
========================================================================
Received Import Request.
  Time since last request: 0.000024 seconds.
  path: Assets/Resources/Sprites/Tiles/GrasslandsTextures 1_478.asset
  artifactKey: Guid(9eca634ca98151c4fb3a45e9e590324f) Importer(815301076,1909f56bfc062723c751e8b465ee728b)
Start importing Assets/Resources/Sprites/Tiles/GrasslandsTextures 1_478.asset using Guid(9eca634ca98151c4fb3a45e9e590324f) Importer(815301076,1909f56bfc062723c751e8b465ee728b)  -> (artifact id: '331be1fc8361cdacd5307263e7a4eed8') in 0.008309 seconds 
========================================================================
Received Import Request.
  Time since last request: 0.000031 seconds.
  path: Assets/Resources/Sprites/Tiles/GrasslandsTextures 1_544.asset
  artifactKey: Guid(02aebde024df71e4f909eb22002cf4a0) Importer(815301076,1909f56bfc062723c751e8b465ee728b)
Start importing Assets/Resources/Sprites/Tiles/GrasslandsTextures 1_544.asset using Guid(02aebde024df71e4f909eb22002cf4a0) Importer(815301076,1909f56bfc062723c751e8b465ee728b)  -> (artifact id: '08804940c55dfeac97e92f533cfbfd07') in 0.009662 seconds 
========================================================================
Received Import Request.
  Time since last request: 0.000023 seconds.
  path: Assets/Resources/Sprites/Tiles/GrasslandsTextures 1_397.asset
  artifactKey: Guid(e7124a082687d9a40b0964a5d4ccddd6) Importer(815301076,1909f56bfc062723c751e8b465ee728b)
Start importing Assets/Resources/Sprites/Tiles/GrasslandsTextures 1_397.asset using Guid(e7124a082687d9a40b0964a5d4ccddd6) Importer(815301076,1909f56bfc062723c751e8b465ee728b)  -> (artifact id: 'c01d9140267b79dd3037c27039fc69a5') in 0.008392 seconds 
========================================================================
Received Import Request.
  Time since last request: 0.000021 seconds.
  path: Assets/Resources/Sprites/Tiles/GrasslandsTextures 1_526.asset
  artifactKey: Guid(0c3c712f415be394da63e1a38ca65d0d) Importer(815301076,1909f56bfc062723c751e8b465ee728b)
Start importing Assets/Resources/Sprites/Tiles/GrasslandsTextures 1_526.asset using Guid(0c3c712f415be394da63e1a38ca65d0d) Importer(815301076,1909f56bfc062723c751e8b465ee728b)  -> (artifact id: '92bee7534819f0cc8391eeee5494f3a2') in 0.009483 seconds 
========================================================================
Received Import Request.
  Time since last request: 0.000018 seconds.
  path: Assets/Resources/Sprites/Tiles/GrasslandsTextures 1_517.asset
  artifactKey: Guid(53fbb36171c091446a99d5b38ab1fee6) Importer(815301076,1909f56bfc062723c751e8b465ee728b)
Start importing Assets/Resources/Sprites/Tiles/GrasslandsTextures 1_517.asset using Guid(53fbb36171c091446a99d5b38ab1fee6) Importer(815301076,1909f56bfc062723c751e8b465ee728b)  -> (artifact id: 'be4cb1ce765b97ece5950e0794d96ae3') in 0.009589 seconds 
========================================================================
Received Import Request.
  Time since last request: 0.000025 seconds.
  path: Assets/Resources/Sprites/Tiles/GrasslandsTextures 1_556.asset
  artifactKey: Guid(17bceedcfbb420a4da10fd22481e8890) Importer(815301076,1909f56bfc062723c751e8b465ee728b)
Start importing Assets/Resources/Sprites/Tiles/GrasslandsTextures 1_556.asset using Guid(17bceedcfbb420a4da10fd22481e8890) Importer(815301076,1909f56bfc062723c751e8b465ee728b)  -> (artifact id: '603ecff7e29a7f32e1eb5657325e047a') in 0.010242 seconds 
========================================================================
Received Import Request.
  Time since last request: 0.000024 seconds.
  path: Assets/Resources/Sprites/Tiles/GrasslandsTextures 1_505.asset
  artifactKey: Guid(d133364600909cb43a5c0747d9805ecb) Importer(815301076,1909f56bfc062723c751e8b465ee728b)
Start importing Assets/Resources/Sprites/Tiles/GrasslandsTextures 1_505.asset using Guid(d133364600909cb43a5c0747d9805ecb) Importer(815301076,1909f56bfc062723c751e8b465ee728b)  -> (artifact id: '0cb2937dc9041ab1c4f7c3d5a749655d') in 0.009201 seconds 
========================================================================
Received Import Request.
  Time since last request: 0.000025 seconds.
  path: Assets/Resources/Sprites/Tiles/GrasslandsTextures 1_437.asset
  artifactKey: Guid(09b148355d808dd4eac574e71166ebb5) Importer(815301076,1909f56bfc062723c751e8b465ee728b)
Start importing Assets/Resources/Sprites/Tiles/GrasslandsTextures 1_437.asset using Guid(09b148355d808dd4eac574e71166ebb5) Importer(815301076,1909f56bfc062723c751e8b465ee728b)  -> (artifact id: 'e0d9daf8fa4a11fb9396502abb9d90a6') in 0.014954 seconds 
========================================================================
Received Import Request.
  Time since last request: 0.000020 seconds.
  path: Assets/Resources/Sprites/Tiles/GrasslandsTextures 1_486.asset
  artifactKey: Guid(0910988033aeb284eaba780e9e00c7be) Importer(815301076,1909f56bfc062723c751e8b465ee728b)
Start importing Assets/Resources/Sprites/Tiles/GrasslandsTextures 1_486.asset using Guid(0910988033aeb284eaba780e9e00c7be) Importer(815301076,1909f56bfc062723c751e8b465ee728b)  -> (artifact id: '114b5283d9a102451e990b0be40fccd7') in 0.010428 seconds 
========================================================================
Received Import Request.
  Time since last request: 0.000016 seconds.
  path: Assets/Resources/Sprites/Tiles/GrasslandsTextures 1_559.asset
  artifactKey: Guid(4a15147f34f887e4da4fff61c9a2c324) Importer(815301076,1909f56bfc062723c751e8b465ee728b)
Start importing Assets/Resources/Sprites/Tiles/GrasslandsTextures 1_559.asset using Guid(4a15147f34f887e4da4fff61c9a2c324) Importer(815301076,1909f56bfc062723c751e8b465ee728b)  -> (artifact id: '183efa88307bd0fe8a6d5139ddb8e608') in 0.010239 seconds 
========================================================================
Received Import Request.
  Time since last request: 0.000021 seconds.
  path: Assets/Resources/Sprites/Tiles/GrasslandsTextures 1_565.asset
  artifactKey: Guid(6f89ca88f321100488823f8280b4ade0) Importer(815301076,1909f56bfc062723c751e8b465ee728b)
Start importing Assets/Resources/Sprites/Tiles/GrasslandsTextures 1_565.asset using Guid(6f89ca88f321100488823f8280b4ade0) Importer(815301076,1909f56bfc062723c751e8b465ee728b)  -> (artifact id: 'bbcecf119629cd8f81500cad6c0c17d4') in 0.010043 seconds 
========================================================================
Received Import Request.
  Time since last request: 0.000019 seconds.
  path: Assets/Resources/Sprites/Tiles/GrasslandsTextures 1_516.asset
  artifactKey: Guid(6bf506c3f7aea2e45a02c65d82f01481) Importer(815301076,1909f56bfc062723c751e8b465ee728b)
Start importing Assets/Resources/Sprites/Tiles/GrasslandsTextures 1_516.asset using Guid(6bf506c3f7aea2e45a02c65d82f01481) Importer(815301076,1909f56bfc062723c751e8b465ee728b)  -> (artifact id: '4a011c1c4fe47424d6a93bf9e383bafc') in 0.008462 seconds 
========================================================================
Received Import Request.
  Time since last request: 0.000021 seconds.
  path: Assets/Resources/Sprites/Tiles/GrasslandsTextures 1_566.asset
  artifactKey: Guid(f33de2d7ccd2c4f4b8cdf9642917cb2d) Importer(815301076,1909f56bfc062723c751e8b465ee728b)
Start importing Assets/Resources/Sprites/Tiles/GrasslandsTextures 1_566.asset using Guid(f33de2d7ccd2c4f4b8cdf9642917cb2d) Importer(815301076,1909f56bfc062723c751e8b465ee728b)  -> (artifact id: '6926f809b1b78234372a7b59a5404c4b') in 0.008407 seconds 
========================================================================
Received Import Request.
  Time since last request: 0.000029 seconds.
  path: Assets/Resources/Sprites/Tiles/GrasslandsTextures 1_575.asset
  artifactKey: Guid(af27c7e52787ebf47a6ab8683710fcf4) Importer(815301076,1909f56bfc062723c751e8b465ee728b)
Start importing Assets/Resources/Sprites/Tiles/GrasslandsTextures 1_575.asset using Guid(af27c7e52787ebf47a6ab8683710fcf4) Importer(815301076,1909f56bfc062723c751e8b465ee728b)  -> (artifact id: '4e8108d75f944266e2cd4e828099f140') in 0.009753 seconds 
========================================================================
Received Import Request.
  Time since last request: 0.000020 seconds.
  path: Assets/Resources/Sprites/Tiles/GrasslandsTextures 1_579.asset
  artifactKey: Guid(3387cc6ff5f1a324e889fb4cb6b770ae) Importer(815301076,1909f56bfc062723c751e8b465ee728b)
Start importing Assets/Resources/Sprites/Tiles/GrasslandsTextures 1_579.asset using Guid(3387cc6ff5f1a324e889fb4cb6b770ae) Importer(815301076,1909f56bfc062723c751e8b465ee728b)  -> (artifact id: 'c84edb30e729ebde56560b4048f5eb48') in 0.008996 seconds 
========================================================================
Received Import Request.
  Time since last request: 0.000020 seconds.
  path: Assets/Resources/Sprites/Tiles/GrasslandsTextures 1_563.asset
  artifactKey: Guid(21aa5e65d0e9d9849b0160bc45fab9aa) Importer(815301076,1909f56bfc062723c751e8b465ee728b)
Start importing Assets/Resources/Sprites/Tiles/GrasslandsTextures 1_563.asset using Guid(21aa5e65d0e9d9849b0160bc45fab9aa) Importer(815301076,1909f56bfc062723c751e8b465ee728b)  -> (artifact id: '4481d2077b3c78f15783a68f185f1266') in 0.008515 seconds 
========================================================================
Received Import Request.
  Time since last request: 0.000021 seconds.
  path: Assets/Resources/Sprites/Tiles/GrasslandsTextures 1_515.asset
  artifactKey: Guid(eb3183aaec61b754a9ceb3e0dee354d1) Importer(815301076,1909f56bfc062723c751e8b465ee728b)
Start importing Assets/Resources/Sprites/Tiles/GrasslandsTextures 1_515.asset using Guid(eb3183aaec61b754a9ceb3e0dee354d1) Importer(815301076,1909f56bfc062723c751e8b465ee728b)  -> (artifact id: 'ad4085fe3710c1d66829d212cc1d5851') in 0.008579 seconds 
========================================================================
Received Import Request.
  Time since last request: 0.000024 seconds.
  path: Assets/Resources/Sprites/Tiles/GrasslandsTextures 1_409.asset
  artifactKey: Guid(76e1acbd2c5a660479eadfbd55a94ace) Importer(815301076,1909f56bfc062723c751e8b465ee728b)
Start importing Assets/Resources/Sprites/Tiles/GrasslandsTextures 1_409.asset using Guid(76e1acbd2c5a660479eadfbd55a94ace) Importer(815301076,1909f56bfc062723c751e8b465ee728b)  -> (artifact id: 'a48a9ba94ebc0b7744d3611dd56738d5') in 0.010269 seconds 
========================================================================
Received Import Request.
  Time since last request: 0.000020 seconds.
  path: Assets/Resources/Sprites/Tiles/GrasslandsTextures 1_424.asset
  artifactKey: Guid(45bb634f44f9e6f4cb35953240aa0d9d) Importer(815301076,1909f56bfc062723c751e8b465ee728b)
Start importing Assets/Resources/Sprites/Tiles/GrasslandsTextures 1_424.asset using Guid(45bb634f44f9e6f4cb35953240aa0d9d) Importer(815301076,1909f56bfc062723c751e8b465ee728b)  -> (artifact id: 'e657c604bb6c5e196b5879ad1597923e') in 0.009072 seconds 
========================================================================
Received Import Request.
  Time since last request: 0.000019 seconds.
  path: Assets/Resources/Sprites/Tiles/GrasslandsTextures 1_419.asset
  artifactKey: Guid(2ca074d96348410409a3c597e11c4ff2) Importer(815301076,1909f56bfc062723c751e8b465ee728b)
Start importing Assets/Resources/Sprites/Tiles/GrasslandsTextures 1_419.asset using Guid(2ca074d96348410409a3c597e11c4ff2) Importer(815301076,1909f56bfc062723c751e8b465ee728b)  -> (artifact id: 'f5c17d31542485869ae3828ff335d828') in 0.008522 seconds 
========================================================================
Received Import Request.
  Time since last request: 0.000018 seconds.
  path: Assets/Resources/Sprites/Tiles/GrasslandsTextures 1_471.asset
  artifactKey: Guid(8bd5b7919441d384cacad36dc6afe3ca) Importer(815301076,1909f56bfc062723c751e8b465ee728b)
Start importing Assets/Resources/Sprites/Tiles/GrasslandsTextures 1_471.asset using Guid(8bd5b7919441d384cacad36dc6afe3ca) Importer(815301076,1909f56bfc062723c751e8b465ee728b)  -> (artifact id: '0827a79753dfc634f477eecc4b41b8cc') in 0.008470 seconds 
========================================================================
Received Import Request.
  Time since last request: 0.000028 seconds.
  path: Assets/Resources/Sprites/Tiles/GrasslandsTextures 1_458.asset
  artifactKey: Guid(58649a6ea251a2441afed88eca4a67f0) Importer(815301076,1909f56bfc062723c751e8b465ee728b)
Start importing Assets/Resources/Sprites/Tiles/GrasslandsTextures 1_458.asset using Guid(58649a6ea251a2441afed88eca4a67f0) Importer(815301076,1909f56bfc062723c751e8b465ee728b)  -> (artifact id: 'f9c53757e3e31203caa8ae1adfac44b6') in 0.008588 seconds 
========================================================================
Received Import Request.
  Time since last request: 0.000024 seconds.
  path: Assets/Resources/Sprites/Tiles/GrasslandsTextures 1_558.asset
  artifactKey: Guid(273249063b0a3a54a9b355ffd89e0220) Importer(815301076,1909f56bfc062723c751e8b465ee728b)
Start importing Assets/Resources/Sprites/Tiles/GrasslandsTextures 1_558.asset using Guid(273249063b0a3a54a9b355ffd89e0220) Importer(815301076,1909f56bfc062723c751e8b465ee728b)  -> (artifact id: '938d4bf9d842335b670c2b27ff48f6c8') in 0.011309 seconds 
========================================================================
Received Import Request.
  Time since last request: 0.000019 seconds.
  path: Assets/Resources/Sprites/Tiles/GrasslandsTextures 1_430.asset
  artifactKey: Guid(9e1cf87dd566fd04b92c3b56f0810403) Importer(815301076,1909f56bfc062723c751e8b465ee728b)
Start importing Assets/Resources/Sprites/Tiles/GrasslandsTextures 1_430.asset using Guid(9e1cf87dd566fd04b92c3b56f0810403) Importer(815301076,1909f56bfc062723c751e8b465ee728b)  -> (artifact id: '1a5376fc1e6e98b41b3635cbb94a2af6') in 0.010649 seconds 
========================================================================
Received Import Request.
  Time since last request: 0.000023 seconds.
  path: Assets/Resources/Sprites/Tiles/GrasslandsTextures 1_423.asset
  artifactKey: Guid(a4fb61174ab79e64fada499089efc4ee) Importer(815301076,1909f56bfc062723c751e8b465ee728b)
Start importing Assets/Resources/Sprites/Tiles/GrasslandsTextures 1_423.asset using Guid(a4fb61174ab79e64fada499089efc4ee) Importer(815301076,1909f56bfc062723c751e8b465ee728b)  -> (artifact id: '2e5c9477f4c8ef2a350db1ec75b2120c') in 0.029179 seconds 
========================================================================
Received Import Request.
  Time since last request: 0.000023 seconds.
  path: Assets/Resources/Sprites/Tiles/GrasslandsTextures 1_376.asset
  artifactKey: Guid(f23d9fb5b2ed8394da360b7ae79eda01) Importer(815301076,1909f56bfc062723c751e8b465ee728b)
Start importing Assets/Resources/Sprites/Tiles/GrasslandsTextures 1_376.asset using Guid(f23d9fb5b2ed8394da360b7ae79eda01) Importer(815301076,1909f56bfc062723c751e8b465ee728b)  -> (artifact id: 'f43ccd0ea2cbce268f044c8048673024') in 0.008828 seconds 
========================================================================
Received Import Request.
  Time since last request: 0.000027 seconds.
  path: Assets/Resources/Sprites/Tiles/GrasslandsTextures 1_447.asset
  artifactKey: Guid(7d6c63e880c81b64780e1364a3d6f244) Importer(815301076,1909f56bfc062723c751e8b465ee728b)
Start importing Assets/Resources/Sprites/Tiles/GrasslandsTextures 1_447.asset using Guid(7d6c63e880c81b64780e1364a3d6f244) Importer(815301076,1909f56bfc062723c751e8b465ee728b)  -> (artifact id: 'e68dea1fe27909562e806304fbab68b2') in 0.011521 seconds 
========================================================================
Received Import Request.
  Time since last request: 0.000018 seconds.
  path: Assets/Resources/Sprites/Tiles/GrasslandsTextures 1_493.asset
  artifactKey: Guid(5d67e9d3ff2a12c4aa9591e57cd45425) Importer(815301076,1909f56bfc062723c751e8b465ee728b)
Start importing Assets/Resources/Sprites/Tiles/GrasslandsTextures 1_493.asset using Guid(5d67e9d3ff2a12c4aa9591e57cd45425) Importer(815301076,1909f56bfc062723c751e8b465ee728b)  -> (artifact id: 'f2d627f1ceb386d29dd0d49fd8d0b7ff') in 0.009544 seconds 
========================================================================
Received Import Request.
  Time since last request: 0.000022 seconds.
  path: Assets/Resources/Sprites/Tiles/GrasslandsTextures 1_488.asset
  artifactKey: Guid(4d5e69e105cd62d478e1cdb9130b34cb) Importer(815301076,1909f56bfc062723c751e8b465ee728b)
Start importing Assets/Resources/Sprites/Tiles/GrasslandsTextures 1_488.asset using Guid(4d5e69e105cd62d478e1cdb9130b34cb) Importer(815301076,1909f56bfc062723c751e8b465ee728b)  -> (artifact id: '221e063e890fbd2f428d8f7c59755bea') in 0.010237 seconds 
========================================================================
Received Import Request.
  Time since last request: 0.000019 seconds.
  path: Assets/Resources/Sprites/Tiles/GrasslandsTextures 1_501.asset
  artifactKey: Guid(8edf5b5c7b862794cac265ad200840e7) Importer(815301076,1909f56bfc062723c751e8b465ee728b)
Start importing Assets/Resources/Sprites/Tiles/GrasslandsTextures 1_501.asset using Guid(8edf5b5c7b862794cac265ad200840e7) Importer(815301076,1909f56bfc062723c751e8b465ee728b)  -> (artifact id: '89307e6d89118cbee9b5e4bb1c073707') in 0.012183 seconds 
========================================================================
Received Import Request.
  Time since last request: 0.000018 seconds.
  path: Assets/Resources/Sprites/Tiles/GrasslandsTextures 1_522.asset
  artifactKey: Guid(1a6737a2dc660f547a95a525df78bd6b) Importer(815301076,1909f56bfc062723c751e8b465ee728b)
Start importing Assets/Resources/Sprites/Tiles/GrasslandsTextures 1_522.asset using Guid(1a6737a2dc660f547a95a525df78bd6b) Importer(815301076,1909f56bfc062723c751e8b465ee728b)  -> (artifact id: 'd81ee8f82aed92561da8dadb269da41a') in 0.009696 seconds 
========================================================================
Received Import Request.
  Time since last request: 0.000024 seconds.
  path: Assets/Resources/Sprites/Tiles/GrasslandsTextures 1_542.asset
  artifactKey: Guid(344e0da1ecfa77e4fac181de674fa388) Importer(815301076,1909f56bfc062723c751e8b465ee728b)
Start importing Assets/Resources/Sprites/Tiles/GrasslandsTextures 1_542.asset using Guid(344e0da1ecfa77e4fac181de674fa388) Importer(815301076,1909f56bfc062723c751e8b465ee728b)  -> (artifact id: 'a444a86324e94ecdb1dd4697ceb1da47') in 0.015400 seconds 
========================================================================
Received Import Request.
  Time since last request: 15.605142 seconds.
  path: Assets/Resources/Sprites/Tiles/GrasslandsTextures 1_2.asset
  artifactKey: Guid(6fb399993d0fffd49b59c3420fc248ee) Importer(815301076,1909f56bfc062723c751e8b465ee728b)
Start importing Assets/Resources/Sprites/Tiles/GrasslandsTextures 1_2.asset using Guid(6fb399993d0fffd49b59c3420fc248ee) Importer(815301076,1909f56bfc062723c751e8b465ee728b)  -> (artifact id: 'b7e35da1b432d87de8f6b839d6e565f6') in 0.008102 seconds 
========================================================================
Received Import Request.
  Time since last request: 0.000019 seconds.
  path: Assets/Resources/Sprites/Tiles/GrasslandsTextures 1_4.asset
  artifactKey: Guid(f6a26e7db1e6c1e498f6599928408848) Importer(815301076,1909f56bfc062723c751e8b465ee728b)
Start importing Assets/Resources/Sprites/Tiles/GrasslandsTextures 1_4.asset using Guid(f6a26e7db1e6c1e498f6599928408848) Importer(815301076,1909f56bfc062723c751e8b465ee728b)  -> (artifact id: 'c75ae9f887d31dba3f1384b5ecdbea9d') in 0.007433 seconds 
========================================================================
Received Import Request.
  Time since last request: 0.000015 seconds.
  path: Assets/Resources/Sprites/Tiles/GrasslandsTextures 1_15.asset
  artifactKey: Guid(d128373833c746540a5478c07a9753a8) Importer(815301076,1909f56bfc062723c751e8b465ee728b)
Start importing Assets/Resources/Sprites/Tiles/GrasslandsTextures 1_15.asset using Guid(d128373833c746540a5478c07a9753a8) Importer(815301076,1909f56bfc062723c751e8b465ee728b)  -> (artifact id: 'f14a5a6d732fe266bdcb1480e5c285d9') in 0.007377 seconds 
========================================================================
Received Import Request.
  Time since last request: 0.000018 seconds.
  path: Assets/Resources/Sprites/Tiles/GrasslandsTextures 1_8.asset
  artifactKey: Guid(feb6bcd65f47c4546a2e388d436d9c41) Importer(815301076,1909f56bfc062723c751e8b465ee728b)
Start importing Assets/Resources/Sprites/Tiles/GrasslandsTextures 1_8.asset using Guid(feb6bcd65f47c4546a2e388d436d9c41) Importer(815301076,1909f56bfc062723c751e8b465ee728b)  -> (artifact id: 'd93cca0ecc1fdf25a33e34b0d7b31a1c') in 0.011170 seconds 
========================================================================
Received Import Request.
  Time since last request: 0.000016 seconds.
  path: Assets/Resources/Sprites/Tiles/GrasslandsTextures 1_3.asset
  artifactKey: Guid(0db9e7bbe386fb440946f876031a4128) Importer(815301076,1909f56bfc062723c751e8b465ee728b)
Start importing Assets/Resources/Sprites/Tiles/GrasslandsTextures 1_3.asset using Guid(0db9e7bbe386fb440946f876031a4128) Importer(815301076,1909f56bfc062723c751e8b465ee728b)  -> (artifact id: '19b4f37b2d3feee560b9e5575d7f28a1') in 0.008542 seconds 
========================================================================
Received Import Request.
  Time since last request: 0.000018 seconds.
  path: Assets/Resources/Sprites/Tiles/GrasslandsTextures 1_20.asset
  artifactKey: Guid(07d5ecb52f0686c439312515475c6982) Importer(815301076,1909f56bfc062723c751e8b465ee728b)
Start importing Assets/Resources/Sprites/Tiles/GrasslandsTextures 1_20.asset using Guid(07d5ecb52f0686c439312515475c6982) Importer(815301076,1909f56bfc062723c751e8b465ee728b)  -> (artifact id: '855bec92f0b25ccfe832ac369fb668ea') in 0.025274 seconds 
========================================================================
Received Import Request.
  Time since last request: 0.000019 seconds.
  path: Assets/Resources/Sprites/Tiles/GrasslandsTextures 1_17.asset
  artifactKey: Guid(ddf964fa95bd0c44f98f5a1a80ca3824) Importer(815301076,1909f56bfc062723c751e8b465ee728b)
Start importing Assets/Resources/Sprites/Tiles/GrasslandsTextures 1_17.asset using Guid(ddf964fa95bd0c44f98f5a1a80ca3824) Importer(815301076,1909f56bfc062723c751e8b465ee728b)  -> (artifact id: 'b4190471218d015471ad12d91362537b') in 0.024018 seconds 
========================================================================
Received Import Request.
  Time since last request: 16.044226 seconds.
  path: Assets/Resources/Sprites/Tiles/GrasslandsTextures 1_25.asset
  artifactKey: Guid(ddfa2a72635e565489d0642e4eb71f52) Importer(815301076,1909f56bfc062723c751e8b465ee728b)
Start importing Assets/Resources/Sprites/Tiles/GrasslandsTextures 1_25.asset using Guid(ddfa2a72635e565489d0642e4eb71f52) Importer(815301076,1909f56bfc062723c751e8b465ee728b)  -> (artifact id: 'dfff62dd000a0807fd664e4c7d7fad76') in 0.010120 seconds 
========================================================================
Received Import Request.
  Time since last request: 0.000019 seconds.
  path: Assets/Resources/Sprites/Tiles/GrasslandsTextures 1_29.asset
  artifactKey: Guid(f6c70959b7a0ad84d8a5635ff72034e5) Importer(815301076,1909f56bfc062723c751e8b465ee728b)
Start importing Assets/Resources/Sprites/Tiles/GrasslandsTextures 1_29.asset using Guid(f6c70959b7a0ad84d8a5635ff72034e5) Importer(815301076,1909f56bfc062723c751e8b465ee728b)  -> (artifact id: '6fbda7f2083fd0b6ebb788a02befab59') in 0.006893 seconds 
========================================================================
Received Import Request.
  Time since last request: 0.045827 seconds.
  path: Assets/Resources/Sprites/Tiles/GrasslandsTextures 1_33.asset
  artifactKey: Guid(7b67e2ca6bbaf2b4e92d5f751f30ff95) Importer(815301076,1909f56bfc062723c751e8b465ee728b)
Start importing Assets/Resources/Sprites/Tiles/GrasslandsTextures 1_33.asset using Guid(7b67e2ca6bbaf2b4e92d5f751f30ff95) Importer(815301076,1909f56bfc062723c751e8b465ee728b)  -> (artifact id: '97ad6a4fc36556488b892f867466fa30') in 0.010469 seconds 
========================================================================
Received Import Request.
  Time since last request: 0.000025 seconds.
  path: Assets/Resources/Sprites/Tiles/GrasslandsTextures 1_36.asset
  artifactKey: Guid(a2a6f7ef9fe81a447927eed0b32a38d3) Importer(815301076,1909f56bfc062723c751e8b465ee728b)
Start importing Assets/Resources/Sprites/Tiles/GrasslandsTextures 1_36.asset using Guid(a2a6f7ef9fe81a447927eed0b32a38d3) Importer(815301076,1909f56bfc062723c751e8b465ee728b)  -> (artifact id: '2c351965f94aa6be7d61aae0cabace4a') in 0.007400 seconds 
========================================================================
Received Import Request.
  Time since last request: 0.404190 seconds.
  path: Assets/Resources/Sprites/Tiles/GrasslandsTextures 1_41.asset
  artifactKey: Guid(b9ef20126b288cb4d87df28ef5fb446e) Importer(815301076,1909f56bfc062723c751e8b465ee728b)
Start importing Assets/Resources/Sprites/Tiles/GrasslandsTextures 1_41.asset using Guid(b9ef20126b288cb4d87df28ef5fb446e) Importer(815301076,1909f56bfc062723c751e8b465ee728b)  -> (artifact id: '6a32ac7018d9fdf738d2e817599244f2') in 0.008559 seconds 
========================================================================
Received Import Request.
  Time since last request: 0.000020 seconds.
  path: Assets/Resources/Sprites/Tiles/GrasslandsTextures 1_42.asset
  artifactKey: Guid(1c851c78bab9f75438bf7064118eee10) Importer(815301076,1909f56bfc062723c751e8b465ee728b)
Start importing Assets/Resources/Sprites/Tiles/GrasslandsTextures 1_42.asset using Guid(1c851c78bab9f75438bf7064118eee10) Importer(815301076,1909f56bfc062723c751e8b465ee728b)  -> (artifact id: '4754699d09182b7b4620411a49875b4b') in 0.008797 seconds 
========================================================================
Received Import Request.
  Time since last request: 0.017467 seconds.
  path: Assets/Resources/Sprites/Tiles/GrasslandsTextures 1_49.asset
  artifactKey: Guid(b828c2fc769175347830a91677ba12a2) Importer(815301076,1909f56bfc062723c751e8b465ee728b)
Start importing Assets/Resources/Sprites/Tiles/GrasslandsTextures 1_49.asset using Guid(b828c2fc769175347830a91677ba12a2) Importer(815301076,1909f56bfc062723c751e8b465ee728b)  -> (artifact id: 'e69072271e8a0ca817455b29195cdb3b') in 0.012261 seconds 
========================================================================
Received Import Request.
  Time since last request: 0.000024 seconds.
  path: Assets/Resources/Sprites/Tiles/GrasslandsTextures 1_50.asset
  artifactKey: Guid(8f4d48e343ad8234093cf6ed63d5ae6c) Importer(815301076,1909f56bfc062723c751e8b465ee728b)
Start importing Assets/Resources/Sprites/Tiles/GrasslandsTextures 1_50.asset using Guid(8f4d48e343ad8234093cf6ed63d5ae6c) Importer(815301076,1909f56bfc062723c751e8b465ee728b)  -> (artifact id: '9c951687f2d9567fc1a8dfba4834367b') in 0.009606 seconds 
========================================================================
Received Import Request.
  Time since last request: 0.020106 seconds.
  path: Assets/Resources/Sprites/Tiles/GrasslandsTextures 1_57.asset
  artifactKey: Guid(45f387440d800ea4e93b688917b7c9d1) Importer(815301076,1909f56bfc062723c751e8b465ee728b)
Start importing Assets/Resources/Sprites/Tiles/GrasslandsTextures 1_57.asset using Guid(45f387440d800ea4e93b688917b7c9d1) Importer(815301076,1909f56bfc062723c751e8b465ee728b)  -> (artifact id: 'a09928f1173c9d14ae049cde676db1ae') in 0.007169 seconds 
========================================================================
Received Import Request.
  Time since last request: 0.000022 seconds.
  path: Assets/Resources/Sprites/Tiles/GrasslandsTextures 1_58.asset
  artifactKey: Guid(a9cbff86501b7b840b7f5bab5a491d37) Importer(815301076,1909f56bfc062723c751e8b465ee728b)
Start importing Assets/Resources/Sprites/Tiles/GrasslandsTextures 1_58.asset using Guid(a9cbff86501b7b840b7f5bab5a491d37) Importer(815301076,1909f56bfc062723c751e8b465ee728b)  -> (artifact id: '0e426a173ac80b6bcd7b5e92c31f0a8f') in 0.007885 seconds 
========================================================================
Received Import Request.
  Time since last request: 0.304185 seconds.
  path: Assets/Resources/Sprites/Tiles/GrasslandsTextures 1_65.asset
  artifactKey: Guid(20eb6c0e119080947b1d1ebd55b3e90a) Importer(815301076,1909f56bfc062723c751e8b465ee728b)
Start importing Assets/Resources/Sprites/Tiles/GrasslandsTextures 1_65.asset using Guid(20eb6c0e119080947b1d1ebd55b3e90a) Importer(815301076,1909f56bfc062723c751e8b465ee728b)  -> (artifact id: '79cb58f29dc5be2c37a4c1ebb5049e8c') in 0.008844 seconds 
========================================================================
Received Import Request.
  Time since last request: 0.000019 seconds.
  path: Assets/Resources/Sprites/Tiles/GrasslandsTextures 1_68.asset
  artifactKey: Guid(d358c53e37d857341a45d0ab8c57e1b4) Importer(815301076,1909f56bfc062723c751e8b465ee728b)
Start importing Assets/Resources/Sprites/Tiles/GrasslandsTextures 1_68.asset using Guid(d358c53e37d857341a45d0ab8c57e1b4) Importer(815301076,1909f56bfc062723c751e8b465ee728b)  -> (artifact id: 'e360ed7015a672240b072b4accab2749') in 0.009713 seconds 
========================================================================
Received Import Request.
  Time since last request: 0.000116 seconds.
  path: Assets/Resources/Sprites/Tiles/GrasslandsTextures 1_73.asset
  artifactKey: Guid(6d905863a79831c42bf144de96cf2d46) Importer(815301076,1909f56bfc062723c751e8b465ee728b)
Start importing Assets/Resources/Sprites/Tiles/GrasslandsTextures 1_73.asset using Guid(6d905863a79831c42bf144de96cf2d46) Importer(815301076,1909f56bfc062723c751e8b465ee728b)  -> (artifact id: '195fd85a39107637314f037e786e3012') in 0.007952 seconds 
========================================================================
Received Import Request.
  Time since last request: 0.000021 seconds.
  path: Assets/Resources/Sprites/Tiles/GrasslandsTextures 1_75.asset
  artifactKey: Guid(f352f65161ac7944f890396e728c0682) Importer(815301076,1909f56bfc062723c751e8b465ee728b)
Start importing Assets/Resources/Sprites/Tiles/GrasslandsTextures 1_75.asset using Guid(f352f65161ac7944f890396e728c0682) Importer(815301076,1909f56bfc062723c751e8b465ee728b)  -> (artifact id: '2a9f3a97f050d489517cdd2e8b11948a') in 0.007737 seconds 
========================================================================
Received Import Request.
  Time since last request: 0.018523 seconds.
  path: Assets/Resources/Sprites/Tiles/GrasslandsTextures 1_81.asset
  artifactKey: Guid(ce5da442cbacea240a8c3d25de973976) Importer(815301076,1909f56bfc062723c751e8b465ee728b)
Start importing Assets/Resources/Sprites/Tiles/GrasslandsTextures 1_81.asset using Guid(ce5da442cbacea240a8c3d25de973976) Importer(815301076,1909f56bfc062723c751e8b465ee728b)  -> (artifact id: 'dff5265b6b73645f3ab01f92e21be8f5') in 0.007668 seconds 
========================================================================
Received Import Request.
  Time since last request: 0.000024 seconds.
  path: Assets/Resources/Sprites/Tiles/GrasslandsTextures 1_82.asset
  artifactKey: Guid(bebf72df342ac2f4a8e317f28fbc049d) Importer(815301076,1909f56bfc062723c751e8b465ee728b)
Start importing Assets/Resources/Sprites/Tiles/GrasslandsTextures 1_82.asset using Guid(bebf72df342ac2f4a8e317f28fbc049d) Importer(815301076,1909f56bfc062723c751e8b465ee728b)  -> (artifact id: '5101af3fdb16cea9bf27ac6ef39beff5') in 0.008318 seconds 
========================================================================
Received Import Request.
  Time since last request: 0.264276 seconds.
  path: Assets/Resources/Sprites/Tiles/GrasslandsTextures 1_89.asset
  artifactKey: Guid(36d5c4225ce193a4685c0890228c5b2d) Importer(815301076,1909f56bfc062723c751e8b465ee728b)
Start importing Assets/Resources/Sprites/Tiles/GrasslandsTextures 1_89.asset using Guid(36d5c4225ce193a4685c0890228c5b2d) Importer(815301076,1909f56bfc062723c751e8b465ee728b)  -> (artifact id: '0b19071f9d6e095c98d93d1d171e76ee') in 0.007660 seconds 
========================================================================
Received Import Request.
  Time since last request: 0.000024 seconds.
  path: Assets/Resources/Sprites/Tiles/GrasslandsTextures 1_91.asset
  artifactKey: Guid(0f7c0d68483f8264db3bf2a9154f1fe7) Importer(815301076,1909f56bfc062723c751e8b465ee728b)
Start importing Assets/Resources/Sprites/Tiles/GrasslandsTextures 1_91.asset using Guid(0f7c0d68483f8264db3bf2a9154f1fe7) Importer(815301076,1909f56bfc062723c751e8b465ee728b)  -> (artifact id: 'e35a7f0af6a44553e1134122a35e0870') in 0.009109 seconds 
========================================================================
Received Import Request.
  Time since last request: 0.000018 seconds.
  path: Assets/Resources/Sprites/Tiles/GrasslandsTextures 1_97.asset
  artifactKey: Guid(d60c1948013c9fb4a8ca162bb5f73215) Importer(815301076,1909f56bfc062723c751e8b465ee728b)
Start importing Assets/Resources/Sprites/Tiles/GrasslandsTextures 1_97.asset using Guid(d60c1948013c9fb4a8ca162bb5f73215) Importer(815301076,1909f56bfc062723c751e8b465ee728b)  -> (artifact id: '2fbbe6b4dbaf9ca7b77d1098d5b140f9') in 0.007977 seconds 
========================================================================
Received Import Request.
  Time since last request: 0.000018 seconds.
  path: Assets/Resources/Sprites/Tiles/GrasslandsTextures 1_107.asset
  artifactKey: Guid(89f715255bc45c3498e860a347d7be49) Importer(815301076,1909f56bfc062723c751e8b465ee728b)
Start importing Assets/Resources/Sprites/Tiles/GrasslandsTextures 1_107.asset using Guid(89f715255bc45c3498e860a347d7be49) Importer(815301076,1909f56bfc062723c751e8b465ee728b)  -> (artifact id: 'ea55b623d8d526b9927d3d6665127b0b') in 0.006312 seconds 
========================================================================
Received Import Request.
  Time since last request: 0.000023 seconds.
  path: Assets/Resources/Sprites/Tiles/GrasslandsTextures 1_103.asset
  artifactKey: Guid(039e0f51d192ab547b13d2fb2068f9f1) Importer(815301076,1909f56bfc062723c751e8b465ee728b)
Start importing Assets/Resources/Sprites/Tiles/GrasslandsTextures 1_103.asset using Guid(039e0f51d192ab547b13d2fb2068f9f1) Importer(815301076,1909f56bfc062723c751e8b465ee728b)  -> (artifact id: '4fa4f60141a6aba07a4abe9f5b926905') in 0.010161 seconds 
========================================================================
Received Import Request.
  Time since last request: 0.000021 seconds.
  path: Assets/Resources/Sprites/Tiles/GrasslandsTextures 1_114.asset
  artifactKey: Guid(79530ae4f7173894bbb40ac1fdb5f3f3) Importer(815301076,1909f56bfc062723c751e8b465ee728b)
Start importing Assets/Resources/Sprites/Tiles/GrasslandsTextures 1_114.asset using Guid(79530ae4f7173894bbb40ac1fdb5f3f3) Importer(815301076,1909f56bfc062723c751e8b465ee728b)  -> (artifact id: '823c0bc6414dfa28d854f41e6b8c0154') in 0.007509 seconds 
========================================================================
Received Import Request.
  Time since last request: 0.000018 seconds.
  path: Assets/Resources/Sprites/Tiles/GrasslandsTextures 1_94.asset
  artifactKey: Guid(c77ecddfc16542b438896c025f84d875) Importer(815301076,1909f56bfc062723c751e8b465ee728b)
Start importing Assets/Resources/Sprites/Tiles/GrasslandsTextures 1_94.asset using Guid(c77ecddfc16542b438896c025f84d875) Importer(815301076,1909f56bfc062723c751e8b465ee728b)  -> (artifact id: '44453415fedbd92af59264595478aa01') in 0.007055 seconds 
========================================================================
Received Import Request.
  Time since last request: 0.000017 seconds.
  path: Assets/Resources/Sprites/Tiles/GrasslandsTextures 1_116.asset
  artifactKey: Guid(e96115ba40640c54698a9d6d4ab4fa2e) Importer(815301076,1909f56bfc062723c751e8b465ee728b)
Start importing Assets/Resources/Sprites/Tiles/GrasslandsTextures 1_116.asset using Guid(e96115ba40640c54698a9d6d4ab4fa2e) Importer(815301076,1909f56bfc062723c751e8b465ee728b)  -> (artifact id: '47ee335b8e8093f1494a857863d85ada') in 0.008346 seconds 
========================================================================
Received Import Request.
  Time since last request: 1.470284 seconds.
  path: Assets/Resources/Sprites/Tiles/GrasslandsTextures 1_121.asset
  artifactKey: Guid(eb7266b5450ea2c47bd378c9cad5749d) Importer(815301076,1909f56bfc062723c751e8b465ee728b)
Start importing Assets/Resources/Sprites/Tiles/GrasslandsTextures 1_121.asset using Guid(eb7266b5450ea2c47bd378c9cad5749d) Importer(815301076,1909f56bfc062723c751e8b465ee728b)  -> (artifact id: '4774d8710f52639dd535f6debe72ec40') in 0.008537 seconds 
========================================================================
Received Import Request.
  Time since last request: 0.000019 seconds.
  path: Assets/Resources/Sprites/Tiles/GrasslandsTextures 1_123.asset
  artifactKey: Guid(0674f934ad3451e46bc53d56ccfe22f1) Importer(815301076,1909f56bfc062723c751e8b465ee728b)
Start importing Assets/Resources/Sprites/Tiles/GrasslandsTextures 1_123.asset using Guid(0674f934ad3451e46bc53d56ccfe22f1) Importer(815301076,1909f56bfc062723c751e8b465ee728b)  -> (artifact id: '9ef770256f53e27350fb925b2171cd70') in 0.008573 seconds 
Editor requested this worker to shutdown with reason: Scaling down because of idle timeout
AssetImportWorker is now disconnected from the server
Process exiting
Exiting without the bug reporter. Application will terminate with return code 0