Using pre-set license
Built from '2021.3/staging' branch; Version is '2021.3.1f1 (3b70a0754835) revision 3895456'; Using compiler version '192829333'; Build Type 'Release'
OS: 'Windows 10  (10.0.19043) 64bit Core' Language: 'ko' Physical Memory: 32636 MB
BatchMode: 1, IsHumanControllingUs: 0, StartBugReporterOnCrash: 0, Is64bit: 1, IsPro: 1

COMMAND LINE ARGUMENTS:
D:\2021.3.1f1\Editor\Unity.exe
-adb2
-batchMode
-noUpm
-name
AssetImportWorker4
-projectPath
D:/Clone/mobile_init/mobile_initcopy
-logFile
Logs/AssetImportWorker4.log
-srvPort
62095
Successfully changed project path to: D:/Clone/mobile_init/mobile_initcopy
D:/Clone/mobile_init/mobile_initcopy
[UnityMemory] Configuration Parameters - Can be set up in boot.config
    "memorysetup-bucket-allocator-granularity=16"
    "memorysetup-bucket-allocator-bucket-count=8"
    "memorysetup-bucket-allocator-block-size=33554432"
    "memorysetup-bucket-allocator-block-count=8"
    "memorysetup-main-allocator-block-size=16777216"
    "memorysetup-thread-allocator-block-size=16777216"
    "memorysetup-gfx-main-allocator-block-size=16777216"
    "memorysetup-gfx-thread-allocator-block-size=16777216"
    "memorysetup-cache-allocator-block-size=4194304"
    "memorysetup-typetree-allocator-block-size=2097152"
    "memorysetup-profiler-bucket-allocator-granularity=16"
    "memorysetup-profiler-bucket-allocator-bucket-count=8"
    "memorysetup-profiler-bucket-allocator-block-size=33554432"
    "memorysetup-profiler-bucket-allocator-block-count=8"
    "memorysetup-profiler-allocator-block-size=16777216"
    "memorysetup-profiler-editor-allocator-block-size=1048576"
    "memorysetup-temp-allocator-size-main=16777216"
    "memorysetup-job-temp-allocator-block-size=2097152"
    "memorysetup-job-temp-allocator-block-size-background=1048576"
    "memorysetup-job-temp-allocator-reduction-small-platforms=262144"
    "memorysetup-temp-allocator-size-background-worker=32768"
    "memorysetup-temp-allocator-size-job-worker=262144"
    "memorysetup-temp-allocator-size-preload-manager=33554432"
    "memorysetup-temp-allocator-size-nav-mesh-worker=65536"
    "memorysetup-temp-allocator-size-audio-worker=65536"
    "memorysetup-temp-allocator-size-cloud-worker=32768"
    "memorysetup-temp-allocator-size-gi-baking-worker=262144"
    "memorysetup-temp-allocator-size-gfx=262144"
Refreshing native plugins compatible for Editor in 96.66 ms, found 4 plugins.
Preloading 0 native plugins for Editor in 0.00 ms.
Initialize engine version: 2021.3.1f1 (3b70a0754835)
[Subsystems] Discovering subsystems at path D:/2021.3.1f1/Editor/Data/Resources/UnitySubsystems
[Subsystems] Discovering subsystems at path D:/Clone/mobile_init/mobile_initcopy/Assets
GfxDevice: creating device client; threaded=0; jobified=0
Direct3D:
    Version:  Direct3D 11.0 [level 11.1]
    Renderer: NVIDIA GeForce RTX 3070 Laptop GPU (ID=0x24dd)
    Vendor:   NVIDIA
    VRAM:     8044 MB
    Driver:   30.0.15.1215
Initialize mono
Mono path[0] = 'D:/2021.3.1f1/Editor/Data/Managed'
Mono path[1] = 'D:/2021.3.1f1/Editor/Data/MonoBleedingEdge/lib/mono/unityjit-win32'
Mono config path = 'D:/2021.3.1f1/Editor/Data/MonoBleedingEdge/etc'
Using monoOptions --debugger-agent=transport=dt_socket,embedding=1,server=y,suspend=n,address=127.0.0.1:56164
Begin MonoManager ReloadAssembly
Registering precompiled unity dll's ...
Register platform support module: D:/2021.3.1f1/Editor/Data/PlaybackEngines/WebGLSupport/UnityEditor.WebGL.Extensions.dll
Register platform support module: D:/2021.3.1f1/Editor/Data/PlaybackEngines/AndroidPlayer/UnityEditor.Android.Extensions.dll
Register platform support module: D:/2021.3.1f1/Editor/Data/PlaybackEngines/WindowsStandaloneSupport/UnityEditor.WindowsStandalone.Extensions.dll
Registered in 0.003860 seconds.
Native extension for WindowsStandalone target not found
Native extension for Android target not found
Native extension for WebGL target not found
Refreshing native plugins compatible for Editor in 90.97 ms, found 4 plugins.
Preloading 0 native plugins for Editor in 0.00 ms.
Mono: successfully reloaded assembly
- Completed reload, in  0.577 seconds
Domain Reload Profiling:
	ReloadAssembly (577ms)
		BeginReloadAssembly (82ms)
			ExecutionOrderSort (0ms)
			DisableScriptedObjects (0ms)
			BackupInstance (0ms)
			ReleaseScriptingObjects (0ms)
			CreateAndSetChildDomain (1ms)
		EndReloadAssembly (405ms)
			LoadAssemblies (83ms)
			RebuildTransferFunctionScriptingTraits (0ms)
			SetupTypeCache (85ms)
			ReleaseScriptCaches (0ms)
			RebuildScriptCaches (21ms)
			SetupLoadedEditorAssemblies (260ms)
				LogAssemblyErrors (0ms)
				InitializePlatformSupportModulesInManaged (45ms)
				SetLoadedEditorAssemblies (0ms)
				RefreshPlugins (91ms)
				BeforeProcessingInitializeOnLoad (1ms)
				ProcessInitializeOnLoadAttributes (80ms)
				ProcessInitializeOnLoadMethodAttributes (42ms)
				AfterProcessingInitializeOnLoad (0ms)
				EditorAssembliesLoaded (0ms)
			ExecutionOrderSort2 (0ms)
			AwakeInstancesAfterBackupRestoration (0ms)
Platform modules already initialized, skipping
Registering precompiled user dll's ...
Registered in 0.005438 seconds.
Begin MonoManager ReloadAssembly
Symbol file LoadedFromMemory doesn't match image D:\Clone\mobile_init\mobile_initcopy\Library\PackageCache\com.unity.visualscripting@1.7.6\Editor\VisualScripting.Core\Dependencies\YamlDotNet\Unity.VisualScripting.YamlDotNet.dll
Symbol file LoadedFromMemory is not a mono symbol file
Symbol file LoadedFromMemory doesn't match image D:\Clone\mobile_init\mobile_initcopy\Library\PackageCache\com.unity.visualscripting@1.7.6\Editor\VisualScripting.Core\Dependencies\DotNetZip\Unity.VisualScripting.IonicZip.dll
Native extension for WindowsStandalone target not found
Native extension for Android target not found
Native extension for WebGL target not found
Refreshing native plugins compatible for Editor in 85.87 ms, found 4 plugins.
Preloading 0 native plugins for Editor in 0.00 ms.
Mono: successfully reloaded assembly
- Completed reload, in  1.070 seconds
Domain Reload Profiling:
	ReloadAssembly (1071ms)
		BeginReloadAssembly (218ms)
			ExecutionOrderSort (0ms)
			DisableScriptedObjects (5ms)
			BackupInstance (0ms)
			ReleaseScriptingObjects (0ms)
			CreateAndSetChildDomain (123ms)
		EndReloadAssembly (764ms)
			LoadAssemblies (107ms)
			RebuildTransferFunctionScriptingTraits (0ms)
			SetupTypeCache (191ms)
			ReleaseScriptCaches (1ms)
			RebuildScriptCaches (45ms)
			SetupLoadedEditorAssemblies (408ms)
				LogAssemblyErrors (0ms)
				InitializePlatformSupportModulesInManaged (10ms)
				SetLoadedEditorAssemblies (0ms)
				RefreshPlugins (86ms)
				BeforeProcessingInitializeOnLoad (77ms)
				ProcessInitializeOnLoadAttributes (190ms)
				ProcessInitializeOnLoadMethodAttributes (42ms)
				AfterProcessingInitializeOnLoad (2ms)
				EditorAssembliesLoaded (0ms)
			ExecutionOrderSort2 (0ms)
			AwakeInstancesAfterBackupRestoration (6ms)
Platform modules already initialized, skipping
========================================================================
Worker process is ready to serve import requests
Launched and connected shader compiler UnityShaderCompiler.exe after 0.04 seconds
Refreshing native plugins compatible for Editor in 1.00 ms, found 4 plugins.
Preloading 0 native plugins for Editor in 0.00 ms.
Unloading 4319 Unused Serialized files (Serialized files now loaded: 0)
Unloading 40 unused Assets / (225.9 KB). Loaded Objects now: 4780.
Memory consumption went from 166.4 MB to 166.2 MB.
Total: 2.910200 ms (FindLiveObjects: 0.278000 ms CreateObjectMapping: 0.122500 ms MarkObjects: 2.374200 ms  DeleteObjects: 0.133900 ms)

AssetImportParameters requested are different than current active one (requested -> active):
  custom:video-decoder-ogg-theora: a1e56fd34408186e4bbccfd4996cb3dc -> 
  custom:container-muxer-webm: aa71ff27fc2769a1b78a27578f13a17b -> 
  custom:container-demuxer-webm: 4f35f7cbe854078d1ac9338744f61a02 -> 
  custom:video-encoder-webm-vp8: eb34c28f22e8b96e1ab97ce403110664 -> 
  custom:audio-encoder-webm-vorbis: bf7c407c2cedff20999df2af8eb42d56 -> 
  custom:framework-win-MediaFoundation: 216162199b28c13a410421893ffa2e32 -> 
  custom:container-demuxer-ogg: 62fdf1f143b41e24485cea50d1cbac27 -> 
  custom:video-decoder-webm-vp8: 9c59270c3fd7afecdb556c50c9e8de78 -> 
  custom:audio-decoder-ogg-vorbis: bf7c407c2cedff20999df2af8eb42d56 -> 
========================================================================
Received Import Request.
  Time since last request: 1486593.945391 seconds.
  path: Assets/SPUM/UI/ODD_Basic/01_UI_Images/03_Popup_Equipment/Box_Equipment.png
  artifactKey: Guid(caa5f27f9ca7d419396a4d238f94f78e) Importer(815301076,1909f56bfc062723c751e8b465ee728b)
Start importing Assets/SPUM/UI/ODD_Basic/01_UI_Images/03_Popup_Equipment/Box_Equipment.png using Guid(caa5f27f9ca7d419396a4d238f94f78e) Importer(815301076,1909f56bfc062723c751e8b465ee728b)  -> (artifact id: 'ab874f6d54e4497bf8db51e4c0a4c292') in 0.085883 seconds 
========================================================================
Received Import Request.
  Time since last request: 6.161405 seconds.
  path: Assets/SPUM/UI/ODD_Basic/01_UI_Images/03_Popup_Equipment/Box_Equipment.png
  artifactKey: Guid(caa5f27f9ca7d419396a4d238f94f78e) Importer(815301076,1909f56bfc062723c751e8b465ee728b)
Start importing Assets/SPUM/UI/ODD_Basic/01_UI_Images/03_Popup_Equipment/Box_Equipment.png using Guid(caa5f27f9ca7d419396a4d238f94f78e) Importer(815301076,1909f56bfc062723c751e8b465ee728b)  -> (artifact id: '1e98ef666f51ae2500fc29257e3bdee5') in 0.013328 seconds 
========================================================================
Received Import Request.
  Time since last request: 10.737308 seconds.
  path: Assets/SPUM/UI/ODD_Basic/01_UI_Images/03_Popup_Equipment/Box_Equipment.png
  artifactKey: Guid(caa5f27f9ca7d419396a4d238f94f78e) Importer(815301076,1909f56bfc062723c751e8b465ee728b)
Start importing Assets/SPUM/UI/ODD_Basic/01_UI_Images/03_Popup_Equipment/Box_Equipment.png using Guid(caa5f27f9ca7d419396a4d238f94f78e) Importer(815301076,1909f56bfc062723c751e8b465ee728b)  -> (artifact id: 'bee40c1aa1057dd37d873596c66e68bd') in 0.008482 seconds 
========================================================================
Received Import Request.
  Time since last request: 25.895524 seconds.
  path: Assets/SPUM/UI/ODD_Basic/01_UI_Images/03_Popup_Equipment/Box_Equipment.png
  artifactKey: Guid(caa5f27f9ca7d419396a4d238f94f78e) Importer(815301076,1909f56bfc062723c751e8b465ee728b)
Start importing Assets/SPUM/UI/ODD_Basic/01_UI_Images/03_Popup_Equipment/Box_Equipment.png using Guid(caa5f27f9ca7d419396a4d238f94f78e) Importer(815301076,1909f56bfc062723c751e8b465ee728b)  -> (artifact id: '57c54830a4548a460f36849a686585fa') in 0.012985 seconds 
========================================================================
Received Import Request.
  Time since last request: 4.380398 seconds.
  path: Assets/SPUM/UI/ODD_Basic/01_UI_Images/03_Popup_Equipment/Box_Equipment.png
  artifactKey: Guid(caa5f27f9ca7d419396a4d238f94f78e) Importer(815301076,1909f56bfc062723c751e8b465ee728b)
Start importing Assets/SPUM/UI/ODD_Basic/01_UI_Images/03_Popup_Equipment/Box_Equipment.png using Guid(caa5f27f9ca7d419396a4d238f94f78e) Importer(815301076,1909f56bfc062723c751e8b465ee728b)  -> (artifact id: '1d500de6549aeb54950f4cec77a3324b') in 0.009312 seconds 
========================================================================
Received Import Request.
  Time since last request: 3.967387 seconds.
  path: Assets/SPUM/UI/ODD_Basic/01_UI_Images/03_Popup_Equipment/Box_Equipment.png
  artifactKey: Guid(caa5f27f9ca7d419396a4d238f94f78e) Importer(815301076,1909f56bfc062723c751e8b465ee728b)
Start importing Assets/SPUM/UI/ODD_Basic/01_UI_Images/03_Popup_Equipment/Box_Equipment.png using Guid(caa5f27f9ca7d419396a4d238f94f78e) Importer(815301076,1909f56bfc062723c751e8b465ee728b)  -> (artifact id: 'ae6fe4eb34dbe6a84376b5039ddfbc81') in 0.011475 seconds 
========================================================================
Received Import Request.
  Time since last request: 12.982066 seconds.
  path: Assets/SPUM/UI/ODD_Basic/01_UI_Images/03_Popup_Equipment/Box_Equipment.png
  artifactKey: Guid(caa5f27f9ca7d419396a4d238f94f78e) Importer(815301076,1909f56bfc062723c751e8b465ee728b)
Start importing Assets/SPUM/UI/ODD_Basic/01_UI_Images/03_Popup_Equipment/Box_Equipment.png using Guid(caa5f27f9ca7d419396a4d238f94f78e) Importer(815301076,1909f56bfc062723c751e8b465ee728b)  -> (artifact id: '103a9906e808dcbd1cd43d79d053eb36') in 0.013729 seconds 
========================================================================
Received Import Request.
  Time since last request: 43.016026 seconds.
  path: Assets/SPUM/UI/ODD_Basic/01_UI_Images/00_Basic
  artifactKey: Guid(750f711f04b014f62bb9242176c27e94) Importer(815301076,1909f56bfc062723c751e8b465ee728b)
Start importing Assets/SPUM/UI/ODD_Basic/01_UI_Images/00_Basic using Guid(750f711f04b014f62bb9242176c27e94) Importer(815301076,1909f56bfc062723c751e8b465ee728b)  -> (artifact id: '7b5c32a15b2ce6293d48ea38a9a9b8b4') in 0.001745 seconds 
========================================================================
Received Import Request.
  Time since last request: 0.053277 seconds.
  path: Assets/SPUM/UI/ODD_Basic/01_UI_Images/00_Basic/Board_20x20.png
  artifactKey: Guid(daf35c185153446e5bc72062e31930db) Importer(815301076,1909f56bfc062723c751e8b465ee728b)
Start importing Assets/SPUM/UI/ODD_Basic/01_UI_Images/00_Basic/Board_20x20.png using Guid(daf35c185153446e5bc72062e31930db) Importer(815301076,1909f56bfc062723c751e8b465ee728b)  -> (artifact id: 'a03a6efe000346a0a83e40ea35bcaffc') in 0.023778 seconds 
========================================================================
Received Import Request.
  Time since last request: 0.000016 seconds.
  path: Assets/SPUM/UI/ODD_Basic/01_UI_Images/00_Basic/Image_Select2.png
  artifactKey: Guid(5103a6ae60eca4f5481d1826e81a95f5) Importer(815301076,1909f56bfc062723c751e8b465ee728b)
Start importing Assets/SPUM/UI/ODD_Basic/01_UI_Images/00_Basic/Image_Select2.png using Guid(5103a6ae60eca4f5481d1826e81a95f5) Importer(815301076,1909f56bfc062723c751e8b465ee728b)  -> (artifact id: 'c9475818f8219e2bc23b27d5025fcc2c') in 0.030430 seconds 
========================================================================
Received Import Request.
  Time since last request: 0.000040 seconds.
  path: Assets/SPUM/UI/ODD_Basic/01_UI_Images/00_Basic/EXP_Gauge2.png
  artifactKey: Guid(5246366cb404d423dbe5716974428e60) Importer(815301076,1909f56bfc062723c751e8b465ee728b)
Start importing Assets/SPUM/UI/ODD_Basic/01_UI_Images/00_Basic/EXP_Gauge2.png using Guid(5246366cb404d423dbe5716974428e60) Importer(815301076,1909f56bfc062723c751e8b465ee728b)  -> (artifact id: '026f419b504b28defa33e53454c25181') in 0.029761 seconds 
========================================================================
Received Import Request.
  Time since last request: 0.000016 seconds.
  path: Assets/SPUM/UI/ODD_Basic/01_UI_Images/00_Basic/MP_Gauge1.png
  artifactKey: Guid(b377032f439f0402396eeddc2d5a22f4) Importer(815301076,1909f56bfc062723c751e8b465ee728b)
Start importing Assets/SPUM/UI/ODD_Basic/01_UI_Images/00_Basic/MP_Gauge1.png using Guid(b377032f439f0402396eeddc2d5a22f4) Importer(815301076,1909f56bfc062723c751e8b465ee728b)  -> (artifact id: '642aa1a6639560b16464e895dd3fb196') in 0.023357 seconds 
========================================================================
Received Import Request.
  Time since last request: 0.000017 seconds.
  path: Assets/SPUM/UI/ODD_Basic/01_UI_Images/00_Basic/HP_Gauge1.png
  artifactKey: Guid(c18f0cf49c03a4fa8ac06695273139c6) Importer(815301076,1909f56bfc062723c751e8b465ee728b)
Start importing Assets/SPUM/UI/ODD_Basic/01_UI_Images/00_Basic/HP_Gauge1.png using Guid(c18f0cf49c03a4fa8ac06695273139c6) Importer(815301076,1909f56bfc062723c751e8b465ee728b)  -> (artifact id: 'd7de6cd4c7ab2a156628e37dabc62e60') in 0.079645 seconds 
========================================================================
Received Import Request.
  Time since last request: 0.000018 seconds.
  path: Assets/SPUM/UI/ODD_Basic/01_UI_Images/00_Basic/Image_Select1.png
  artifactKey: Guid(3a3bafe900dbc43f2b54db79914cc5dd) Importer(815301076,1909f56bfc062723c751e8b465ee728b)
Start importing Assets/SPUM/UI/ODD_Basic/01_UI_Images/00_Basic/Image_Select1.png using Guid(3a3bafe900dbc43f2b54db79914cc5dd) Importer(815301076,1909f56bfc062723c751e8b465ee728b)  -> (artifact id: '149afa6198efa055c1eb0f132bba15bc') in 0.016865 seconds 
========================================================================
Received Import Request.
  Time since last request: 0.000025 seconds.
  path: Assets/SPUM/UI/ODD_Basic/01_UI_Images/00_Basic/EXP_Title.png
  artifactKey: Guid(b422b3761d07f43e0abb1f48f1447678) Importer(815301076,1909f56bfc062723c751e8b465ee728b)
Start importing Assets/SPUM/UI/ODD_Basic/01_UI_Images/00_Basic/EXP_Title.png using Guid(b422b3761d07f43e0abb1f48f1447678) Importer(815301076,1909f56bfc062723c751e8b465ee728b)  -> (artifact id: '69afb1ba945a1da69c7540adf4cc82a5') in 0.048960 seconds 
========================================================================
Received Import Request.
  Time since last request: 0.000019 seconds.
  path: Assets/SPUM/UI/ODD_Basic/01_UI_Images/00_Basic/Image_Boss.png
  artifactKey: Guid(bd71076d1572d40c081565b126193105) Importer(815301076,1909f56bfc062723c751e8b465ee728b)
Start importing Assets/SPUM/UI/ODD_Basic/01_UI_Images/00_Basic/Image_Boss.png using Guid(bd71076d1572d40c081565b126193105) Importer(815301076,1909f56bfc062723c751e8b465ee728b)  -> (artifact id: '5e918c66cb9aec15189f49d209d4078c') in 0.011546 seconds 
========================================================================
Received Import Request.
  Time since last request: 25.992484 seconds.
  path: Assets/SPUM/UI/ODD_Basic/01_UI_Images/99_Icons
  artifactKey: Guid(787300b3246204a77a8580a028744e1e) Importer(815301076,1909f56bfc062723c751e8b465ee728b)
Start importing Assets/SPUM/UI/ODD_Basic/01_UI_Images/99_Icons using Guid(787300b3246204a77a8580a028744e1e) Importer(815301076,1909f56bfc062723c751e8b465ee728b)  -> (artifact id: '9ed80a6e9affd72f04a90f8925154c9f') in 0.002321 seconds 
========================================================================
Received Import Request.
  Time since last request: 8.098410 seconds.
  path: Assets/SPUM/UI/ODD_Basic/01_UI_Images/99_Icons/Icon_Diamond.png
  artifactKey: Guid(813bee8d9e5194da188268b7990f604c) Importer(815301076,1909f56bfc062723c751e8b465ee728b)
Start importing Assets/SPUM/UI/ODD_Basic/01_UI_Images/99_Icons/Icon_Diamond.png using Guid(813bee8d9e5194da188268b7990f604c) Importer(815301076,1909f56bfc062723c751e8b465ee728b)  -> (artifact id: '91458f13bdac3d7dfff58e689e735b6f') in 0.018628 seconds 
========================================================================
Received Import Request.
  Time since last request: 0.000016 seconds.
  path: Assets/SPUM/UI/ODD_Basic/01_UI_Images/99_Icons/Icon_Potion2.png
  artifactKey: Guid(a5ea871d89f1548a485724a11d254996) Importer(815301076,1909f56bfc062723c751e8b465ee728b)
Start importing Assets/SPUM/UI/ODD_Basic/01_UI_Images/99_Icons/Icon_Potion2.png using Guid(a5ea871d89f1548a485724a11d254996) Importer(815301076,1909f56bfc062723c751e8b465ee728b)  -> (artifact id: 'c69809f12d5f58c374b5c69064dbaf10') in 0.026245 seconds 
========================================================================
Received Import Request.
  Time since last request: 0.000021 seconds.
  path: Assets/SPUM/UI/ODD_Basic/01_UI_Images/99_Icons/Icon_Post_WS.png
  artifactKey: Guid(71f94fa95cea84dd4b75fe3a99b14daf) Importer(815301076,1909f56bfc062723c751e8b465ee728b)
Start importing Assets/SPUM/UI/ODD_Basic/01_UI_Images/99_Icons/Icon_Post_WS.png using Guid(71f94fa95cea84dd4b75fe3a99b14daf) Importer(815301076,1909f56bfc062723c751e8b465ee728b)  -> (artifact id: '0158ae4cc56ebd48adbc8e772be54046') in 0.037541 seconds 
========================================================================
Received Import Request.
  Time since last request: 0.000020 seconds.
  path: Assets/SPUM/UI/ODD_Basic/01_UI_Images/99_Icons/Icon_Skill.png
  artifactKey: Guid(4f16b0387611144e7ac73d43c7b1eeb0) Importer(815301076,1909f56bfc062723c751e8b465ee728b)
Start importing Assets/SPUM/UI/ODD_Basic/01_UI_Images/99_Icons/Icon_Skill.png using Guid(4f16b0387611144e7ac73d43c7b1eeb0) Importer(815301076,1909f56bfc062723c751e8b465ee728b)  -> (artifact id: '3eacba8f86ed017105608a5cbea0bee0') in 0.133490 seconds 
========================================================================
Received Import Request.
  Time since last request: 0.000023 seconds.
  path: Assets/SPUM/UI/ODD_Basic/01_UI_Images/99_Icons/Icon_Sword.png
  artifactKey: Guid(a2e6507b792264deb92aee0a38a3172e) Importer(815301076,1909f56bfc062723c751e8b465ee728b)
Start importing Assets/SPUM/UI/ODD_Basic/01_UI_Images/99_Icons/Icon_Sword.png using Guid(a2e6507b792264deb92aee0a38a3172e) Importer(815301076,1909f56bfc062723c751e8b465ee728b)  -> (artifact id: '3b788565a6ba657f80f3ccfb95f819b4') in 0.030783 seconds 
========================================================================
Received Import Request.
  Time since last request: 3.492139 seconds.
  path: Assets/SPUM/UI/ODD_Basic/01_UI_Images/01_Box&Btn
  artifactKey: Guid(ca3169e12a8cb49b08fc9431d4435078) Importer(815301076,1909f56bfc062723c751e8b465ee728b)
Start importing Assets/SPUM/UI/ODD_Basic/01_UI_Images/01_Box&Btn using Guid(ca3169e12a8cb49b08fc9431d4435078) Importer(815301076,1909f56bfc062723c751e8b465ee728b)  -> (artifact id: '373ab5cbd50dbc018447bc737a1709b8') in 0.001711 seconds 
========================================================================
Received Import Request.
  Time since last request: 0.073122 seconds.
  path: Assets/SPUM/UI/ODD_Basic/01_UI_Images/01_Box&Btn/Box_Banner.png
  artifactKey: Guid(a0bbaf7ca987346de9f30c1144a3944c) Importer(815301076,1909f56bfc062723c751e8b465ee728b)
Start importing Assets/SPUM/UI/ODD_Basic/01_UI_Images/01_Box&Btn/Box_Banner.png using Guid(a0bbaf7ca987346de9f30c1144a3944c) Importer(815301076,1909f56bfc062723c751e8b465ee728b)  -> (artifact id: 'c06ce1d15b7117be9c276949943332cd') in 0.013257 seconds 
========================================================================
Received Import Request.
  Time since last request: 0.000017 seconds.
  path: Assets/SPUM/UI/ODD_Basic/01_UI_Images/01_Box&Btn/Button_Basic1_WS.png
  artifactKey: Guid(dd0e9d0d872dd4d009bcb6bde72e2e60) Importer(815301076,1909f56bfc062723c751e8b465ee728b)
Start importing Assets/SPUM/UI/ODD_Basic/01_UI_Images/01_Box&Btn/Button_Basic1_WS.png using Guid(dd0e9d0d872dd4d009bcb6bde72e2e60) Importer(815301076,1909f56bfc062723c751e8b465ee728b)  -> (artifact id: '0880b7d7252d489d12476f59bd1df45e') in 0.012262 seconds 
========================================================================
Received Import Request.
  Time since last request: 0.000019 seconds.
  path: Assets/SPUM/UI/ODD_Basic/01_UI_Images/01_Box&Btn/Button_Basic3_WS.png
  artifactKey: Guid(c0304ee2b1ef74f33937142eeb2d9286) Importer(815301076,1909f56bfc062723c751e8b465ee728b)
Start importing Assets/SPUM/UI/ODD_Basic/01_UI_Images/01_Box&Btn/Button_Basic3_WS.png using Guid(c0304ee2b1ef74f33937142eeb2d9286) Importer(815301076,1909f56bfc062723c751e8b465ee728b)  -> (artifact id: 'a4d5b804701e928e78e9470e9137bb8f') in 0.013602 seconds 
========================================================================
Received Import Request.
  Time since last request: 0.000019 seconds.
  path: Assets/SPUM/UI/ODD_Basic/01_UI_Images/01_Box&Btn/Box_Icon1.png
  artifactKey: Guid(5c54479b677fb42e0b03a1cbf4c44264) Importer(815301076,1909f56bfc062723c751e8b465ee728b)
Start importing Assets/SPUM/UI/ODD_Basic/01_UI_Images/01_Box&Btn/Box_Icon1.png using Guid(5c54479b677fb42e0b03a1cbf4c44264) Importer(815301076,1909f56bfc062723c751e8b465ee728b)  -> (artifact id: 'ae7c25fb35100021db2d11ec36e9438f') in 0.013169 seconds 
========================================================================
Received Import Request.
  Time since last request: 0.000022 seconds.
  path: Assets/SPUM/UI/ODD_Basic/01_UI_Images/01_Box&Btn/Button_Basic1_15x15.png
  artifactKey: Guid(4c7cb137b1ebe40cdb0d0f6fb779e41e) Importer(815301076,1909f56bfc062723c751e8b465ee728b)
Start importing Assets/SPUM/UI/ODD_Basic/01_UI_Images/01_Box&Btn/Button_Basic1_15x15.png using Guid(4c7cb137b1ebe40cdb0d0f6fb779e41e) Importer(815301076,1909f56bfc062723c751e8b465ee728b)  -> (artifact id: '52a248a3dd138a4b38f1ffe193127b74') in 0.012820 seconds 
========================================================================
Received Import Request.
  Time since last request: 705.672101 seconds.
  path: Assets/AllIn1SpriteShader/Textures/NormalMaps/spaceSoldierNormalMap.png
  artifactKey: Guid(115ee11beb34a5247bc5bd53377a08f2) Importer(815301076,1909f56bfc062723c751e8b465ee728b)
Start importing Assets/AllIn1SpriteShader/Textures/NormalMaps/spaceSoldierNormalMap.png using Guid(115ee11beb34a5247bc5bd53377a08f2) Importer(815301076,1909f56bfc062723c751e8b465ee728b)  -> (artifact id: 'd6af2c1a7489dbd4172e795fa2f5952f') in 0.016174 seconds 
========================================================================
Received Import Request.
  Time since last request: 14.390757 seconds.
  path: Assets/Resources/Fonts/LanaPixel.ttf
  artifactKey: Guid(c0d915134ea4647408c0ac58e1421e25) Importer(815301076,1909f56bfc062723c751e8b465ee728b)
Start importing Assets/Resources/Fonts/LanaPixel.ttf using Guid(c0d915134ea4647408c0ac58e1421e25) Importer(815301076,1909f56bfc062723c751e8b465ee728b)  -> (artifact id: '630d7bf92748d9c5876ae2784fb3fe11') in 0.040541 seconds 
========================================================================
Received Import Request.
  Time since last request: 49.915144 seconds.
  path: Assets/Resources/Fonts/LanaPixel SDF.asset
  artifactKey: Guid(3f8a168ba2d3ded49abc79284ee5be73) Importer(815301076,1909f56bfc062723c751e8b465ee728b)
Start importing Assets/Resources/Fonts/LanaPixel SDF.asset using Guid(3f8a168ba2d3ded49abc79284ee5be73) Importer(815301076,1909f56bfc062723c751e8b465ee728b)  -> (artifact id: '2c49c5ed33697468d6c93f897cc7aaf2') in 0.271363 seconds 
========================================================================
Received Import Request.
  Time since last request: 27.347521 seconds.
  path: Assets/TextMesh Pro/Resources/Fonts & Materials/LiberationSans SDF - Fallback.asset
  artifactKey: Guid(2e498d1c8094910479dc3e1b768306a4) Importer(815301076,1909f56bfc062723c751e8b465ee728b)
Start importing Assets/TextMesh Pro/Resources/Fonts & Materials/LiberationSans SDF - Fallback.asset using Guid(2e498d1c8094910479dc3e1b768306a4) Importer(815301076,1909f56bfc062723c751e8b465ee728b)  -> (artifact id: '5c28b3de3f41815e44928fc1d1e8444e') in 0.020339 seconds 
